[0.869s] Invoking command in '/home/khj/Temi/build/temi_msgs': CMAKE_PREFIX_PATH=${CMAKE_PREFIX_PATH}:/home/khj/ros2_humble/install/rqt_bag_plugins:/home/khj/ros2_humble/install/rqt_bag:/home/khj/ros2_humble/install/ros2bag:/home/khj/ros2_humble/install/tracetools_test:/home/khj/ros2_humble/install/tracetools_launch:/home/khj/ros2_humble/install/topic_monitor:/home/khj/ros2_humble/install/tf2_tools:/home/khj/ros2_humble/install/examples_tf2_py:/home/khj/ros2_humble/install/tf2_ros_py:/home/khj/ros2_humble/install/sros2:/home/khj/ros2_humble/install/rqt_topic:/home/khj/ros2_humble/install/rqt_srv:/home/khj/ros2_humble/install/rqt_shell:/home/khj/ros2_humble/install/rqt_service_caller:/home/khj/ros2_humble/install/rqt_reconfigure:/home/khj/ros2_humble/install/rqt_py_console:/home/khj/ros2_humble/install/rqt_publisher:/home/khj/ros2_humble/install/rqt_plot:/home/khj/ros2_humble/install/rqt_action:/home/khj/ros2_humble/install/rqt_msg:/home/khj/ros2_humble/install/rqt_console:/home/khj/ros2_humble/install/rqt:/home/khj/ros2_humble/install/rqt_graph:/home/khj/ros2_humble/install/rqt_gui_py:/home/khj/ros2_humble/install/rqt_gui:/home/khj/ros2_humble/install/ros2trace:/home/khj/ros2_humble/install/ros2topic:/home/khj/ros2_humble/install/ros2test:/home/khj/ros2_humble/install/ros2component:/home/khj/ros2_humble/install/ros2param:/home/khj/ros2_humble/install/ros2lifecycle:/home/khj/ros2_humble/install/ros2service:/home/khj/ros2_humble/install/ros2run:/home/khj/ros2_humble/install/ros2launch:/home/khj/ros2_humble/install/ros2pkg:/home/khj/ros2_humble/install/ros2node:/home/khj/ros2_humble/install/ros2multicast:/home/khj/ros2_humble/install/ros2interface:/home/khj/ros2_humble/install/ros2doctor:/home/khj/ros2_humble/install/ros2action:/home/khj/ros2_humble/install/ros2cli:/home/khj/ros2_humble/install/quality_of_service_demo_py:/home/khj/ros2_humble/install/lifecycle_py:/home/khj/ros2_humble/install/launch_testing_ros:/home/khj/ros2_humble/install/launch_ros:/home/khj/ros2_humble/install/examples_rclpy_pointcloud_publisher:/home/khj/ros2_humble/install/examples_rclpy_minimal_subscriber:/home/khj/ros2_humble/install/examples_rclpy_minimal_service:/home/khj/ros2_humble/install/examples_rclpy_minimal_publisher:/home/khj/ros2_humble/install/examples_rclpy_minimal_client:/home/khj/ros2_humble/install/examples_rclpy_minimal_action_server:/home/khj/ros2_humble/install/examples_rclpy_minimal_action_client:/home/khj/ros2_humble/install/examples_rclpy_guard_conditions:/home/khj/ros2_humble/install/examples_rclpy_executors:/home/khj/ros2_humble/install/demo_nodes_py:/home/khj/ros2_humble/install/action_tutorials_py:/home/khj/ros2_humble/install/ament_uncrustify:/home/khj/ros2_humble/install/tracetools_trace:/home/khj/ros2_humble/install/tracetools_read:/home/khj/ros2_humble/install/test_tracetools_launch:/home/khj/ros2_humble/install/test_launch_ros:/home/khj/ros2_humble/install/sensor_msgs_py:/home/khj/ros2_humble/install/rpyutils:/home/khj/ros2_humble/install/rosidl_runtime_py:/home/khj/ros2_humble/install/rosidl_cli:/home/khj/ros2_humble/install/launch_pytest:/home/khj/ros2_humble/install/launch_testing:/home/khj/ros2_humble/install/launch_yaml:/home/khj/ros2_humble/install/launch_xml:/home/khj/ros2_humble/install/launch:/home/khj/ros2_humble/install/osrf_pycommon:/home/khj/ros2_humble/install/launch_testing_examples:/home/khj/ros2_humble/install/domain_coordinator:/home/khj/ros2_humble/install/ament_xmllint:/home/khj/ros2_humble/install/ament_pyflakes:/home/khj/ros2_humble/install/ament_pycodestyle:/home/khj/ros2_humble/install/ament_pep257:/home/khj/ros2_humble/install/ament_pclint:/home/khj/ros2_humble/install/ament_package:/home/khj/ros2_humble/install/ament_mypy:/home/khj/ros2_humble/install/ament_lint_cmake:/home/khj/ros2_humble/install/ament_flake8:/home/khj/ros2_humble/install/ament_copyright:/home/khj/ros2_humble/install/ament_lint:/home/khj/ros2_humble/install/ament_index_python:/home/khj/ros2_humble/install/ament_cpplint:/home/khj/ros2_humble/install/ament_cppcheck:/home/khj/ros2_humble/install/ament_clang_tidy:/home/khj/ros2_humble/install/ament_clang_format /usr/bin/cmake --build /home/khj/Temi/build/temi_msgs -- -j4 -l4
[1.068s] [  9%] Built target temi_msgs__rosidl_generator_c
[1.115s] [ 12%] Built target temi_msgs__cpp
[1.170s] [ 22%] Built target temi_msgs__rosidl_typesupport_introspection_c
[1.192s] [ 22%] Built target ament_cmake_python_copy_temi_msgs
[1.225s] [ 32%] Built target temi_msgs__rosidl_typesupport_fastrtps_c
[1.255s] [ 41%] Built target temi_msgs__rosidl_typesupport_c
[1.285s] [ 51%] Built target temi_msgs__rosidl_typesupport_fastrtps_cpp
[1.301s] [ 61%] Built target temi_msgs__rosidl_typesupport_cpp
[1.359s] [ 70%] Built target temi_msgs__rosidl_typesupport_introspection_cpp
[1.441s] [ 70%] Built target temi_msgs
[1.526s] [ 74%] Built target temi_msgs__py
[1.734s] [ 80%] Built target temi_msgs__rosidl_generator_py
[1.873s] [ 87%] Built target temi_msgs__rosidl_typesupport_introspection_c__pyext
[1.893s] [ 93%] Built target temi_msgs__rosidl_typesupport_fastrtps_c__pyext
[1.906s] [100%] Built target temi_msgs__rosidl_typesupport_c__pyext
[2.094s] running egg_info
[2.094s] writing temi_msgs.egg-info/PKG-INFO
[2.095s] writing dependency_links to temi_msgs.egg-info/dependency_links.txt
[2.095s] writing top-level names to temi_msgs.egg-info/top_level.txt
[2.098s] reading manifest file 'temi_msgs.egg-info/SOURCES.txt'
[2.098s] writing manifest file 'temi_msgs.egg-info/SOURCES.txt'
[2.170s] [100%] Built target ament_cmake_python_build_temi_msgs_egg
[2.209s] Invoked command in '/home/khj/Temi/build/temi_msgs' returned '0': CMAKE_PREFIX_PATH=${CMAKE_PREFIX_PATH}:/home/khj/ros2_humble/install/rqt_bag_plugins:/home/khj/ros2_humble/install/rqt_bag:/home/khj/ros2_humble/install/ros2bag:/home/khj/ros2_humble/install/tracetools_test:/home/khj/ros2_humble/install/tracetools_launch:/home/khj/ros2_humble/install/topic_monitor:/home/khj/ros2_humble/install/tf2_tools:/home/khj/ros2_humble/install/examples_tf2_py:/home/khj/ros2_humble/install/tf2_ros_py:/home/khj/ros2_humble/install/sros2:/home/khj/ros2_humble/install/rqt_topic:/home/khj/ros2_humble/install/rqt_srv:/home/khj/ros2_humble/install/rqt_shell:/home/khj/ros2_humble/install/rqt_service_caller:/home/khj/ros2_humble/install/rqt_reconfigure:/home/khj/ros2_humble/install/rqt_py_console:/home/khj/ros2_humble/install/rqt_publisher:/home/khj/ros2_humble/install/rqt_plot:/home/khj/ros2_humble/install/rqt_action:/home/khj/ros2_humble/install/rqt_msg:/home/khj/ros2_humble/install/rqt_console:/home/khj/ros2_humble/install/rqt:/home/khj/ros2_humble/install/rqt_graph:/home/khj/ros2_humble/install/rqt_gui_py:/home/khj/ros2_humble/install/rqt_gui:/home/khj/ros2_humble/install/ros2trace:/home/khj/ros2_humble/install/ros2topic:/home/khj/ros2_humble/install/ros2test:/home/khj/ros2_humble/install/ros2component:/home/khj/ros2_humble/install/ros2param:/home/khj/ros2_humble/install/ros2lifecycle:/home/khj/ros2_humble/install/ros2service:/home/khj/ros2_humble/install/ros2run:/home/khj/ros2_humble/install/ros2launch:/home/khj/ros2_humble/install/ros2pkg:/home/khj/ros2_humble/install/ros2node:/home/khj/ros2_humble/install/ros2multicast:/home/khj/ros2_humble/install/ros2interface:/home/khj/ros2_humble/install/ros2doctor:/home/khj/ros2_humble/install/ros2action:/home/khj/ros2_humble/install/ros2cli:/home/khj/ros2_humble/install/quality_of_service_demo_py:/home/khj/ros2_humble/install/lifecycle_py:/home/khj/ros2_humble/install/launch_testing_ros:/home/khj/ros2_humble/install/launch_ros:/home/khj/ros2_humble/install/examples_rclpy_pointcloud_publisher:/home/khj/ros2_humble/install/examples_rclpy_minimal_subscriber:/home/khj/ros2_humble/install/examples_rclpy_minimal_service:/home/khj/ros2_humble/install/examples_rclpy_minimal_publisher:/home/khj/ros2_humble/install/examples_rclpy_minimal_client:/home/khj/ros2_humble/install/examples_rclpy_minimal_action_server:/home/khj/ros2_humble/install/examples_rclpy_minimal_action_client:/home/khj/ros2_humble/install/examples_rclpy_guard_conditions:/home/khj/ros2_humble/install/examples_rclpy_executors:/home/khj/ros2_humble/install/demo_nodes_py:/home/khj/ros2_humble/install/action_tutorials_py:/home/khj/ros2_humble/install/ament_uncrustify:/home/khj/ros2_humble/install/tracetools_trace:/home/khj/ros2_humble/install/tracetools_read:/home/khj/ros2_humble/install/test_tracetools_launch:/home/khj/ros2_humble/install/test_launch_ros:/home/khj/ros2_humble/install/sensor_msgs_py:/home/khj/ros2_humble/install/rpyutils:/home/khj/ros2_humble/install/rosidl_runtime_py:/home/khj/ros2_humble/install/rosidl_cli:/home/khj/ros2_humble/install/launch_pytest:/home/khj/ros2_humble/install/launch_testing:/home/khj/ros2_humble/install/launch_yaml:/home/khj/ros2_humble/install/launch_xml:/home/khj/ros2_humble/install/launch:/home/khj/ros2_humble/install/osrf_pycommon:/home/khj/ros2_humble/install/launch_testing_examples:/home/khj/ros2_humble/install/domain_coordinator:/home/khj/ros2_humble/install/ament_xmllint:/home/khj/ros2_humble/install/ament_pyflakes:/home/khj/ros2_humble/install/ament_pycodestyle:/home/khj/ros2_humble/install/ament_pep257:/home/khj/ros2_humble/install/ament_pclint:/home/khj/ros2_humble/install/ament_package:/home/khj/ros2_humble/install/ament_mypy:/home/khj/ros2_humble/install/ament_lint_cmake:/home/khj/ros2_humble/install/ament_flake8:/home/khj/ros2_humble/install/ament_copyright:/home/khj/ros2_humble/install/ament_lint:/home/khj/ros2_humble/install/ament_index_python:/home/khj/ros2_humble/install/ament_cpplint:/home/khj/ros2_humble/install/ament_cppcheck:/home/khj/ros2_humble/install/ament_clang_tidy:/home/khj/ros2_humble/install/ament_clang_format /usr/bin/cmake --build /home/khj/Temi/build/temi_msgs -- -j4 -l4
[2.657s] Invoking command in '/home/khj/Temi/build/temi_msgs': CMAKE_PREFIX_PATH=${CMAKE_PREFIX_PATH}:/home/khj/ros2_humble/install/rqt_bag_plugins:/home/khj/ros2_humble/install/rqt_bag:/home/khj/ros2_humble/install/ros2bag:/home/khj/ros2_humble/install/tracetools_test:/home/khj/ros2_humble/install/tracetools_launch:/home/khj/ros2_humble/install/topic_monitor:/home/khj/ros2_humble/install/tf2_tools:/home/khj/ros2_humble/install/examples_tf2_py:/home/khj/ros2_humble/install/tf2_ros_py:/home/khj/ros2_humble/install/sros2:/home/khj/ros2_humble/install/rqt_topic:/home/khj/ros2_humble/install/rqt_srv:/home/khj/ros2_humble/install/rqt_shell:/home/khj/ros2_humble/install/rqt_service_caller:/home/khj/ros2_humble/install/rqt_reconfigure:/home/khj/ros2_humble/install/rqt_py_console:/home/khj/ros2_humble/install/rqt_publisher:/home/khj/ros2_humble/install/rqt_plot:/home/khj/ros2_humble/install/rqt_action:/home/khj/ros2_humble/install/rqt_msg:/home/khj/ros2_humble/install/rqt_console:/home/khj/ros2_humble/install/rqt:/home/khj/ros2_humble/install/rqt_graph:/home/khj/ros2_humble/install/rqt_gui_py:/home/khj/ros2_humble/install/rqt_gui:/home/khj/ros2_humble/install/ros2trace:/home/khj/ros2_humble/install/ros2topic:/home/khj/ros2_humble/install/ros2test:/home/khj/ros2_humble/install/ros2component:/home/khj/ros2_humble/install/ros2param:/home/khj/ros2_humble/install/ros2lifecycle:/home/khj/ros2_humble/install/ros2service:/home/khj/ros2_humble/install/ros2run:/home/khj/ros2_humble/install/ros2launch:/home/khj/ros2_humble/install/ros2pkg:/home/khj/ros2_humble/install/ros2node:/home/khj/ros2_humble/install/ros2multicast:/home/khj/ros2_humble/install/ros2interface:/home/khj/ros2_humble/install/ros2doctor:/home/khj/ros2_humble/install/ros2action:/home/khj/ros2_humble/install/ros2cli:/home/khj/ros2_humble/install/quality_of_service_demo_py:/home/khj/ros2_humble/install/lifecycle_py:/home/khj/ros2_humble/install/launch_testing_ros:/home/khj/ros2_humble/install/launch_ros:/home/khj/ros2_humble/install/examples_rclpy_pointcloud_publisher:/home/khj/ros2_humble/install/examples_rclpy_minimal_subscriber:/home/khj/ros2_humble/install/examples_rclpy_minimal_service:/home/khj/ros2_humble/install/examples_rclpy_minimal_publisher:/home/khj/ros2_humble/install/examples_rclpy_minimal_client:/home/khj/ros2_humble/install/examples_rclpy_minimal_action_server:/home/khj/ros2_humble/install/examples_rclpy_minimal_action_client:/home/khj/ros2_humble/install/examples_rclpy_guard_conditions:/home/khj/ros2_humble/install/examples_rclpy_executors:/home/khj/ros2_humble/install/demo_nodes_py:/home/khj/ros2_humble/install/action_tutorials_py:/home/khj/ros2_humble/install/ament_uncrustify:/home/khj/ros2_humble/install/tracetools_trace:/home/khj/ros2_humble/install/tracetools_read:/home/khj/ros2_humble/install/test_tracetools_launch:/home/khj/ros2_humble/install/test_launch_ros:/home/khj/ros2_humble/install/sensor_msgs_py:/home/khj/ros2_humble/install/rpyutils:/home/khj/ros2_humble/install/rosidl_runtime_py:/home/khj/ros2_humble/install/rosidl_cli:/home/khj/ros2_humble/install/launch_pytest:/home/khj/ros2_humble/install/launch_testing:/home/khj/ros2_humble/install/launch_yaml:/home/khj/ros2_humble/install/launch_xml:/home/khj/ros2_humble/install/launch:/home/khj/ros2_humble/install/osrf_pycommon:/home/khj/ros2_humble/install/launch_testing_examples:/home/khj/ros2_humble/install/domain_coordinator:/home/khj/ros2_humble/install/ament_xmllint:/home/khj/ros2_humble/install/ament_pyflakes:/home/khj/ros2_humble/install/ament_pycodestyle:/home/khj/ros2_humble/install/ament_pep257:/home/khj/ros2_humble/install/ament_pclint:/home/khj/ros2_humble/install/ament_package:/home/khj/ros2_humble/install/ament_mypy:/home/khj/ros2_humble/install/ament_lint_cmake:/home/khj/ros2_humble/install/ament_flake8:/home/khj/ros2_humble/install/ament_copyright:/home/khj/ros2_humble/install/ament_lint:/home/khj/ros2_humble/install/ament_index_python:/home/khj/ros2_humble/install/ament_cpplint:/home/khj/ros2_humble/install/ament_cppcheck:/home/khj/ros2_humble/install/ament_clang_tidy:/home/khj/ros2_humble/install/ament_clang_format /usr/bin/cmake --install /home/khj/Temi/build/temi_msgs
[2.683s] -- Install configuration: ""
[2.683s] -- Up-to-date: /home/khj/Temi/install/temi_msgs/share/ament_index/resource_index/rosidl_interfaces/temi_msgs
[2.683s] -- Up-to-date: /home/khj/Temi/install/temi_msgs/include/temi_msgs/temi_msgs
[2.684s] -- Up-to-date: /home/khj/Temi/install/temi_msgs/include/temi_msgs/temi_msgs/msg
[2.684s] -- Up-to-date: /home/khj/Temi/install/temi_msgs/include/temi_msgs/temi_msgs/msg/detail
[2.684s] -- Up-to-date: /home/khj/Temi/install/temi_msgs/include/temi_msgs/temi_msgs/msg/detail/motor_control__type_support.h
[2.684s] -- Up-to-date: /home/khj/Temi/install/temi_msgs/include/temi_msgs/temi_msgs/msg/detail/motor_control__functions.h
[2.684s] -- Up-to-date: /home/khj/Temi/install/temi_msgs/include/temi_msgs/temi_msgs/msg/detail/motor_control__functions.c
[2.684s] -- Up-to-date: /home/khj/Temi/install/temi_msgs/include/temi_msgs/temi_msgs/msg/detail/motor_control__struct.h
[2.684s] -- Up-to-date: /home/khj/Temi/install/temi_msgs/include/temi_msgs/temi_msgs/msg/motor_control.h
[2.684s] -- Up-to-date: /home/khj/Temi/install/temi_msgs/include/temi_msgs/temi_msgs/msg/rosidl_generator_c__visibility_control.h
[2.684s] -- Up-to-date: /home/khj/Temi/install/temi_msgs/share/temi_msgs/environment/library_path.sh
[2.684s] -- Up-to-date: /home/khj/Temi/install/temi_msgs/share/temi_msgs/environment/library_path.dsv
[2.684s] -- Up-to-date: /home/khj/Temi/install/temi_msgs/lib/libtemi_msgs__rosidl_generator_c.so
[2.684s] -- Up-to-date: /home/khj/Temi/install/temi_msgs/include/temi_msgs/temi_msgs
[2.685s] -- Up-to-date: /home/khj/Temi/install/temi_msgs/include/temi_msgs/temi_msgs/msg
[2.685s] -- Up-to-date: /home/khj/Temi/install/temi_msgs/include/temi_msgs/temi_msgs/msg/rosidl_typesupport_introspection_c__visibility_control.h
[2.685s] -- Up-to-date: /home/khj/Temi/install/temi_msgs/include/temi_msgs/temi_msgs/msg/detail
[2.685s] -- Up-to-date: /home/khj/Temi/install/temi_msgs/include/temi_msgs/temi_msgs/msg/detail/motor_control__type_support.c
[2.685s] -- Up-to-date: /home/khj/Temi/install/temi_msgs/include/temi_msgs/temi_msgs/msg/detail/motor_control__rosidl_typesupport_introspection_c.h
[2.685s] -- Up-to-date: /home/khj/Temi/install/temi_msgs/lib/libtemi_msgs__rosidl_typesupport_introspection_c.so
[2.685s] -- Up-to-date: /home/khj/Temi/install/temi_msgs/include/temi_msgs/temi_msgs
[2.685s] -- Up-to-date: /home/khj/Temi/install/temi_msgs/include/temi_msgs/temi_msgs/msg
[2.685s] -- Up-to-date: /home/khj/Temi/install/temi_msgs/include/temi_msgs/temi_msgs/msg/detail
[2.686s] -- Up-to-date: /home/khj/Temi/install/temi_msgs/include/temi_msgs/temi_msgs/msg/detail/motor_control__rosidl_typesupport_fastrtps_c.h
[2.686s] -- Up-to-date: /home/khj/Temi/install/temi_msgs/include/temi_msgs/temi_msgs/msg/rosidl_typesupport_fastrtps_c__visibility_control.h
[2.686s] -- Up-to-date: /home/khj/Temi/install/temi_msgs/lib/libtemi_msgs__rosidl_typesupport_fastrtps_c.so
[2.686s] -- Up-to-date: /home/khj/Temi/install/temi_msgs/lib/libtemi_msgs__rosidl_typesupport_c.so
[2.686s] -- Up-to-date: /home/khj/Temi/install/temi_msgs/include/temi_msgs/temi_msgs
[2.687s] -- Up-to-date: /home/khj/Temi/install/temi_msgs/include/temi_msgs/temi_msgs/msg
[2.687s] -- Up-to-date: /home/khj/Temi/install/temi_msgs/include/temi_msgs/temi_msgs/msg/motor_control.hpp
[2.687s] -- Up-to-date: /home/khj/Temi/install/temi_msgs/include/temi_msgs/temi_msgs/msg/detail
[2.687s] -- Up-to-date: /home/khj/Temi/install/temi_msgs/include/temi_msgs/temi_msgs/msg/detail/motor_control__struct.hpp
[2.687s] -- Up-to-date: /home/khj/Temi/install/temi_msgs/include/temi_msgs/temi_msgs/msg/detail/motor_control__builder.hpp
[2.687s] -- Up-to-date: /home/khj/Temi/install/temi_msgs/include/temi_msgs/temi_msgs/msg/detail/motor_control__traits.hpp
[2.687s] -- Up-to-date: /home/khj/Temi/install/temi_msgs/include/temi_msgs/temi_msgs
[2.687s] -- Up-to-date: /home/khj/Temi/install/temi_msgs/include/temi_msgs/temi_msgs/msg
[2.687s] -- Up-to-date: /home/khj/Temi/install/temi_msgs/include/temi_msgs/temi_msgs/msg/detail
[2.687s] -- Up-to-date: /home/khj/Temi/install/temi_msgs/include/temi_msgs/temi_msgs/msg/detail/motor_control__rosidl_typesupport_introspection_cpp.hpp
[2.687s] -- Up-to-date: /home/khj/Temi/install/temi_msgs/include/temi_msgs/temi_msgs/msg/detail/motor_control__type_support.cpp
[2.688s] -- Up-to-date: /home/khj/Temi/install/temi_msgs/lib/libtemi_msgs__rosidl_typesupport_introspection_cpp.so
[2.688s] -- Up-to-date: /home/khj/Temi/install/temi_msgs/include/temi_msgs/temi_msgs
[2.688s] -- Up-to-date: /home/khj/Temi/install/temi_msgs/include/temi_msgs/temi_msgs/msg
[2.688s] -- Up-to-date: /home/khj/Temi/install/temi_msgs/include/temi_msgs/temi_msgs/msg/rosidl_typesupport_fastrtps_cpp__visibility_control.h
[2.688s] -- Up-to-date: /home/khj/Temi/install/temi_msgs/include/temi_msgs/temi_msgs/msg/detail
[2.688s] -- Up-to-date: /home/khj/Temi/install/temi_msgs/include/temi_msgs/temi_msgs/msg/detail/dds_fastrtps
[2.688s] -- Up-to-date: /home/khj/Temi/install/temi_msgs/include/temi_msgs/temi_msgs/msg/detail/motor_control__rosidl_typesupport_fastrtps_cpp.hpp
[2.688s] -- Up-to-date: /home/khj/Temi/install/temi_msgs/lib/libtemi_msgs__rosidl_typesupport_fastrtps_cpp.so
[2.689s] -- Up-to-date: /home/khj/Temi/install/temi_msgs/lib/libtemi_msgs__rosidl_typesupport_cpp.so
[2.689s] -- Up-to-date: /home/khj/Temi/install/temi_msgs/share/temi_msgs/environment/pythonpath.sh
[2.689s] -- Up-to-date: /home/khj/Temi/install/temi_msgs/share/temi_msgs/environment/pythonpath.dsv
[2.689s] -- Up-to-date: /home/khj/Temi/install/temi_msgs/local/lib/python3.10/dist-packages/temi_msgs-0.0.1-py3.10.egg-info
[2.689s] -- Installing: /home/khj/Temi/install/temi_msgs/local/lib/python3.10/dist-packages/temi_msgs-0.0.1-py3.10.egg-info/PKG-INFO
[2.690s] -- Installing: /home/khj/Temi/install/temi_msgs/local/lib/python3.10/dist-packages/temi_msgs-0.0.1-py3.10.egg-info/dependency_links.txt
[2.690s] -- Installing: /home/khj/Temi/install/temi_msgs/local/lib/python3.10/dist-packages/temi_msgs-0.0.1-py3.10.egg-info/SOURCES.txt
[2.690s] -- Installing: /home/khj/Temi/install/temi_msgs/local/lib/python3.10/dist-packages/temi_msgs-0.0.1-py3.10.egg-info/top_level.txt
[2.690s] -- Up-to-date: /home/khj/Temi/install/temi_msgs/local/lib/python3.10/dist-packages/temi_msgs
[2.690s] -- Up-to-date: /home/khj/Temi/install/temi_msgs/local/lib/python3.10/dist-packages/temi_msgs/temi_msgs_s__rosidl_typesupport_fastrtps_c.cpython-310-x86_64-linux-gnu.so
[2.690s] -- Up-to-date: /home/khj/Temi/install/temi_msgs/local/lib/python3.10/dist-packages/temi_msgs/msg
[2.691s] -- Up-to-date: /home/khj/Temi/install/temi_msgs/local/lib/python3.10/dist-packages/temi_msgs/msg/_motor_control.py
[2.691s] -- Up-to-date: /home/khj/Temi/install/temi_msgs/local/lib/python3.10/dist-packages/temi_msgs/msg/_motor_control_s.c
[2.691s] -- Up-to-date: /home/khj/Temi/install/temi_msgs/local/lib/python3.10/dist-packages/temi_msgs/msg/__init__.py
[2.691s] -- Up-to-date: /home/khj/Temi/install/temi_msgs/local/lib/python3.10/dist-packages/temi_msgs/_temi_msgs_s.ep.rosidl_typesupport_introspection_c.c
[2.691s] -- Up-to-date: /home/khj/Temi/install/temi_msgs/local/lib/python3.10/dist-packages/temi_msgs/temi_msgs_s__rosidl_typesupport_c.cpython-310-x86_64-linux-gnu.so
[2.691s] -- Up-to-date: /home/khj/Temi/install/temi_msgs/local/lib/python3.10/dist-packages/temi_msgs/_temi_msgs_s.ep.rosidl_typesupport_fastrtps_c.c
[2.691s] -- Up-to-date: /home/khj/Temi/install/temi_msgs/local/lib/python3.10/dist-packages/temi_msgs/temi_msgs_s__rosidl_typesupport_introspection_c.cpython-310-x86_64-linux-gnu.so
[2.691s] -- Up-to-date: /home/khj/Temi/install/temi_msgs/local/lib/python3.10/dist-packages/temi_msgs/libtemi_msgs__rosidl_generator_py.so
[2.691s] -- Up-to-date: /home/khj/Temi/install/temi_msgs/local/lib/python3.10/dist-packages/temi_msgs/_temi_msgs_s.ep.rosidl_typesupport_c.c
[2.692s] -- Up-to-date: /home/khj/Temi/install/temi_msgs/local/lib/python3.10/dist-packages/temi_msgs/__init__.py
[2.887s] Listing '/home/khj/Temi/install/temi_msgs/local/lib/python3.10/dist-packages/temi_msgs'...
[2.887s] Listing '/home/khj/Temi/install/temi_msgs/local/lib/python3.10/dist-packages/temi_msgs/msg'...
[2.892s] -- Up-to-date: /home/khj/Temi/install/temi_msgs/local/lib/python3.10/dist-packages/temi_msgs/temi_msgs_s__rosidl_typesupport_introspection_c.cpython-310-x86_64-linux-gnu.so
[2.892s] -- Up-to-date: /home/khj/Temi/install/temi_msgs/local/lib/python3.10/dist-packages/temi_msgs/temi_msgs_s__rosidl_typesupport_fastrtps_c.cpython-310-x86_64-linux-gnu.so
[2.893s] -- Up-to-date: /home/khj/Temi/install/temi_msgs/local/lib/python3.10/dist-packages/temi_msgs/temi_msgs_s__rosidl_typesupport_c.cpython-310-x86_64-linux-gnu.so
[2.893s] -- Up-to-date: /home/khj/Temi/install/temi_msgs/lib/libtemi_msgs__rosidl_generator_py.so
[2.893s] -- Up-to-date: /home/khj/Temi/install/temi_msgs/share/temi_msgs/msg/MotorControl.idl
[2.894s] -- Up-to-date: /home/khj/Temi/install/temi_msgs/share/temi_msgs/msg/MotorControl.msg
[2.894s] -- Up-to-date: /home/khj/Temi/install/temi_msgs/share/ament_index/resource_index/package_run_dependencies/temi_msgs
[2.894s] -- Up-to-date: /home/khj/Temi/install/temi_msgs/share/ament_index/resource_index/parent_prefix_path/temi_msgs
[2.894s] -- Up-to-date: /home/khj/Temi/install/temi_msgs/share/temi_msgs/environment/ament_prefix_path.dsv
[2.895s] -- Up-to-date: /home/khj/Temi/install/temi_msgs/share/temi_msgs/environment/path.dsv
[2.895s] -- Up-to-date: /home/khj/Temi/install/temi_msgs/share/temi_msgs/local_setup.bash
[2.895s] -- Up-to-date: /home/khj/Temi/install/temi_msgs/share/temi_msgs/local_setup.sh
[2.895s] -- Up-to-date: /home/khj/Temi/install/temi_msgs/share/temi_msgs/local_setup.zsh
[2.896s] -- Up-to-date: /home/khj/Temi/install/temi_msgs/share/temi_msgs/local_setup.dsv
[2.896s] -- Installing: /home/khj/Temi/install/temi_msgs/share/temi_msgs/package.dsv
[2.896s] -- Up-to-date: /home/khj/Temi/install/temi_msgs/share/ament_index/resource_index/packages/temi_msgs
[2.896s] -- Up-to-date: /home/khj/Temi/install/temi_msgs/share/temi_msgs/cmake/export_temi_msgs__rosidl_generator_cExport.cmake
[2.897s] -- Up-to-date: /home/khj/Temi/install/temi_msgs/share/temi_msgs/cmake/export_temi_msgs__rosidl_generator_cExport-noconfig.cmake
[2.897s] -- Up-to-date: /home/khj/Temi/install/temi_msgs/share/temi_msgs/cmake/temi_msgs__rosidl_typesupport_introspection_cExport.cmake
[2.897s] -- Up-to-date: /home/khj/Temi/install/temi_msgs/share/temi_msgs/cmake/temi_msgs__rosidl_typesupport_introspection_cExport-noconfig.cmake
[2.897s] -- Up-to-date: /home/khj/Temi/install/temi_msgs/share/temi_msgs/cmake/export_temi_msgs__rosidl_typesupport_fastrtps_cExport.cmake
[2.898s] -- Up-to-date: /home/khj/Temi/install/temi_msgs/share/temi_msgs/cmake/export_temi_msgs__rosidl_typesupport_fastrtps_cExport-noconfig.cmake
[2.898s] -- Up-to-date: /home/khj/Temi/install/temi_msgs/share/temi_msgs/cmake/temi_msgs__rosidl_typesupport_cExport.cmake
[2.898s] -- Up-to-date: /home/khj/Temi/install/temi_msgs/share/temi_msgs/cmake/temi_msgs__rosidl_typesupport_cExport-noconfig.cmake
[2.898s] -- Up-to-date: /home/khj/Temi/install/temi_msgs/share/temi_msgs/cmake/export_temi_msgs__rosidl_generator_cppExport.cmake
[2.899s] -- Up-to-date: /home/khj/Temi/install/temi_msgs/share/temi_msgs/cmake/temi_msgs__rosidl_typesupport_introspection_cppExport.cmake
[2.899s] -- Up-to-date: /home/khj/Temi/install/temi_msgs/share/temi_msgs/cmake/temi_msgs__rosidl_typesupport_introspection_cppExport-noconfig.cmake
[2.899s] -- Up-to-date: /home/khj/Temi/install/temi_msgs/share/temi_msgs/cmake/export_temi_msgs__rosidl_typesupport_fastrtps_cppExport.cmake
[2.899s] -- Up-to-date: /home/khj/Temi/install/temi_msgs/share/temi_msgs/cmake/export_temi_msgs__rosidl_typesupport_fastrtps_cppExport-noconfig.cmake
[2.899s] -- Up-to-date: /home/khj/Temi/install/temi_msgs/share/temi_msgs/cmake/temi_msgs__rosidl_typesupport_cppExport.cmake
[2.900s] -- Up-to-date: /home/khj/Temi/install/temi_msgs/share/temi_msgs/cmake/temi_msgs__rosidl_typesupport_cppExport-noconfig.cmake
[2.900s] -- Up-to-date: /home/khj/Temi/install/temi_msgs/share/temi_msgs/cmake/export_temi_msgs__rosidl_generator_pyExport.cmake
[2.900s] -- Up-to-date: /home/khj/Temi/install/temi_msgs/share/temi_msgs/cmake/export_temi_msgs__rosidl_generator_pyExport-noconfig.cmake
[2.900s] -- Up-to-date: /home/khj/Temi/install/temi_msgs/share/temi_msgs/cmake/rosidl_cmake-extras.cmake
[2.900s] -- Up-to-date: /home/khj/Temi/install/temi_msgs/share/temi_msgs/cmake/ament_cmake_export_include_directories-extras.cmake
[2.901s] -- Up-to-date: /home/khj/Temi/install/temi_msgs/share/temi_msgs/cmake/ament_cmake_export_libraries-extras.cmake
[2.901s] -- Up-to-date: /home/khj/Temi/install/temi_msgs/share/temi_msgs/cmake/ament_cmake_export_targets-extras.cmake
[2.901s] -- Up-to-date: /home/khj/Temi/install/temi_msgs/share/temi_msgs/cmake/rosidl_cmake_export_typesupport_targets-extras.cmake
[2.901s] -- Up-to-date: /home/khj/Temi/install/temi_msgs/share/temi_msgs/cmake/ament_cmake_export_dependencies-extras.cmake
[2.901s] -- Up-to-date: /home/khj/Temi/install/temi_msgs/share/temi_msgs/cmake/rosidl_cmake_export_typesupport_libraries-extras.cmake
[2.901s] -- Up-to-date: /home/khj/Temi/install/temi_msgs/share/temi_msgs/cmake/temi_msgsConfig.cmake
[2.902s] -- Up-to-date: /home/khj/Temi/install/temi_msgs/share/temi_msgs/cmake/temi_msgsConfig-version.cmake
[2.902s] -- Up-to-date: /home/khj/Temi/install/temi_msgs/share/temi_msgs/package.xml
[2.919s] Invoked command in '/home/khj/Temi/build/temi_msgs' returned '0': CMAKE_PREFIX_PATH=${CMAKE_PREFIX_PATH}:/home/khj/ros2_humble/install/rqt_bag_plugins:/home/khj/ros2_humble/install/rqt_bag:/home/khj/ros2_humble/install/ros2bag:/home/khj/ros2_humble/install/tracetools_test:/home/khj/ros2_humble/install/tracetools_launch:/home/khj/ros2_humble/install/topic_monitor:/home/khj/ros2_humble/install/tf2_tools:/home/khj/ros2_humble/install/examples_tf2_py:/home/khj/ros2_humble/install/tf2_ros_py:/home/khj/ros2_humble/install/sros2:/home/khj/ros2_humble/install/rqt_topic:/home/khj/ros2_humble/install/rqt_srv:/home/khj/ros2_humble/install/rqt_shell:/home/khj/ros2_humble/install/rqt_service_caller:/home/khj/ros2_humble/install/rqt_reconfigure:/home/khj/ros2_humble/install/rqt_py_console:/home/khj/ros2_humble/install/rqt_publisher:/home/khj/ros2_humble/install/rqt_plot:/home/khj/ros2_humble/install/rqt_action:/home/khj/ros2_humble/install/rqt_msg:/home/khj/ros2_humble/install/rqt_console:/home/khj/ros2_humble/install/rqt:/home/khj/ros2_humble/install/rqt_graph:/home/khj/ros2_humble/install/rqt_gui_py:/home/khj/ros2_humble/install/rqt_gui:/home/khj/ros2_humble/install/ros2trace:/home/khj/ros2_humble/install/ros2topic:/home/khj/ros2_humble/install/ros2test:/home/khj/ros2_humble/install/ros2component:/home/khj/ros2_humble/install/ros2param:/home/khj/ros2_humble/install/ros2lifecycle:/home/khj/ros2_humble/install/ros2service:/home/khj/ros2_humble/install/ros2run:/home/khj/ros2_humble/install/ros2launch:/home/khj/ros2_humble/install/ros2pkg:/home/khj/ros2_humble/install/ros2node:/home/khj/ros2_humble/install/ros2multicast:/home/khj/ros2_humble/install/ros2interface:/home/khj/ros2_humble/install/ros2doctor:/home/khj/ros2_humble/install/ros2action:/home/khj/ros2_humble/install/ros2cli:/home/khj/ros2_humble/install/quality_of_service_demo_py:/home/khj/ros2_humble/install/lifecycle_py:/home/khj/ros2_humble/install/launch_testing_ros:/home/khj/ros2_humble/install/launch_ros:/home/khj/ros2_humble/install/examples_rclpy_pointcloud_publisher:/home/khj/ros2_humble/install/examples_rclpy_minimal_subscriber:/home/khj/ros2_humble/install/examples_rclpy_minimal_service:/home/khj/ros2_humble/install/examples_rclpy_minimal_publisher:/home/khj/ros2_humble/install/examples_rclpy_minimal_client:/home/khj/ros2_humble/install/examples_rclpy_minimal_action_server:/home/khj/ros2_humble/install/examples_rclpy_minimal_action_client:/home/khj/ros2_humble/install/examples_rclpy_guard_conditions:/home/khj/ros2_humble/install/examples_rclpy_executors:/home/khj/ros2_humble/install/demo_nodes_py:/home/khj/ros2_humble/install/action_tutorials_py:/home/khj/ros2_humble/install/ament_uncrustify:/home/khj/ros2_humble/install/tracetools_trace:/home/khj/ros2_humble/install/tracetools_read:/home/khj/ros2_humble/install/test_tracetools_launch:/home/khj/ros2_humble/install/test_launch_ros:/home/khj/ros2_humble/install/sensor_msgs_py:/home/khj/ros2_humble/install/rpyutils:/home/khj/ros2_humble/install/rosidl_runtime_py:/home/khj/ros2_humble/install/rosidl_cli:/home/khj/ros2_humble/install/launch_pytest:/home/khj/ros2_humble/install/launch_testing:/home/khj/ros2_humble/install/launch_yaml:/home/khj/ros2_humble/install/launch_xml:/home/khj/ros2_humble/install/launch:/home/khj/ros2_humble/install/osrf_pycommon:/home/khj/ros2_humble/install/launch_testing_examples:/home/khj/ros2_humble/install/domain_coordinator:/home/khj/ros2_humble/install/ament_xmllint:/home/khj/ros2_humble/install/ament_pyflakes:/home/khj/ros2_humble/install/ament_pycodestyle:/home/khj/ros2_humble/install/ament_pep257:/home/khj/ros2_humble/install/ament_pclint:/home/khj/ros2_humble/install/ament_package:/home/khj/ros2_humble/install/ament_mypy:/home/khj/ros2_humble/install/ament_lint_cmake:/home/khj/ros2_humble/install/ament_flake8:/home/khj/ros2_humble/install/ament_copyright:/home/khj/ros2_humble/install/ament_lint:/home/khj/ros2_humble/install/ament_index_python:/home/khj/ros2_humble/install/ament_cpplint:/home/khj/ros2_humble/install/ament_cppcheck:/home/khj/ros2_humble/install/ament_clang_tidy:/home/khj/ros2_humble/install/ament_clang_format /usr/bin/cmake --install /home/khj/Temi/build/temi_msgs
