-- The C compiler identification is GNU 11.3.0
-- The CXX compiler identification is GNU 11.3.0
-- Detecting C compiler ABI info
-- Detecting C compiler ABI info - done
-- Check for working C compiler: /usr/bin/cc - skipped
-- Detecting C compile features
-- Detecting C compile features - done
-- Detecting CXX compiler ABI info
-- Detecting CXX compiler ABI info - done
-- Check for working CXX compiler: /usr/bin/c++ - skipped
-- Detecting CXX compile features
-- Detecting CXX compile features - done
-- Found ament_cmake: 1.3.3 (/opt/ros/humble/share/ament_cmake/cmake)
-- Found Python3: /usr/bin/python3.10 (found version "3.10.6") found components: Interpreter 
-- Found rosidl_default_generators: 1.2.0 (/home/khj/ros2_humble/install/rosidl_default_generators/share/rosidl_default_generators/cmake)
-- Using all available rosidl_typesupport_c: rosidl_typesupport_introspection_c;rosidl_typesupport_fastrtps_c
-- Found rosidl_adapter: 3.1.4 (/home/khj/ros2_humble/install/rosidl_adapter/share/rosidl_adapter/cmake)
-- Using all available rosidl_typesupport_cpp: rosidl_typesupport_introspection_cpp;rosidl_typesupport_fastrtps_cpp
-- Found ament_cmake_ros: 0.10.0 (/home/khj/ros2_humble/install/ament_cmake_ros/share/ament_cmake_ros/cmake)
-- Using all available rosidl_typesupport_c: rosidl_typesupport_introspection_c;rosidl_typesupport_fastrtps_c
-- Using all available rosidl_typesupport_cpp: rosidl_typesupport_introspection_cpp;rosidl_typesupport_fastrtps_cpp
-- Found PythonInterp: /usr/bin/python3 (found suitable version "3.10.6", minimum required is "3.6") 
-- Found python_cmake_module: 0.10.0 (/home/khj/ros2_humble/install/python_cmake_module/share/python_cmake_module/cmake)
-- Found PythonLibs: /usr/lib/x86_64-linux-gnu/libpython3.10.so (found suitable version "3.10.6", minimum required is "3.5") 
-- Using PYTHON_EXECUTABLE: /usr/bin/python3
-- Using PYTHON_INCLUDE_DIRS: /usr/include/python3.10
-- Using PYTHON_LIBRARIES: /usr/lib/x86_64-linux-gnu/libpython3.10.so
-- Found PythonExtra: .so  
-- Found ament_lint_auto: 0.12.5 (/home/khj/ros2_humble/install/ament_lint_auto/share/ament_lint_auto/cmake)
-- Added test 'lint_cmake' to check CMake code style
-- Added test 'xmllint' to check XML markup files
-- Configuring done
-- Generating done
-- Build files have been written to: /home/khj/Temi/build/temi_msgs
[  3%] [34m[1mGenerating C code for ROS interfaces[0m
[  6%] [34m[1mGenerating C++ code for ROS interfaces[0m
[  6%] Built target ament_cmake_python_copy_temi_msgs
[  6%] Built target temi_msgs__cpp
[  9%] [32mBuilding C object CMakeFiles/temi_msgs__rosidl_generator_c.dir/rosidl_generator_c/temi_msgs/msg/detail/motor_control__functions.c.o[0m
[ 16%] [34m[1mGenerating C++ introspection for ROS interfaces[0m
[ 16%] [34m[1mGenerating C++ type support for eProsima Fast-RTPS[0m
[ 19%] [32m[1mLinking C shared library libtemi_msgs__rosidl_generator_c.so[0m
running egg_info
creating temi_msgs.egg-info
writing temi_msgs.egg-info/PKG-INFO
writing dependency_links to temi_msgs.egg-info/dependency_links.txt
writing top-level names to temi_msgs.egg-info/top_level.txt
writing manifest file 'temi_msgs.egg-info/SOURCES.txt'
reading manifest file 'temi_msgs.egg-info/SOURCES.txt'
writing manifest file 'temi_msgs.egg-info/SOURCES.txt'
[ 19%] Built target temi_msgs__rosidl_generator_c
[ 19%] Built target ament_cmake_python_build_temi_msgs_egg
[ 22%] [34m[1mGenerating C++ type support dispatch for ROS interfaces[0m
[ 25%] [34m[1mGenerating C introspection for ROS interfaces[0m
[ 29%] [32mBuilding CXX object CMakeFiles/temi_msgs__rosidl_typesupport_fastrtps_cpp.dir/rosidl_typesupport_fastrtps_cpp/temi_msgs/msg/detail/dds_fastrtps/motor_control__type_support.cpp.o[0m
[ 32%] [32mBuilding CXX object CMakeFiles/temi_msgs__rosidl_typesupport_introspection_cpp.dir/rosidl_typesupport_introspection_cpp/temi_msgs/msg/detail/motor_control__type_support.cpp.o[0m
[ 35%] [32mBuilding CXX object CMakeFiles/temi_msgs__rosidl_typesupport_cpp.dir/rosidl_typesupport_cpp/temi_msgs/msg/motor_control__type_support.cpp.o[0m
[ 38%] [32mBuilding C object CMakeFiles/temi_msgs__rosidl_typesupport_introspection_c.dir/rosidl_typesupport_introspection_c/temi_msgs/msg/detail/motor_control__type_support.c.o[0m
[ 41%] [32m[1mLinking C shared library libtemi_msgs__rosidl_typesupport_introspection_c.so[0m
[ 41%] Built target temi_msgs__rosidl_typesupport_introspection_c
[ 45%] [34m[1mGenerating C type support for eProsima Fast-RTPS[0m
[ 48%] [32m[1mLinking CXX shared library libtemi_msgs__rosidl_typesupport_cpp.so[0m
[ 51%] [32m[1mLinking CXX shared library libtemi_msgs__rosidl_typesupport_introspection_cpp.so[0m
[ 54%] [32m[1mLinking CXX shared library libtemi_msgs__rosidl_typesupport_fastrtps_cpp.so[0m
[ 54%] Built target temi_msgs__rosidl_typesupport_introspection_cpp
[ 54%] Built target temi_msgs__rosidl_typesupport_cpp
[ 58%] [34m[1mGenerating C type support dispatch for ROS interfaces[0m
[ 58%] Built target temi_msgs__rosidl_typesupport_fastrtps_cpp
[ 61%] [32mBuilding CXX object CMakeFiles/temi_msgs__rosidl_typesupport_fastrtps_c.dir/rosidl_typesupport_fastrtps_c/temi_msgs/msg/detail/motor_control__type_support_c.cpp.o[0m
[ 64%] [32mBuilding CXX object CMakeFiles/temi_msgs__rosidl_typesupport_c.dir/rosidl_typesupport_c/temi_msgs/msg/motor_control__type_support.cpp.o[0m
[ 67%] [32m[1mLinking CXX shared library libtemi_msgs__rosidl_typesupport_c.so[0m
[ 67%] Built target temi_msgs__rosidl_typesupport_c
[ 70%] [32m[1mLinking CXX shared library libtemi_msgs__rosidl_typesupport_fastrtps_c.so[0m
[ 70%] Built target temi_msgs__rosidl_typesupport_fastrtps_c
[ 70%] Built target temi_msgs
[ 74%] [34m[1mGenerating Python code for ROS interfaces[0m
[ 74%] Built target temi_msgs__py
[ 77%] [32mBuilding C object CMakeFiles/temi_msgs__rosidl_generator_py.dir/rosidl_generator_py/temi_msgs/msg/_motor_control_s.c.o[0m
[ 80%] [32m[1mLinking C shared library rosidl_generator_py/temi_msgs/libtemi_msgs__rosidl_generator_py.so[0m
[ 80%] Built target temi_msgs__rosidl_generator_py
[ 83%] [32mBuilding C object CMakeFiles/temi_msgs__rosidl_typesupport_c__pyext.dir/rosidl_generator_py/temi_msgs/_temi_msgs_s.ep.rosidl_typesupport_c.c.o[0m
[ 90%] [32mBuilding C object CMakeFiles/temi_msgs__rosidl_typesupport_introspection_c__pyext.dir/rosidl_generator_py/temi_msgs/_temi_msgs_s.ep.rosidl_typesupport_introspection_c.c.o[0m
[ 90%] [32mBuilding C object CMakeFiles/temi_msgs__rosidl_typesupport_fastrtps_c__pyext.dir/rosidl_generator_py/temi_msgs/_temi_msgs_s.ep.rosidl_typesupport_fastrtps_c.c.o[0m
[ 93%] [32m[1mLinking C shared library rosidl_generator_py/temi_msgs/temi_msgs_s__rosidl_typesupport_c.cpython-310-x86_64-linux-gnu.so[0m
[ 96%] [32m[1mLinking C shared library rosidl_generator_py/temi_msgs/temi_msgs_s__rosidl_typesupport_introspection_c.cpython-310-x86_64-linux-gnu.so[0m
[100%] [32m[1mLinking C shared library rosidl_generator_py/temi_msgs/temi_msgs_s__rosidl_typesupport_fastrtps_c.cpython-310-x86_64-linux-gnu.so[0m
[100%] Built target temi_msgs__rosidl_typesupport_c__pyext
[100%] Built target temi_msgs__rosidl_typesupport_introspection_c__pyext
[100%] Built target temi_msgs__rosidl_typesupport_fastrtps_c__pyext
-- Install configuration: ""
-- Installing: /home/khj/Temi/install/temi_msgs/share/ament_index/resource_index/rosidl_interfaces/temi_msgs
-- Installing: /home/khj/Temi/install/temi_msgs/include/temi_msgs/temi_msgs
-- Installing: /home/khj/Temi/install/temi_msgs/include/temi_msgs/temi_msgs/msg
-- Installing: /home/khj/Temi/install/temi_msgs/include/temi_msgs/temi_msgs/msg/detail
-- Installing: /home/khj/Temi/install/temi_msgs/include/temi_msgs/temi_msgs/msg/detail/motor_control__type_support.h
-- Installing: /home/khj/Temi/install/temi_msgs/include/temi_msgs/temi_msgs/msg/detail/motor_control__functions.h
-- Installing: /home/khj/Temi/install/temi_msgs/include/temi_msgs/temi_msgs/msg/detail/motor_control__functions.c
-- Installing: /home/khj/Temi/install/temi_msgs/include/temi_msgs/temi_msgs/msg/detail/motor_control__struct.h
-- Installing: /home/khj/Temi/install/temi_msgs/include/temi_msgs/temi_msgs/msg/motor_control.h
-- Installing: /home/khj/Temi/install/temi_msgs/include/temi_msgs/temi_msgs/msg/rosidl_generator_c__visibility_control.h
-- Installing: /home/khj/Temi/install/temi_msgs/share/temi_msgs/environment/library_path.sh
-- Installing: /home/khj/Temi/install/temi_msgs/share/temi_msgs/environment/library_path.dsv
-- Installing: /home/khj/Temi/install/temi_msgs/lib/libtemi_msgs__rosidl_generator_c.so
-- Set runtime path of "/home/khj/Temi/install/temi_msgs/lib/libtemi_msgs__rosidl_generator_c.so" to ""
-- Up-to-date: /home/khj/Temi/install/temi_msgs/include/temi_msgs/temi_msgs
-- Up-to-date: /home/khj/Temi/install/temi_msgs/include/temi_msgs/temi_msgs/msg
-- Installing: /home/khj/Temi/install/temi_msgs/include/temi_msgs/temi_msgs/msg/rosidl_typesupport_introspection_c__visibility_control.h
-- Up-to-date: /home/khj/Temi/install/temi_msgs/include/temi_msgs/temi_msgs/msg/detail
-- Installing: /home/khj/Temi/install/temi_msgs/include/temi_msgs/temi_msgs/msg/detail/motor_control__type_support.c
-- Installing: /home/khj/Temi/install/temi_msgs/include/temi_msgs/temi_msgs/msg/detail/motor_control__rosidl_typesupport_introspection_c.h
-- Installing: /home/khj/Temi/install/temi_msgs/lib/libtemi_msgs__rosidl_typesupport_introspection_c.so
-- Set runtime path of "/home/khj/Temi/install/temi_msgs/lib/libtemi_msgs__rosidl_typesupport_introspection_c.so" to ""
-- Up-to-date: /home/khj/Temi/install/temi_msgs/include/temi_msgs/temi_msgs
-- Up-to-date: /home/khj/Temi/install/temi_msgs/include/temi_msgs/temi_msgs/msg
-- Up-to-date: /home/khj/Temi/install/temi_msgs/include/temi_msgs/temi_msgs/msg/detail
-- Installing: /home/khj/Temi/install/temi_msgs/include/temi_msgs/temi_msgs/msg/detail/motor_control__rosidl_typesupport_fastrtps_c.h
-- Installing: /home/khj/Temi/install/temi_msgs/include/temi_msgs/temi_msgs/msg/rosidl_typesupport_fastrtps_c__visibility_control.h
-- Installing: /home/khj/Temi/install/temi_msgs/lib/libtemi_msgs__rosidl_typesupport_fastrtps_c.so
-- Set runtime path of "/home/khj/Temi/install/temi_msgs/lib/libtemi_msgs__rosidl_typesupport_fastrtps_c.so" to ""
-- Installing: /home/khj/Temi/install/temi_msgs/lib/libtemi_msgs__rosidl_typesupport_c.so
-- Set runtime path of "/home/khj/Temi/install/temi_msgs/lib/libtemi_msgs__rosidl_typesupport_c.so" to ""
-- Up-to-date: /home/khj/Temi/install/temi_msgs/include/temi_msgs/temi_msgs
-- Up-to-date: /home/khj/Temi/install/temi_msgs/include/temi_msgs/temi_msgs/msg
-- Installing: /home/khj/Temi/install/temi_msgs/include/temi_msgs/temi_msgs/msg/motor_control.hpp
-- Up-to-date: /home/khj/Temi/install/temi_msgs/include/temi_msgs/temi_msgs/msg/detail
-- Installing: /home/khj/Temi/install/temi_msgs/include/temi_msgs/temi_msgs/msg/detail/motor_control__struct.hpp
-- Installing: /home/khj/Temi/install/temi_msgs/include/temi_msgs/temi_msgs/msg/detail/motor_control__builder.hpp
-- Installing: /home/khj/Temi/install/temi_msgs/include/temi_msgs/temi_msgs/msg/detail/motor_control__traits.hpp
-- Up-to-date: /home/khj/Temi/install/temi_msgs/include/temi_msgs/temi_msgs
-- Up-to-date: /home/khj/Temi/install/temi_msgs/include/temi_msgs/temi_msgs/msg
-- Up-to-date: /home/khj/Temi/install/temi_msgs/include/temi_msgs/temi_msgs/msg/detail
-- Installing: /home/khj/Temi/install/temi_msgs/include/temi_msgs/temi_msgs/msg/detail/motor_control__rosidl_typesupport_introspection_cpp.hpp
-- Installing: /home/khj/Temi/install/temi_msgs/include/temi_msgs/temi_msgs/msg/detail/motor_control__type_support.cpp
-- Installing: /home/khj/Temi/install/temi_msgs/lib/libtemi_msgs__rosidl_typesupport_introspection_cpp.so
-- Set runtime path of "/home/khj/Temi/install/temi_msgs/lib/libtemi_msgs__rosidl_typesupport_introspection_cpp.so" to ""
-- Up-to-date: /home/khj/Temi/install/temi_msgs/include/temi_msgs/temi_msgs
-- Up-to-date: /home/khj/Temi/install/temi_msgs/include/temi_msgs/temi_msgs/msg
-- Installing: /home/khj/Temi/install/temi_msgs/include/temi_msgs/temi_msgs/msg/rosidl_typesupport_fastrtps_cpp__visibility_control.h
-- Up-to-date: /home/khj/Temi/install/temi_msgs/include/temi_msgs/temi_msgs/msg/detail
-- Installing: /home/khj/Temi/install/temi_msgs/include/temi_msgs/temi_msgs/msg/detail/dds_fastrtps
-- Installing: /home/khj/Temi/install/temi_msgs/include/temi_msgs/temi_msgs/msg/detail/motor_control__rosidl_typesupport_fastrtps_cpp.hpp
-- Installing: /home/khj/Temi/install/temi_msgs/lib/libtemi_msgs__rosidl_typesupport_fastrtps_cpp.so
-- Set runtime path of "/home/khj/Temi/install/temi_msgs/lib/libtemi_msgs__rosidl_typesupport_fastrtps_cpp.so" to ""
-- Installing: /home/khj/Temi/install/temi_msgs/lib/libtemi_msgs__rosidl_typesupport_cpp.so
-- Set runtime path of "/home/khj/Temi/install/temi_msgs/lib/libtemi_msgs__rosidl_typesupport_cpp.so" to ""
-- Installing: /home/khj/Temi/install/temi_msgs/share/temi_msgs/environment/pythonpath.sh
-- Installing: /home/khj/Temi/install/temi_msgs/share/temi_msgs/environment/pythonpath.dsv
-- Installing: /home/khj/Temi/install/temi_msgs/local/lib/python3.10/dist-packages/temi_msgs-0.0.1-py3.10.egg-info
-- Installing: /home/khj/Temi/install/temi_msgs/local/lib/python3.10/dist-packages/temi_msgs-0.0.1-py3.10.egg-info/PKG-INFO
-- Installing: /home/khj/Temi/install/temi_msgs/local/lib/python3.10/dist-packages/temi_msgs-0.0.1-py3.10.egg-info/dependency_links.txt
-- Installing: /home/khj/Temi/install/temi_msgs/local/lib/python3.10/dist-packages/temi_msgs-0.0.1-py3.10.egg-info/SOURCES.txt
-- Installing: /home/khj/Temi/install/temi_msgs/local/lib/python3.10/dist-packages/temi_msgs-0.0.1-py3.10.egg-info/top_level.txt
-- Installing: /home/khj/Temi/install/temi_msgs/local/lib/python3.10/dist-packages/temi_msgs
-- Installing: /home/khj/Temi/install/temi_msgs/local/lib/python3.10/dist-packages/temi_msgs/temi_msgs_s__rosidl_typesupport_fastrtps_c.cpython-310-x86_64-linux-gnu.so
-- Installing: /home/khj/Temi/install/temi_msgs/local/lib/python3.10/dist-packages/temi_msgs/msg
-- Installing: /home/khj/Temi/install/temi_msgs/local/lib/python3.10/dist-packages/temi_msgs/msg/_motor_control.py
-- Installing: /home/khj/Temi/install/temi_msgs/local/lib/python3.10/dist-packages/temi_msgs/msg/_motor_control_s.c
-- Installing: /home/khj/Temi/install/temi_msgs/local/lib/python3.10/dist-packages/temi_msgs/msg/__init__.py
-- Installing: /home/khj/Temi/install/temi_msgs/local/lib/python3.10/dist-packages/temi_msgs/_temi_msgs_s.ep.rosidl_typesupport_introspection_c.c
-- Installing: /home/khj/Temi/install/temi_msgs/local/lib/python3.10/dist-packages/temi_msgs/temi_msgs_s__rosidl_typesupport_c.cpython-310-x86_64-linux-gnu.so
-- Installing: /home/khj/Temi/install/temi_msgs/local/lib/python3.10/dist-packages/temi_msgs/_temi_msgs_s.ep.rosidl_typesupport_fastrtps_c.c
-- Installing: /home/khj/Temi/install/temi_msgs/local/lib/python3.10/dist-packages/temi_msgs/temi_msgs_s__rosidl_typesupport_introspection_c.cpython-310-x86_64-linux-gnu.so
-- Installing: /home/khj/Temi/install/temi_msgs/local/lib/python3.10/dist-packages/temi_msgs/libtemi_msgs__rosidl_generator_py.so
-- Installing: /home/khj/Temi/install/temi_msgs/local/lib/python3.10/dist-packages/temi_msgs/_temi_msgs_s.ep.rosidl_typesupport_c.c
-- Installing: /home/khj/Temi/install/temi_msgs/local/lib/python3.10/dist-packages/temi_msgs/__init__.py
Listing '/home/khj/Temi/install/temi_msgs/local/lib/python3.10/dist-packages/temi_msgs'...
Compiling '/home/khj/Temi/install/temi_msgs/local/lib/python3.10/dist-packages/temi_msgs/__init__.py'...
Listing '/home/khj/Temi/install/temi_msgs/local/lib/python3.10/dist-packages/temi_msgs/msg'...
Compiling '/home/khj/Temi/install/temi_msgs/local/lib/python3.10/dist-packages/temi_msgs/msg/__init__.py'...
Compiling '/home/khj/Temi/install/temi_msgs/local/lib/python3.10/dist-packages/temi_msgs/msg/_motor_control.py'...
-- Installing: /home/khj/Temi/install/temi_msgs/local/lib/python3.10/dist-packages/temi_msgs/temi_msgs_s__rosidl_typesupport_introspection_c.cpython-310-x86_64-linux-gnu.so
-- Set runtime path of "/home/khj/Temi/install/temi_msgs/local/lib/python3.10/dist-packages/temi_msgs/temi_msgs_s__rosidl_typesupport_introspection_c.cpython-310-x86_64-linux-gnu.so" to ""
-- Installing: /home/khj/Temi/install/temi_msgs/local/lib/python3.10/dist-packages/temi_msgs/temi_msgs_s__rosidl_typesupport_fastrtps_c.cpython-310-x86_64-linux-gnu.so
-- Set runtime path of "/home/khj/Temi/install/temi_msgs/local/lib/python3.10/dist-packages/temi_msgs/temi_msgs_s__rosidl_typesupport_fastrtps_c.cpython-310-x86_64-linux-gnu.so" to ""
-- Installing: /home/khj/Temi/install/temi_msgs/local/lib/python3.10/dist-packages/temi_msgs/temi_msgs_s__rosidl_typesupport_c.cpython-310-x86_64-linux-gnu.so
-- Set runtime path of "/home/khj/Temi/install/temi_msgs/local/lib/python3.10/dist-packages/temi_msgs/temi_msgs_s__rosidl_typesupport_c.cpython-310-x86_64-linux-gnu.so" to ""
-- Installing: /home/khj/Temi/install/temi_msgs/lib/libtemi_msgs__rosidl_generator_py.so
-- Set runtime path of "/home/khj/Temi/install/temi_msgs/lib/libtemi_msgs__rosidl_generator_py.so" to ""
-- Installing: /home/khj/Temi/install/temi_msgs/share/temi_msgs/msg/MotorControl.idl
-- Installing: /home/khj/Temi/install/temi_msgs/share/temi_msgs/msg/MotorControl.msg
-- Installing: /home/khj/Temi/install/temi_msgs/share/ament_index/resource_index/package_run_dependencies/temi_msgs
-- Installing: /home/khj/Temi/install/temi_msgs/share/ament_index/resource_index/parent_prefix_path/temi_msgs
-- Installing: /home/khj/Temi/install/temi_msgs/share/temi_msgs/environment/ament_prefix_path.sh
-- Installing: /home/khj/Temi/install/temi_msgs/share/temi_msgs/environment/ament_prefix_path.dsv
-- Installing: /home/khj/Temi/install/temi_msgs/share/temi_msgs/environment/path.sh
-- Installing: /home/khj/Temi/install/temi_msgs/share/temi_msgs/environment/path.dsv
-- Installing: /home/khj/Temi/install/temi_msgs/share/temi_msgs/local_setup.bash
-- Installing: /home/khj/Temi/install/temi_msgs/share/temi_msgs/local_setup.sh
-- Installing: /home/khj/Temi/install/temi_msgs/share/temi_msgs/local_setup.zsh
-- Installing: /home/khj/Temi/install/temi_msgs/share/temi_msgs/local_setup.dsv
-- Installing: /home/khj/Temi/install/temi_msgs/share/temi_msgs/package.dsv
-- Installing: /home/khj/Temi/install/temi_msgs/share/ament_index/resource_index/packages/temi_msgs
-- Installing: /home/khj/Temi/install/temi_msgs/share/temi_msgs/cmake/export_temi_msgs__rosidl_generator_cExport.cmake
-- Installing: /home/khj/Temi/install/temi_msgs/share/temi_msgs/cmake/export_temi_msgs__rosidl_generator_cExport-noconfig.cmake
-- Installing: /home/khj/Temi/install/temi_msgs/share/temi_msgs/cmake/temi_msgs__rosidl_typesupport_introspection_cExport.cmake
-- Installing: /home/khj/Temi/install/temi_msgs/share/temi_msgs/cmake/temi_msgs__rosidl_typesupport_introspection_cExport-noconfig.cmake
-- Installing: /home/khj/Temi/install/temi_msgs/share/temi_msgs/cmake/export_temi_msgs__rosidl_typesupport_fastrtps_cExport.cmake
-- Installing: /home/khj/Temi/install/temi_msgs/share/temi_msgs/cmake/export_temi_msgs__rosidl_typesupport_fastrtps_cExport-noconfig.cmake
-- Installing: /home/khj/Temi/install/temi_msgs/share/temi_msgs/cmake/temi_msgs__rosidl_typesupport_cExport.cmake
-- Installing: /home/khj/Temi/install/temi_msgs/share/temi_msgs/cmake/temi_msgs__rosidl_typesupport_cExport-noconfig.cmake
-- Installing: /home/khj/Temi/install/temi_msgs/share/temi_msgs/cmake/export_temi_msgs__rosidl_generator_cppExport.cmake
-- Installing: /home/khj/Temi/install/temi_msgs/share/temi_msgs/cmake/temi_msgs__rosidl_typesupport_introspection_cppExport.cmake
-- Installing: /home/khj/Temi/install/temi_msgs/share/temi_msgs/cmake/temi_msgs__rosidl_typesupport_introspection_cppExport-noconfig.cmake
-- Installing: /home/khj/Temi/install/temi_msgs/share/temi_msgs/cmake/export_temi_msgs__rosidl_typesupport_fastrtps_cppExport.cmake
-- Installing: /home/khj/Temi/install/temi_msgs/share/temi_msgs/cmake/export_temi_msgs__rosidl_typesupport_fastrtps_cppExport-noconfig.cmake
-- Installing: /home/khj/Temi/install/temi_msgs/share/temi_msgs/cmake/temi_msgs__rosidl_typesupport_cppExport.cmake
-- Installing: /home/khj/Temi/install/temi_msgs/share/temi_msgs/cmake/temi_msgs__rosidl_typesupport_cppExport-noconfig.cmake
-- Installing: /home/khj/Temi/install/temi_msgs/share/temi_msgs/cmake/export_temi_msgs__rosidl_generator_pyExport.cmake
-- Installing: /home/khj/Temi/install/temi_msgs/share/temi_msgs/cmake/export_temi_msgs__rosidl_generator_pyExport-noconfig.cmake
-- Installing: /home/khj/Temi/install/temi_msgs/share/temi_msgs/cmake/rosidl_cmake-extras.cmake
-- Installing: /home/khj/Temi/install/temi_msgs/share/temi_msgs/cmake/ament_cmake_export_include_directories-extras.cmake
-- Installing: /home/khj/Temi/install/temi_msgs/share/temi_msgs/cmake/ament_cmake_export_libraries-extras.cmake
-- Installing: /home/khj/Temi/install/temi_msgs/share/temi_msgs/cmake/ament_cmake_export_targets-extras.cmake
-- Installing: /home/khj/Temi/install/temi_msgs/share/temi_msgs/cmake/rosidl_cmake_export_typesupport_targets-extras.cmake
-- Installing: /home/khj/Temi/install/temi_msgs/share/temi_msgs/cmake/ament_cmake_export_dependencies-extras.cmake
-- Installing: /home/khj/Temi/install/temi_msgs/share/temi_msgs/cmake/rosidl_cmake_export_typesupport_libraries-extras.cmake
-- Installing: /home/khj/Temi/install/temi_msgs/share/temi_msgs/cmake/temi_msgsConfig.cmake
-- Installing: /home/khj/Temi/install/temi_msgs/share/temi_msgs/cmake/temi_msgsConfig-version.cmake
-- Installing: /home/khj/Temi/install/temi_msgs/share/temi_msgs/package.xml
