[0.198s] Invoking command in '/home/khj/Temi/build/temi_msgs': CMAKE_PREFIX_PATH=${CMAKE_PREFIX_PATH}:/home/khj/ros2_humble/install/rqt_bag_plugins:/home/khj/ros2_humble/install/rqt_bag:/home/khj/ros2_humble/install/ros2bag:/home/khj/ros2_humble/install/tracetools_test:/home/khj/ros2_humble/install/tracetools_launch:/home/khj/ros2_humble/install/topic_monitor:/home/khj/ros2_humble/install/tf2_tools:/home/khj/ros2_humble/install/examples_tf2_py:/home/khj/ros2_humble/install/tf2_ros_py:/home/khj/ros2_humble/install/sros2:/home/khj/ros2_humble/install/rqt_topic:/home/khj/ros2_humble/install/rqt_srv:/home/khj/ros2_humble/install/rqt_shell:/home/khj/ros2_humble/install/rqt_service_caller:/home/khj/ros2_humble/install/rqt_reconfigure:/home/khj/ros2_humble/install/rqt_py_console:/home/khj/ros2_humble/install/rqt_publisher:/home/khj/ros2_humble/install/rqt_plot:/home/khj/ros2_humble/install/rqt_action:/home/khj/ros2_humble/install/rqt_msg:/home/khj/ros2_humble/install/rqt_console:/home/khj/ros2_humble/install/rqt:/home/khj/ros2_humble/install/rqt_graph:/home/khj/ros2_humble/install/rqt_gui_py:/home/khj/ros2_humble/install/rqt_gui:/home/khj/ros2_humble/install/ros2trace:/home/khj/ros2_humble/install/ros2topic:/home/khj/ros2_humble/install/ros2test:/home/khj/ros2_humble/install/ros2component:/home/khj/ros2_humble/install/ros2param:/home/khj/ros2_humble/install/ros2lifecycle:/home/khj/ros2_humble/install/ros2service:/home/khj/ros2_humble/install/ros2run:/home/khj/ros2_humble/install/ros2launch:/home/khj/ros2_humble/install/ros2pkg:/home/khj/ros2_humble/install/ros2node:/home/khj/ros2_humble/install/ros2multicast:/home/khj/ros2_humble/install/ros2interface:/home/khj/ros2_humble/install/ros2doctor:/home/khj/ros2_humble/install/ros2action:/home/khj/ros2_humble/install/ros2cli:/home/khj/ros2_humble/install/quality_of_service_demo_py:/home/khj/ros2_humble/install/lifecycle_py:/home/khj/ros2_humble/install/launch_testing_ros:/home/khj/ros2_humble/install/launch_ros:/home/khj/ros2_humble/install/examples_rclpy_pointcloud_publisher:/home/khj/ros2_humble/install/examples_rclpy_minimal_subscriber:/home/khj/ros2_humble/install/examples_rclpy_minimal_service:/home/khj/ros2_humble/install/examples_rclpy_minimal_publisher:/home/khj/ros2_humble/install/examples_rclpy_minimal_client:/home/khj/ros2_humble/install/examples_rclpy_minimal_action_server:/home/khj/ros2_humble/install/examples_rclpy_minimal_action_client:/home/khj/ros2_humble/install/examples_rclpy_guard_conditions:/home/khj/ros2_humble/install/examples_rclpy_executors:/home/khj/ros2_humble/install/demo_nodes_py:/home/khj/ros2_humble/install/action_tutorials_py:/home/khj/ros2_humble/install/ament_uncrustify:/home/khj/ros2_humble/install/tracetools_trace:/home/khj/ros2_humble/install/tracetools_read:/home/khj/ros2_humble/install/test_tracetools_launch:/home/khj/ros2_humble/install/test_launch_ros:/home/khj/ros2_humble/install/sensor_msgs_py:/home/khj/ros2_humble/install/rpyutils:/home/khj/ros2_humble/install/rosidl_runtime_py:/home/khj/ros2_humble/install/rosidl_cli:/home/khj/ros2_humble/install/launch_pytest:/home/khj/ros2_humble/install/launch_testing:/home/khj/ros2_humble/install/launch_yaml:/home/khj/ros2_humble/install/launch_xml:/home/khj/ros2_humble/install/launch:/home/khj/ros2_humble/install/osrf_pycommon:/home/khj/ros2_humble/install/launch_testing_examples:/home/khj/ros2_humble/install/domain_coordinator:/home/khj/ros2_humble/install/ament_xmllint:/home/khj/ros2_humble/install/ament_pyflakes:/home/khj/ros2_humble/install/ament_pycodestyle:/home/khj/ros2_humble/install/ament_pep257:/home/khj/ros2_humble/install/ament_pclint:/home/khj/ros2_humble/install/ament_package:/home/khj/ros2_humble/install/ament_mypy:/home/khj/ros2_humble/install/ament_lint_cmake:/home/khj/ros2_humble/install/ament_flake8:/home/khj/ros2_humble/install/ament_copyright:/home/khj/ros2_humble/install/ament_lint:/home/khj/ros2_humble/install/ament_index_python:/home/khj/ros2_humble/install/ament_cpplint:/home/khj/ros2_humble/install/ament_cppcheck:/home/khj/ros2_humble/install/ament_clang_tidy:/home/khj/ros2_humble/install/ament_clang_format /usr/bin/cmake /home/khj/Temi/src/temi_msgs -DCMAKE_INSTALL_PREFIX=/home/khj/Temi/install/temi_msgs
[0.460s] -- The C compiler identification is GNU 11.3.0
[0.643s] -- The CXX compiler identification is GNU 11.3.0
[0.659s] -- Detecting C compiler ABI info
[0.815s] -- Detecting C compiler ABI info - done
[0.823s] -- Check for working C compiler: /usr/bin/cc - skipped
[0.826s] -- Detecting C compile features
[0.827s] -- Detecting C compile features - done
[0.831s] -- Detecting CXX compiler ABI info
[0.990s] -- Detecting CXX compiler ABI info - done
[0.998s] -- Check for working CXX compiler: /usr/bin/c++ - skipped
[0.998s] -- Detecting CXX compile features
[0.999s] -- Detecting CXX compile features - done
[1.005s] -- Found ament_cmake: 1.3.3 (/opt/ros/humble/share/ament_cmake/cmake)
[1.808s] -- Found Python3: /usr/bin/python3.10 (found version "3.10.6") found components: Interpreter 
[2.431s] -- Found rosidl_default_generators: 1.2.0 (/home/khj/ros2_humble/install/rosidl_default_generators/share/rosidl_default_generators/cmake)
[2.575s] -- Using all available rosidl_typesupport_c: rosidl_typesupport_introspection_c;rosidl_typesupport_fastrtps_c
[2.639s] -- Found rosidl_adapter: 3.1.4 (/home/khj/ros2_humble/install/rosidl_adapter/share/rosidl_adapter/cmake)
[2.911s] -- Using all available rosidl_typesupport_cpp: rosidl_typesupport_introspection_cpp;rosidl_typesupport_fastrtps_cpp
[4.070s] -- Found ament_cmake_ros: 0.10.0 (/home/khj/ros2_humble/install/ament_cmake_ros/share/ament_cmake_ros/cmake)
[4.579s] -- Using all available rosidl_typesupport_c: rosidl_typesupport_introspection_c;rosidl_typesupport_fastrtps_c
[5.412s] -- Using all available rosidl_typesupport_cpp: rosidl_typesupport_introspection_cpp;rosidl_typesupport_fastrtps_cpp
[5.508s] -- Found PythonInterp: /usr/bin/python3 (found suitable version "3.10.6", minimum required is "3.6") 
[5.533s] -- Found python_cmake_module: 0.10.0 (/home/khj/ros2_humble/install/python_cmake_module/share/python_cmake_module/cmake)
[5.648s] -- Found PythonLibs: /usr/lib/x86_64-linux-gnu/libpython3.10.so (found suitable version "3.10.6", minimum required is "3.5") 
[5.648s] -- Using PYTHON_EXECUTABLE: /usr/bin/python3
[5.648s] -- Using PYTHON_INCLUDE_DIRS: /usr/include/python3.10
[5.648s] -- Using PYTHON_LIBRARIES: /usr/lib/x86_64-linux-gnu/libpython3.10.so
[5.731s] -- Found PythonExtra: .so  
[6.171s] -- Found ament_lint_auto: 0.12.5 (/home/khj/ros2_humble/install/ament_lint_auto/share/ament_lint_auto/cmake)
[6.336s] -- Added test 'lint_cmake' to check CMake code style
[6.347s] -- Added test 'xmllint' to check XML markup files
[6.365s] -- Configuring done
[6.396s] -- Generating done
[6.398s] -- Build files have been written to: /home/khj/Temi/build/temi_msgs
[6.407s] Invoked command in '/home/khj/Temi/build/temi_msgs' returned '0': CMAKE_PREFIX_PATH=${CMAKE_PREFIX_PATH}:/home/khj/ros2_humble/install/rqt_bag_plugins:/home/khj/ros2_humble/install/rqt_bag:/home/khj/ros2_humble/install/ros2bag:/home/khj/ros2_humble/install/tracetools_test:/home/khj/ros2_humble/install/tracetools_launch:/home/khj/ros2_humble/install/topic_monitor:/home/khj/ros2_humble/install/tf2_tools:/home/khj/ros2_humble/install/examples_tf2_py:/home/khj/ros2_humble/install/tf2_ros_py:/home/khj/ros2_humble/install/sros2:/home/khj/ros2_humble/install/rqt_topic:/home/khj/ros2_humble/install/rqt_srv:/home/khj/ros2_humble/install/rqt_shell:/home/khj/ros2_humble/install/rqt_service_caller:/home/khj/ros2_humble/install/rqt_reconfigure:/home/khj/ros2_humble/install/rqt_py_console:/home/khj/ros2_humble/install/rqt_publisher:/home/khj/ros2_humble/install/rqt_plot:/home/khj/ros2_humble/install/rqt_action:/home/khj/ros2_humble/install/rqt_msg:/home/khj/ros2_humble/install/rqt_console:/home/khj/ros2_humble/install/rqt:/home/khj/ros2_humble/install/rqt_graph:/home/khj/ros2_humble/install/rqt_gui_py:/home/khj/ros2_humble/install/rqt_gui:/home/khj/ros2_humble/install/ros2trace:/home/khj/ros2_humble/install/ros2topic:/home/khj/ros2_humble/install/ros2test:/home/khj/ros2_humble/install/ros2component:/home/khj/ros2_humble/install/ros2param:/home/khj/ros2_humble/install/ros2lifecycle:/home/khj/ros2_humble/install/ros2service:/home/khj/ros2_humble/install/ros2run:/home/khj/ros2_humble/install/ros2launch:/home/khj/ros2_humble/install/ros2pkg:/home/khj/ros2_humble/install/ros2node:/home/khj/ros2_humble/install/ros2multicast:/home/khj/ros2_humble/install/ros2interface:/home/khj/ros2_humble/install/ros2doctor:/home/khj/ros2_humble/install/ros2action:/home/khj/ros2_humble/install/ros2cli:/home/khj/ros2_humble/install/quality_of_service_demo_py:/home/khj/ros2_humble/install/lifecycle_py:/home/khj/ros2_humble/install/launch_testing_ros:/home/khj/ros2_humble/install/launch_ros:/home/khj/ros2_humble/install/examples_rclpy_pointcloud_publisher:/home/khj/ros2_humble/install/examples_rclpy_minimal_subscriber:/home/khj/ros2_humble/install/examples_rclpy_minimal_service:/home/khj/ros2_humble/install/examples_rclpy_minimal_publisher:/home/khj/ros2_humble/install/examples_rclpy_minimal_client:/home/khj/ros2_humble/install/examples_rclpy_minimal_action_server:/home/khj/ros2_humble/install/examples_rclpy_minimal_action_client:/home/khj/ros2_humble/install/examples_rclpy_guard_conditions:/home/khj/ros2_humble/install/examples_rclpy_executors:/home/khj/ros2_humble/install/demo_nodes_py:/home/khj/ros2_humble/install/action_tutorials_py:/home/khj/ros2_humble/install/ament_uncrustify:/home/khj/ros2_humble/install/tracetools_trace:/home/khj/ros2_humble/install/tracetools_read:/home/khj/ros2_humble/install/test_tracetools_launch:/home/khj/ros2_humble/install/test_launch_ros:/home/khj/ros2_humble/install/sensor_msgs_py:/home/khj/ros2_humble/install/rpyutils:/home/khj/ros2_humble/install/rosidl_runtime_py:/home/khj/ros2_humble/install/rosidl_cli:/home/khj/ros2_humble/install/launch_pytest:/home/khj/ros2_humble/install/launch_testing:/home/khj/ros2_humble/install/launch_yaml:/home/khj/ros2_humble/install/launch_xml:/home/khj/ros2_humble/install/launch:/home/khj/ros2_humble/install/osrf_pycommon:/home/khj/ros2_humble/install/launch_testing_examples:/home/khj/ros2_humble/install/domain_coordinator:/home/khj/ros2_humble/install/ament_xmllint:/home/khj/ros2_humble/install/ament_pyflakes:/home/khj/ros2_humble/install/ament_pycodestyle:/home/khj/ros2_humble/install/ament_pep257:/home/khj/ros2_humble/install/ament_pclint:/home/khj/ros2_humble/install/ament_package:/home/khj/ros2_humble/install/ament_mypy:/home/khj/ros2_humble/install/ament_lint_cmake:/home/khj/ros2_humble/install/ament_flake8:/home/khj/ros2_humble/install/ament_copyright:/home/khj/ros2_humble/install/ament_lint:/home/khj/ros2_humble/install/ament_index_python:/home/khj/ros2_humble/install/ament_cpplint:/home/khj/ros2_humble/install/ament_cppcheck:/home/khj/ros2_humble/install/ament_clang_tidy:/home/khj/ros2_humble/install/ament_clang_format /usr/bin/cmake /home/khj/Temi/src/temi_msgs -DCMAKE_INSTALL_PREFIX=/home/khj/Temi/install/temi_msgs
[6.409s] Invoking command in '/home/khj/Temi/build/temi_msgs': CMAKE_PREFIX_PATH=${CMAKE_PREFIX_PATH}:/home/khj/ros2_humble/install/rqt_bag_plugins:/home/khj/ros2_humble/install/rqt_bag:/home/khj/ros2_humble/install/ros2bag:/home/khj/ros2_humble/install/tracetools_test:/home/khj/ros2_humble/install/tracetools_launch:/home/khj/ros2_humble/install/topic_monitor:/home/khj/ros2_humble/install/tf2_tools:/home/khj/ros2_humble/install/examples_tf2_py:/home/khj/ros2_humble/install/tf2_ros_py:/home/khj/ros2_humble/install/sros2:/home/khj/ros2_humble/install/rqt_topic:/home/khj/ros2_humble/install/rqt_srv:/home/khj/ros2_humble/install/rqt_shell:/home/khj/ros2_humble/install/rqt_service_caller:/home/khj/ros2_humble/install/rqt_reconfigure:/home/khj/ros2_humble/install/rqt_py_console:/home/khj/ros2_humble/install/rqt_publisher:/home/khj/ros2_humble/install/rqt_plot:/home/khj/ros2_humble/install/rqt_action:/home/khj/ros2_humble/install/rqt_msg:/home/khj/ros2_humble/install/rqt_console:/home/khj/ros2_humble/install/rqt:/home/khj/ros2_humble/install/rqt_graph:/home/khj/ros2_humble/install/rqt_gui_py:/home/khj/ros2_humble/install/rqt_gui:/home/khj/ros2_humble/install/ros2trace:/home/khj/ros2_humble/install/ros2topic:/home/khj/ros2_humble/install/ros2test:/home/khj/ros2_humble/install/ros2component:/home/khj/ros2_humble/install/ros2param:/home/khj/ros2_humble/install/ros2lifecycle:/home/khj/ros2_humble/install/ros2service:/home/khj/ros2_humble/install/ros2run:/home/khj/ros2_humble/install/ros2launch:/home/khj/ros2_humble/install/ros2pkg:/home/khj/ros2_humble/install/ros2node:/home/khj/ros2_humble/install/ros2multicast:/home/khj/ros2_humble/install/ros2interface:/home/khj/ros2_humble/install/ros2doctor:/home/khj/ros2_humble/install/ros2action:/home/khj/ros2_humble/install/ros2cli:/home/khj/ros2_humble/install/quality_of_service_demo_py:/home/khj/ros2_humble/install/lifecycle_py:/home/khj/ros2_humble/install/launch_testing_ros:/home/khj/ros2_humble/install/launch_ros:/home/khj/ros2_humble/install/examples_rclpy_pointcloud_publisher:/home/khj/ros2_humble/install/examples_rclpy_minimal_subscriber:/home/khj/ros2_humble/install/examples_rclpy_minimal_service:/home/khj/ros2_humble/install/examples_rclpy_minimal_publisher:/home/khj/ros2_humble/install/examples_rclpy_minimal_client:/home/khj/ros2_humble/install/examples_rclpy_minimal_action_server:/home/khj/ros2_humble/install/examples_rclpy_minimal_action_client:/home/khj/ros2_humble/install/examples_rclpy_guard_conditions:/home/khj/ros2_humble/install/examples_rclpy_executors:/home/khj/ros2_humble/install/demo_nodes_py:/home/khj/ros2_humble/install/action_tutorials_py:/home/khj/ros2_humble/install/ament_uncrustify:/home/khj/ros2_humble/install/tracetools_trace:/home/khj/ros2_humble/install/tracetools_read:/home/khj/ros2_humble/install/test_tracetools_launch:/home/khj/ros2_humble/install/test_launch_ros:/home/khj/ros2_humble/install/sensor_msgs_py:/home/khj/ros2_humble/install/rpyutils:/home/khj/ros2_humble/install/rosidl_runtime_py:/home/khj/ros2_humble/install/rosidl_cli:/home/khj/ros2_humble/install/launch_pytest:/home/khj/ros2_humble/install/launch_testing:/home/khj/ros2_humble/install/launch_yaml:/home/khj/ros2_humble/install/launch_xml:/home/khj/ros2_humble/install/launch:/home/khj/ros2_humble/install/osrf_pycommon:/home/khj/ros2_humble/install/launch_testing_examples:/home/khj/ros2_humble/install/domain_coordinator:/home/khj/ros2_humble/install/ament_xmllint:/home/khj/ros2_humble/install/ament_pyflakes:/home/khj/ros2_humble/install/ament_pycodestyle:/home/khj/ros2_humble/install/ament_pep257:/home/khj/ros2_humble/install/ament_pclint:/home/khj/ros2_humble/install/ament_package:/home/khj/ros2_humble/install/ament_mypy:/home/khj/ros2_humble/install/ament_lint_cmake:/home/khj/ros2_humble/install/ament_flake8:/home/khj/ros2_humble/install/ament_copyright:/home/khj/ros2_humble/install/ament_lint:/home/khj/ros2_humble/install/ament_index_python:/home/khj/ros2_humble/install/ament_cpplint:/home/khj/ros2_humble/install/ament_cppcheck:/home/khj/ros2_humble/install/ament_clang_tidy:/home/khj/ros2_humble/install/ament_clang_format /usr/bin/cmake --build /home/khj/Temi/build/temi_msgs -- -j4 -l4
[6.514s] [  3%] [34m[1mGenerating C code for ROS interfaces[0m
[6.552s] [  6%] [34m[1mGenerating C++ code for ROS interfaces[0m
[6.570s] [  6%] Built target ament_cmake_python_copy_temi_msgs
[7.054s] [  6%] Built target temi_msgs__cpp
[7.057s] [  9%] [32mBuilding C object CMakeFiles/temi_msgs__rosidl_generator_c.dir/rosidl_generator_c/temi_msgs/msg/detail/motor_control__functions.c.o[0m
[7.087s] [ 16%] [34m[1mGenerating C++ introspection for ROS interfaces[0m
[7.087s] [ 16%] [34m[1mGenerating C++ type support for eProsima Fast-RTPS[0m
[7.160s] [ 19%] [32m[1mLinking C shared library libtemi_msgs__rosidl_generator_c.so[0m
[7.210s] running egg_info
[7.211s] creating temi_msgs.egg-info
[7.211s] writing temi_msgs.egg-info/PKG-INFO
[7.212s] writing dependency_links to temi_msgs.egg-info/dependency_links.txt
[7.212s] writing top-level names to temi_msgs.egg-info/top_level.txt
[7.212s] writing manifest file 'temi_msgs.egg-info/SOURCES.txt'
[7.216s] reading manifest file 'temi_msgs.egg-info/SOURCES.txt'
[7.216s] writing manifest file 'temi_msgs.egg-info/SOURCES.txt'
[7.249s] [ 19%] Built target temi_msgs__rosidl_generator_c
[7.268s] [ 19%] Built target ament_cmake_python_build_temi_msgs_egg
[7.283s] [ 22%] [34m[1mGenerating C++ type support dispatch for ROS interfaces[0m
[7.302s] [ 25%] [34m[1mGenerating C introspection for ROS interfaces[0m
[7.618s] [ 29%] [32mBuilding CXX object CMakeFiles/temi_msgs__rosidl_typesupport_fastrtps_cpp.dir/rosidl_typesupport_fastrtps_cpp/temi_msgs/msg/detail/dds_fastrtps/motor_control__type_support.cpp.o[0m
[7.628s] [ 32%] [32mBuilding CXX object CMakeFiles/temi_msgs__rosidl_typesupport_introspection_cpp.dir/rosidl_typesupport_introspection_cpp/temi_msgs/msg/detail/motor_control__type_support.cpp.o[0m
[7.767s] [ 35%] [32mBuilding CXX object CMakeFiles/temi_msgs__rosidl_typesupport_cpp.dir/rosidl_typesupport_cpp/temi_msgs/msg/motor_control__type_support.cpp.o[0m
[7.824s] [ 38%] [32mBuilding C object CMakeFiles/temi_msgs__rosidl_typesupport_introspection_c.dir/rosidl_typesupport_introspection_c/temi_msgs/msg/detail/motor_control__type_support.c.o[0m
[7.898s] [ 41%] [32m[1mLinking C shared library libtemi_msgs__rosidl_typesupport_introspection_c.so[0m
[7.980s] [ 41%] Built target temi_msgs__rosidl_typesupport_introspection_c
[8.015s] [ 45%] [34m[1mGenerating C type support for eProsima Fast-RTPS[0m
[8.109s] [ 48%] [32m[1mLinking CXX shared library libtemi_msgs__rosidl_typesupport_cpp.so[0m
[8.117s] [ 51%] [32m[1mLinking CXX shared library libtemi_msgs__rosidl_typesupport_introspection_cpp.so[0m
[8.128s] [ 54%] [32m[1mLinking CXX shared library libtemi_msgs__rosidl_typesupport_fastrtps_cpp.so[0m
[8.211s] [ 54%] Built target temi_msgs__rosidl_typesupport_introspection_cpp
[8.214s] [ 54%] Built target temi_msgs__rosidl_typesupport_cpp
[8.245s] [ 58%] [34m[1mGenerating C type support dispatch for ROS interfaces[0m
[8.274s] [ 58%] Built target temi_msgs__rosidl_typesupport_fastrtps_cpp
[8.535s] [ 61%] [32mBuilding CXX object CMakeFiles/temi_msgs__rosidl_typesupport_fastrtps_c.dir/rosidl_typesupport_fastrtps_c/temi_msgs/msg/detail/motor_control__type_support_c.cpp.o[0m
[8.694s] [ 64%] [32mBuilding CXX object CMakeFiles/temi_msgs__rosidl_typesupport_c.dir/rosidl_typesupport_c/temi_msgs/msg/motor_control__type_support.cpp.o[0m
[8.760s] [ 67%] [32m[1mLinking CXX shared library libtemi_msgs__rosidl_typesupport_c.so[0m
[8.845s] [ 67%] Built target temi_msgs__rosidl_typesupport_c
[8.911s] [ 70%] [32m[1mLinking CXX shared library libtemi_msgs__rosidl_typesupport_fastrtps_c.so[0m
[9.033s] [ 70%] Built target temi_msgs__rosidl_typesupport_fastrtps_c
[9.092s] [ 70%] Built target temi_msgs
[9.153s] [ 74%] [34m[1mGenerating Python code for ROS interfaces[0m
[9.681s] [ 74%] Built target temi_msgs__py
[9.739s] [ 77%] [32mBuilding C object CMakeFiles/temi_msgs__rosidl_generator_py.dir/rosidl_generator_py/temi_msgs/msg/_motor_control_s.c.o[0m
[9.901s] [ 80%] [32m[1mLinking C shared library rosidl_generator_py/temi_msgs/libtemi_msgs__rosidl_generator_py.so[0m
[9.981s] [ 80%] Built target temi_msgs__rosidl_generator_py
[10.044s] [ 83%] [32mBuilding C object CMakeFiles/temi_msgs__rosidl_typesupport_c__pyext.dir/rosidl_generator_py/temi_msgs/_temi_msgs_s.ep.rosidl_typesupport_c.c.o[0m
[10.044s] [ 90%] [32mBuilding C object CMakeFiles/temi_msgs__rosidl_typesupport_introspection_c__pyext.dir/rosidl_generator_py/temi_msgs/_temi_msgs_s.ep.rosidl_typesupport_introspection_c.c.o[0m
[10.044s] [ 90%] [32mBuilding C object CMakeFiles/temi_msgs__rosidl_typesupport_fastrtps_c__pyext.dir/rosidl_generator_py/temi_msgs/_temi_msgs_s.ep.rosidl_typesupport_fastrtps_c.c.o[0m
[10.181s] [ 93%] [32m[1mLinking C shared library rosidl_generator_py/temi_msgs/temi_msgs_s__rosidl_typesupport_c.cpython-310-x86_64-linux-gnu.so[0m
[10.183s] [ 96%] [32m[1mLinking C shared library rosidl_generator_py/temi_msgs/temi_msgs_s__rosidl_typesupport_introspection_c.cpython-310-x86_64-linux-gnu.so[0m
[10.192s] [100%] [32m[1mLinking C shared library rosidl_generator_py/temi_msgs/temi_msgs_s__rosidl_typesupport_fastrtps_c.cpython-310-x86_64-linux-gnu.so[0m
[10.263s] [100%] Built target temi_msgs__rosidl_typesupport_c__pyext
[10.266s] [100%] Built target temi_msgs__rosidl_typesupport_introspection_c__pyext
[10.273s] [100%] Built target temi_msgs__rosidl_typesupport_fastrtps_c__pyext
[10.298s] Invoked command in '/home/khj/Temi/build/temi_msgs' returned '0': CMAKE_PREFIX_PATH=${CMAKE_PREFIX_PATH}:/home/khj/ros2_humble/install/rqt_bag_plugins:/home/khj/ros2_humble/install/rqt_bag:/home/khj/ros2_humble/install/ros2bag:/home/khj/ros2_humble/install/tracetools_test:/home/khj/ros2_humble/install/tracetools_launch:/home/khj/ros2_humble/install/topic_monitor:/home/khj/ros2_humble/install/tf2_tools:/home/khj/ros2_humble/install/examples_tf2_py:/home/khj/ros2_humble/install/tf2_ros_py:/home/khj/ros2_humble/install/sros2:/home/khj/ros2_humble/install/rqt_topic:/home/khj/ros2_humble/install/rqt_srv:/home/khj/ros2_humble/install/rqt_shell:/home/khj/ros2_humble/install/rqt_service_caller:/home/khj/ros2_humble/install/rqt_reconfigure:/home/khj/ros2_humble/install/rqt_py_console:/home/khj/ros2_humble/install/rqt_publisher:/home/khj/ros2_humble/install/rqt_plot:/home/khj/ros2_humble/install/rqt_action:/home/khj/ros2_humble/install/rqt_msg:/home/khj/ros2_humble/install/rqt_console:/home/khj/ros2_humble/install/rqt:/home/khj/ros2_humble/install/rqt_graph:/home/khj/ros2_humble/install/rqt_gui_py:/home/khj/ros2_humble/install/rqt_gui:/home/khj/ros2_humble/install/ros2trace:/home/khj/ros2_humble/install/ros2topic:/home/khj/ros2_humble/install/ros2test:/home/khj/ros2_humble/install/ros2component:/home/khj/ros2_humble/install/ros2param:/home/khj/ros2_humble/install/ros2lifecycle:/home/khj/ros2_humble/install/ros2service:/home/khj/ros2_humble/install/ros2run:/home/khj/ros2_humble/install/ros2launch:/home/khj/ros2_humble/install/ros2pkg:/home/khj/ros2_humble/install/ros2node:/home/khj/ros2_humble/install/ros2multicast:/home/khj/ros2_humble/install/ros2interface:/home/khj/ros2_humble/install/ros2doctor:/home/khj/ros2_humble/install/ros2action:/home/khj/ros2_humble/install/ros2cli:/home/khj/ros2_humble/install/quality_of_service_demo_py:/home/khj/ros2_humble/install/lifecycle_py:/home/khj/ros2_humble/install/launch_testing_ros:/home/khj/ros2_humble/install/launch_ros:/home/khj/ros2_humble/install/examples_rclpy_pointcloud_publisher:/home/khj/ros2_humble/install/examples_rclpy_minimal_subscriber:/home/khj/ros2_humble/install/examples_rclpy_minimal_service:/home/khj/ros2_humble/install/examples_rclpy_minimal_publisher:/home/khj/ros2_humble/install/examples_rclpy_minimal_client:/home/khj/ros2_humble/install/examples_rclpy_minimal_action_server:/home/khj/ros2_humble/install/examples_rclpy_minimal_action_client:/home/khj/ros2_humble/install/examples_rclpy_guard_conditions:/home/khj/ros2_humble/install/examples_rclpy_executors:/home/khj/ros2_humble/install/demo_nodes_py:/home/khj/ros2_humble/install/action_tutorials_py:/home/khj/ros2_humble/install/ament_uncrustify:/home/khj/ros2_humble/install/tracetools_trace:/home/khj/ros2_humble/install/tracetools_read:/home/khj/ros2_humble/install/test_tracetools_launch:/home/khj/ros2_humble/install/test_launch_ros:/home/khj/ros2_humble/install/sensor_msgs_py:/home/khj/ros2_humble/install/rpyutils:/home/khj/ros2_humble/install/rosidl_runtime_py:/home/khj/ros2_humble/install/rosidl_cli:/home/khj/ros2_humble/install/launch_pytest:/home/khj/ros2_humble/install/launch_testing:/home/khj/ros2_humble/install/launch_yaml:/home/khj/ros2_humble/install/launch_xml:/home/khj/ros2_humble/install/launch:/home/khj/ros2_humble/install/osrf_pycommon:/home/khj/ros2_humble/install/launch_testing_examples:/home/khj/ros2_humble/install/domain_coordinator:/home/khj/ros2_humble/install/ament_xmllint:/home/khj/ros2_humble/install/ament_pyflakes:/home/khj/ros2_humble/install/ament_pycodestyle:/home/khj/ros2_humble/install/ament_pep257:/home/khj/ros2_humble/install/ament_pclint:/home/khj/ros2_humble/install/ament_package:/home/khj/ros2_humble/install/ament_mypy:/home/khj/ros2_humble/install/ament_lint_cmake:/home/khj/ros2_humble/install/ament_flake8:/home/khj/ros2_humble/install/ament_copyright:/home/khj/ros2_humble/install/ament_lint:/home/khj/ros2_humble/install/ament_index_python:/home/khj/ros2_humble/install/ament_cpplint:/home/khj/ros2_humble/install/ament_cppcheck:/home/khj/ros2_humble/install/ament_clang_tidy:/home/khj/ros2_humble/install/ament_clang_format /usr/bin/cmake --build /home/khj/Temi/build/temi_msgs -- -j4 -l4
[10.633s] Invoking command in '/home/khj/Temi/build/temi_msgs': CMAKE_PREFIX_PATH=${CMAKE_PREFIX_PATH}:/home/khj/ros2_humble/install/rqt_bag_plugins:/home/khj/ros2_humble/install/rqt_bag:/home/khj/ros2_humble/install/ros2bag:/home/khj/ros2_humble/install/tracetools_test:/home/khj/ros2_humble/install/tracetools_launch:/home/khj/ros2_humble/install/topic_monitor:/home/khj/ros2_humble/install/tf2_tools:/home/khj/ros2_humble/install/examples_tf2_py:/home/khj/ros2_humble/install/tf2_ros_py:/home/khj/ros2_humble/install/sros2:/home/khj/ros2_humble/install/rqt_topic:/home/khj/ros2_humble/install/rqt_srv:/home/khj/ros2_humble/install/rqt_shell:/home/khj/ros2_humble/install/rqt_service_caller:/home/khj/ros2_humble/install/rqt_reconfigure:/home/khj/ros2_humble/install/rqt_py_console:/home/khj/ros2_humble/install/rqt_publisher:/home/khj/ros2_humble/install/rqt_plot:/home/khj/ros2_humble/install/rqt_action:/home/khj/ros2_humble/install/rqt_msg:/home/khj/ros2_humble/install/rqt_console:/home/khj/ros2_humble/install/rqt:/home/khj/ros2_humble/install/rqt_graph:/home/khj/ros2_humble/install/rqt_gui_py:/home/khj/ros2_humble/install/rqt_gui:/home/khj/ros2_humble/install/ros2trace:/home/khj/ros2_humble/install/ros2topic:/home/khj/ros2_humble/install/ros2test:/home/khj/ros2_humble/install/ros2component:/home/khj/ros2_humble/install/ros2param:/home/khj/ros2_humble/install/ros2lifecycle:/home/khj/ros2_humble/install/ros2service:/home/khj/ros2_humble/install/ros2run:/home/khj/ros2_humble/install/ros2launch:/home/khj/ros2_humble/install/ros2pkg:/home/khj/ros2_humble/install/ros2node:/home/khj/ros2_humble/install/ros2multicast:/home/khj/ros2_humble/install/ros2interface:/home/khj/ros2_humble/install/ros2doctor:/home/khj/ros2_humble/install/ros2action:/home/khj/ros2_humble/install/ros2cli:/home/khj/ros2_humble/install/quality_of_service_demo_py:/home/khj/ros2_humble/install/lifecycle_py:/home/khj/ros2_humble/install/launch_testing_ros:/home/khj/ros2_humble/install/launch_ros:/home/khj/ros2_humble/install/examples_rclpy_pointcloud_publisher:/home/khj/ros2_humble/install/examples_rclpy_minimal_subscriber:/home/khj/ros2_humble/install/examples_rclpy_minimal_service:/home/khj/ros2_humble/install/examples_rclpy_minimal_publisher:/home/khj/ros2_humble/install/examples_rclpy_minimal_client:/home/khj/ros2_humble/install/examples_rclpy_minimal_action_server:/home/khj/ros2_humble/install/examples_rclpy_minimal_action_client:/home/khj/ros2_humble/install/examples_rclpy_guard_conditions:/home/khj/ros2_humble/install/examples_rclpy_executors:/home/khj/ros2_humble/install/demo_nodes_py:/home/khj/ros2_humble/install/action_tutorials_py:/home/khj/ros2_humble/install/ament_uncrustify:/home/khj/ros2_humble/install/tracetools_trace:/home/khj/ros2_humble/install/tracetools_read:/home/khj/ros2_humble/install/test_tracetools_launch:/home/khj/ros2_humble/install/test_launch_ros:/home/khj/ros2_humble/install/sensor_msgs_py:/home/khj/ros2_humble/install/rpyutils:/home/khj/ros2_humble/install/rosidl_runtime_py:/home/khj/ros2_humble/install/rosidl_cli:/home/khj/ros2_humble/install/launch_pytest:/home/khj/ros2_humble/install/launch_testing:/home/khj/ros2_humble/install/launch_yaml:/home/khj/ros2_humble/install/launch_xml:/home/khj/ros2_humble/install/launch:/home/khj/ros2_humble/install/osrf_pycommon:/home/khj/ros2_humble/install/launch_testing_examples:/home/khj/ros2_humble/install/domain_coordinator:/home/khj/ros2_humble/install/ament_xmllint:/home/khj/ros2_humble/install/ament_pyflakes:/home/khj/ros2_humble/install/ament_pycodestyle:/home/khj/ros2_humble/install/ament_pep257:/home/khj/ros2_humble/install/ament_pclint:/home/khj/ros2_humble/install/ament_package:/home/khj/ros2_humble/install/ament_mypy:/home/khj/ros2_humble/install/ament_lint_cmake:/home/khj/ros2_humble/install/ament_flake8:/home/khj/ros2_humble/install/ament_copyright:/home/khj/ros2_humble/install/ament_lint:/home/khj/ros2_humble/install/ament_index_python:/home/khj/ros2_humble/install/ament_cpplint:/home/khj/ros2_humble/install/ament_cppcheck:/home/khj/ros2_humble/install/ament_clang_tidy:/home/khj/ros2_humble/install/ament_clang_format /usr/bin/cmake --install /home/khj/Temi/build/temi_msgs
[10.654s] -- Install configuration: ""
[10.654s] -- Installing: /home/khj/Temi/install/temi_msgs/share/ament_index/resource_index/rosidl_interfaces/temi_msgs
[10.655s] -- Installing: /home/khj/Temi/install/temi_msgs/include/temi_msgs/temi_msgs
[10.655s] -- Installing: /home/khj/Temi/install/temi_msgs/include/temi_msgs/temi_msgs/msg
[10.655s] -- Installing: /home/khj/Temi/install/temi_msgs/include/temi_msgs/temi_msgs/msg/detail
[10.655s] -- Installing: /home/khj/Temi/install/temi_msgs/include/temi_msgs/temi_msgs/msg/detail/motor_control__type_support.h
[10.655s] -- Installing: /home/khj/Temi/install/temi_msgs/include/temi_msgs/temi_msgs/msg/detail/motor_control__functions.h
[10.656s] -- Installing: /home/khj/Temi/install/temi_msgs/include/temi_msgs/temi_msgs/msg/detail/motor_control__functions.c
[10.656s] -- Installing: /home/khj/Temi/install/temi_msgs/include/temi_msgs/temi_msgs/msg/detail/motor_control__struct.h
[10.656s] -- Installing: /home/khj/Temi/install/temi_msgs/include/temi_msgs/temi_msgs/msg/motor_control.h
[10.656s] -- Installing: /home/khj/Temi/install/temi_msgs/include/temi_msgs/temi_msgs/msg/rosidl_generator_c__visibility_control.h
[10.656s] -- Installing: /home/khj/Temi/install/temi_msgs/share/temi_msgs/environment/library_path.sh
[10.656s] -- Installing: /home/khj/Temi/install/temi_msgs/share/temi_msgs/environment/library_path.dsv
[10.656s] -- Installing: /home/khj/Temi/install/temi_msgs/lib/libtemi_msgs__rosidl_generator_c.so
[10.657s] -- Set runtime path of "/home/khj/Temi/install/temi_msgs/lib/libtemi_msgs__rosidl_generator_c.so" to ""
[10.657s] -- Up-to-date: /home/khj/Temi/install/temi_msgs/include/temi_msgs/temi_msgs
[10.657s] -- Up-to-date: /home/khj/Temi/install/temi_msgs/include/temi_msgs/temi_msgs/msg
[10.657s] -- Installing: /home/khj/Temi/install/temi_msgs/include/temi_msgs/temi_msgs/msg/rosidl_typesupport_introspection_c__visibility_control.h
[10.657s] -- Up-to-date: /home/khj/Temi/install/temi_msgs/include/temi_msgs/temi_msgs/msg/detail
[10.658s] -- Installing: /home/khj/Temi/install/temi_msgs/include/temi_msgs/temi_msgs/msg/detail/motor_control__type_support.c
[10.658s] -- Installing: /home/khj/Temi/install/temi_msgs/include/temi_msgs/temi_msgs/msg/detail/motor_control__rosidl_typesupport_introspection_c.h
[10.658s] -- Installing: /home/khj/Temi/install/temi_msgs/lib/libtemi_msgs__rosidl_typesupport_introspection_c.so
[10.658s] -- Set runtime path of "/home/khj/Temi/install/temi_msgs/lib/libtemi_msgs__rosidl_typesupport_introspection_c.so" to ""
[10.658s] -- Up-to-date: /home/khj/Temi/install/temi_msgs/include/temi_msgs/temi_msgs
[10.659s] -- Up-to-date: /home/khj/Temi/install/temi_msgs/include/temi_msgs/temi_msgs/msg
[10.659s] -- Up-to-date: /home/khj/Temi/install/temi_msgs/include/temi_msgs/temi_msgs/msg/detail
[10.659s] -- Installing: /home/khj/Temi/install/temi_msgs/include/temi_msgs/temi_msgs/msg/detail/motor_control__rosidl_typesupport_fastrtps_c.h
[10.659s] -- Installing: /home/khj/Temi/install/temi_msgs/include/temi_msgs/temi_msgs/msg/rosidl_typesupport_fastrtps_c__visibility_control.h
[10.659s] -- Installing: /home/khj/Temi/install/temi_msgs/lib/libtemi_msgs__rosidl_typesupport_fastrtps_c.so
[10.659s] -- Set runtime path of "/home/khj/Temi/install/temi_msgs/lib/libtemi_msgs__rosidl_typesupport_fastrtps_c.so" to ""
[10.659s] -- Installing: /home/khj/Temi/install/temi_msgs/lib/libtemi_msgs__rosidl_typesupport_c.so
[10.660s] -- Set runtime path of "/home/khj/Temi/install/temi_msgs/lib/libtemi_msgs__rosidl_typesupport_c.so" to ""
[10.660s] -- Up-to-date: /home/khj/Temi/install/temi_msgs/include/temi_msgs/temi_msgs
[10.660s] -- Up-to-date: /home/khj/Temi/install/temi_msgs/include/temi_msgs/temi_msgs/msg
[10.660s] -- Installing: /home/khj/Temi/install/temi_msgs/include/temi_msgs/temi_msgs/msg/motor_control.hpp
[10.660s] -- Up-to-date: /home/khj/Temi/install/temi_msgs/include/temi_msgs/temi_msgs/msg/detail
[10.660s] -- Installing: /home/khj/Temi/install/temi_msgs/include/temi_msgs/temi_msgs/msg/detail/motor_control__struct.hpp
[10.661s] -- Installing: /home/khj/Temi/install/temi_msgs/include/temi_msgs/temi_msgs/msg/detail/motor_control__builder.hpp
[10.661s] -- Installing: /home/khj/Temi/install/temi_msgs/include/temi_msgs/temi_msgs/msg/detail/motor_control__traits.hpp
[10.661s] -- Up-to-date: /home/khj/Temi/install/temi_msgs/include/temi_msgs/temi_msgs
[10.661s] -- Up-to-date: /home/khj/Temi/install/temi_msgs/include/temi_msgs/temi_msgs/msg
[10.661s] -- Up-to-date: /home/khj/Temi/install/temi_msgs/include/temi_msgs/temi_msgs/msg/detail
[10.661s] -- Installing: /home/khj/Temi/install/temi_msgs/include/temi_msgs/temi_msgs/msg/detail/motor_control__rosidl_typesupport_introspection_cpp.hpp
[10.661s] -- Installing: /home/khj/Temi/install/temi_msgs/include/temi_msgs/temi_msgs/msg/detail/motor_control__type_support.cpp
[10.661s] -- Installing: /home/khj/Temi/install/temi_msgs/lib/libtemi_msgs__rosidl_typesupport_introspection_cpp.so
[10.661s] -- Set runtime path of "/home/khj/Temi/install/temi_msgs/lib/libtemi_msgs__rosidl_typesupport_introspection_cpp.so" to ""
[10.662s] -- Up-to-date: /home/khj/Temi/install/temi_msgs/include/temi_msgs/temi_msgs
[10.662s] -- Up-to-date: /home/khj/Temi/install/temi_msgs/include/temi_msgs/temi_msgs/msg
[10.662s] -- Installing: /home/khj/Temi/install/temi_msgs/include/temi_msgs/temi_msgs/msg/rosidl_typesupport_fastrtps_cpp__visibility_control.h
[10.662s] -- Up-to-date: /home/khj/Temi/install/temi_msgs/include/temi_msgs/temi_msgs/msg/detail
[10.663s] -- Installing: /home/khj/Temi/install/temi_msgs/include/temi_msgs/temi_msgs/msg/detail/dds_fastrtps
[10.663s] -- Installing: /home/khj/Temi/install/temi_msgs/include/temi_msgs/temi_msgs/msg/detail/motor_control__rosidl_typesupport_fastrtps_cpp.hpp
[10.663s] -- Installing: /home/khj/Temi/install/temi_msgs/lib/libtemi_msgs__rosidl_typesupport_fastrtps_cpp.so
[10.663s] -- Set runtime path of "/home/khj/Temi/install/temi_msgs/lib/libtemi_msgs__rosidl_typesupport_fastrtps_cpp.so" to ""
[10.663s] -- Installing: /home/khj/Temi/install/temi_msgs/lib/libtemi_msgs__rosidl_typesupport_cpp.so
[10.664s] -- Set runtime path of "/home/khj/Temi/install/temi_msgs/lib/libtemi_msgs__rosidl_typesupport_cpp.so" to ""
[10.664s] -- Installing: /home/khj/Temi/install/temi_msgs/share/temi_msgs/environment/pythonpath.sh
[10.664s] -- Installing: /home/khj/Temi/install/temi_msgs/share/temi_msgs/environment/pythonpath.dsv
[10.664s] -- Installing: /home/khj/Temi/install/temi_msgs/local/lib/python3.10/dist-packages/temi_msgs-0.0.1-py3.10.egg-info
[10.664s] -- Installing: /home/khj/Temi/install/temi_msgs/local/lib/python3.10/dist-packages/temi_msgs-0.0.1-py3.10.egg-info/PKG-INFO
[10.664s] -- Installing: /home/khj/Temi/install/temi_msgs/local/lib/python3.10/dist-packages/temi_msgs-0.0.1-py3.10.egg-info/dependency_links.txt
[10.664s] -- Installing: /home/khj/Temi/install/temi_msgs/local/lib/python3.10/dist-packages/temi_msgs-0.0.1-py3.10.egg-info/SOURCES.txt
[10.665s] -- Installing: /home/khj/Temi/install/temi_msgs/local/lib/python3.10/dist-packages/temi_msgs-0.0.1-py3.10.egg-info/top_level.txt
[10.665s] -- Installing: /home/khj/Temi/install/temi_msgs/local/lib/python3.10/dist-packages/temi_msgs
[10.665s] -- Installing: /home/khj/Temi/install/temi_msgs/local/lib/python3.10/dist-packages/temi_msgs/temi_msgs_s__rosidl_typesupport_fastrtps_c.cpython-310-x86_64-linux-gnu.so
[10.665s] -- Installing: /home/khj/Temi/install/temi_msgs/local/lib/python3.10/dist-packages/temi_msgs/msg
[10.665s] -- Installing: /home/khj/Temi/install/temi_msgs/local/lib/python3.10/dist-packages/temi_msgs/msg/_motor_control.py
[10.665s] -- Installing: /home/khj/Temi/install/temi_msgs/local/lib/python3.10/dist-packages/temi_msgs/msg/_motor_control_s.c
[10.665s] -- Installing: /home/khj/Temi/install/temi_msgs/local/lib/python3.10/dist-packages/temi_msgs/msg/__init__.py
[10.665s] -- Installing: /home/khj/Temi/install/temi_msgs/local/lib/python3.10/dist-packages/temi_msgs/_temi_msgs_s.ep.rosidl_typesupport_introspection_c.c
[10.665s] -- Installing: /home/khj/Temi/install/temi_msgs/local/lib/python3.10/dist-packages/temi_msgs/temi_msgs_s__rosidl_typesupport_c.cpython-310-x86_64-linux-gnu.so
[10.666s] -- Installing: /home/khj/Temi/install/temi_msgs/local/lib/python3.10/dist-packages/temi_msgs/_temi_msgs_s.ep.rosidl_typesupport_fastrtps_c.c
[10.666s] -- Installing: /home/khj/Temi/install/temi_msgs/local/lib/python3.10/dist-packages/temi_msgs/temi_msgs_s__rosidl_typesupport_introspection_c.cpython-310-x86_64-linux-gnu.so
[10.666s] -- Installing: /home/khj/Temi/install/temi_msgs/local/lib/python3.10/dist-packages/temi_msgs/libtemi_msgs__rosidl_generator_py.so
[10.666s] -- Installing: /home/khj/Temi/install/temi_msgs/local/lib/python3.10/dist-packages/temi_msgs/_temi_msgs_s.ep.rosidl_typesupport_c.c
[10.666s] -- Installing: /home/khj/Temi/install/temi_msgs/local/lib/python3.10/dist-packages/temi_msgs/__init__.py
[10.823s] Listing '/home/khj/Temi/install/temi_msgs/local/lib/python3.10/dist-packages/temi_msgs'...
[10.823s] Compiling '/home/khj/Temi/install/temi_msgs/local/lib/python3.10/dist-packages/temi_msgs/__init__.py'...
[10.823s] Listing '/home/khj/Temi/install/temi_msgs/local/lib/python3.10/dist-packages/temi_msgs/msg'...
[10.824s] Compiling '/home/khj/Temi/install/temi_msgs/local/lib/python3.10/dist-packages/temi_msgs/msg/__init__.py'...
[10.824s] Compiling '/home/khj/Temi/install/temi_msgs/local/lib/python3.10/dist-packages/temi_msgs/msg/_motor_control.py'...
[10.828s] -- Installing: /home/khj/Temi/install/temi_msgs/local/lib/python3.10/dist-packages/temi_msgs/temi_msgs_s__rosidl_typesupport_introspection_c.cpython-310-x86_64-linux-gnu.so
[10.829s] -- Set runtime path of "/home/khj/Temi/install/temi_msgs/local/lib/python3.10/dist-packages/temi_msgs/temi_msgs_s__rosidl_typesupport_introspection_c.cpython-310-x86_64-linux-gnu.so" to ""
[10.829s] -- Installing: /home/khj/Temi/install/temi_msgs/local/lib/python3.10/dist-packages/temi_msgs/temi_msgs_s__rosidl_typesupport_fastrtps_c.cpython-310-x86_64-linux-gnu.so
[10.830s] -- Set runtime path of "/home/khj/Temi/install/temi_msgs/local/lib/python3.10/dist-packages/temi_msgs/temi_msgs_s__rosidl_typesupport_fastrtps_c.cpython-310-x86_64-linux-gnu.so" to ""
[10.830s] -- Installing: /home/khj/Temi/install/temi_msgs/local/lib/python3.10/dist-packages/temi_msgs/temi_msgs_s__rosidl_typesupport_c.cpython-310-x86_64-linux-gnu.so
[10.831s] -- Set runtime path of "/home/khj/Temi/install/temi_msgs/local/lib/python3.10/dist-packages/temi_msgs/temi_msgs_s__rosidl_typesupport_c.cpython-310-x86_64-linux-gnu.so" to ""
[10.831s] -- Installing: /home/khj/Temi/install/temi_msgs/lib/libtemi_msgs__rosidl_generator_py.so
[10.831s] -- Set runtime path of "/home/khj/Temi/install/temi_msgs/lib/libtemi_msgs__rosidl_generator_py.so" to ""
[10.832s] -- Installing: /home/khj/Temi/install/temi_msgs/share/temi_msgs/msg/MotorControl.idl
[10.832s] -- Installing: /home/khj/Temi/install/temi_msgs/share/temi_msgs/msg/MotorControl.msg
[10.832s] -- Installing: /home/khj/Temi/install/temi_msgs/share/ament_index/resource_index/package_run_dependencies/temi_msgs
[10.832s] -- Installing: /home/khj/Temi/install/temi_msgs/share/ament_index/resource_index/parent_prefix_path/temi_msgs
[10.832s] -- Installing: /home/khj/Temi/install/temi_msgs/share/temi_msgs/environment/ament_prefix_path.sh
[10.832s] -- Installing: /home/khj/Temi/install/temi_msgs/share/temi_msgs/environment/ament_prefix_path.dsv
[10.833s] -- Installing: /home/khj/Temi/install/temi_msgs/share/temi_msgs/environment/path.sh
[10.833s] -- Installing: /home/khj/Temi/install/temi_msgs/share/temi_msgs/environment/path.dsv
[10.833s] -- Installing: /home/khj/Temi/install/temi_msgs/share/temi_msgs/local_setup.bash
[10.833s] -- Installing: /home/khj/Temi/install/temi_msgs/share/temi_msgs/local_setup.sh
[10.833s] -- Installing: /home/khj/Temi/install/temi_msgs/share/temi_msgs/local_setup.zsh
[10.833s] -- Installing: /home/khj/Temi/install/temi_msgs/share/temi_msgs/local_setup.dsv
[10.833s] -- Installing: /home/khj/Temi/install/temi_msgs/share/temi_msgs/package.dsv
[10.834s] -- Installing: /home/khj/Temi/install/temi_msgs/share/ament_index/resource_index/packages/temi_msgs
[10.834s] -- Installing: /home/khj/Temi/install/temi_msgs/share/temi_msgs/cmake/export_temi_msgs__rosidl_generator_cExport.cmake
[10.834s] -- Installing: /home/khj/Temi/install/temi_msgs/share/temi_msgs/cmake/export_temi_msgs__rosidl_generator_cExport-noconfig.cmake
[10.834s] -- Installing: /home/khj/Temi/install/temi_msgs/share/temi_msgs/cmake/temi_msgs__rosidl_typesupport_introspection_cExport.cmake
[10.834s] -- Installing: /home/khj/Temi/install/temi_msgs/share/temi_msgs/cmake/temi_msgs__rosidl_typesupport_introspection_cExport-noconfig.cmake
[10.835s] -- Installing: /home/khj/Temi/install/temi_msgs/share/temi_msgs/cmake/export_temi_msgs__rosidl_typesupport_fastrtps_cExport.cmake
[10.835s] -- Installing: /home/khj/Temi/install/temi_msgs/share/temi_msgs/cmake/export_temi_msgs__rosidl_typesupport_fastrtps_cExport-noconfig.cmake
[10.835s] -- Installing: /home/khj/Temi/install/temi_msgs/share/temi_msgs/cmake/temi_msgs__rosidl_typesupport_cExport.cmake
[10.835s] -- Installing: /home/khj/Temi/install/temi_msgs/share/temi_msgs/cmake/temi_msgs__rosidl_typesupport_cExport-noconfig.cmake
[10.835s] -- Installing: /home/khj/Temi/install/temi_msgs/share/temi_msgs/cmake/export_temi_msgs__rosidl_generator_cppExport.cmake
[10.835s] -- Installing: /home/khj/Temi/install/temi_msgs/share/temi_msgs/cmake/temi_msgs__rosidl_typesupport_introspection_cppExport.cmake
[10.835s] -- Installing: /home/khj/Temi/install/temi_msgs/share/temi_msgs/cmake/temi_msgs__rosidl_typesupport_introspection_cppExport-noconfig.cmake
[10.836s] -- Installing: /home/khj/Temi/install/temi_msgs/share/temi_msgs/cmake/export_temi_msgs__rosidl_typesupport_fastrtps_cppExport.cmake
[10.836s] -- Installing: /home/khj/Temi/install/temi_msgs/share/temi_msgs/cmake/export_temi_msgs__rosidl_typesupport_fastrtps_cppExport-noconfig.cmake
[10.836s] -- Installing: /home/khj/Temi/install/temi_msgs/share/temi_msgs/cmake/temi_msgs__rosidl_typesupport_cppExport.cmake
[10.836s] -- Installing: /home/khj/Temi/install/temi_msgs/share/temi_msgs/cmake/temi_msgs__rosidl_typesupport_cppExport-noconfig.cmake
[10.836s] -- Installing: /home/khj/Temi/install/temi_msgs/share/temi_msgs/cmake/export_temi_msgs__rosidl_generator_pyExport.cmake
[10.836s] -- Installing: /home/khj/Temi/install/temi_msgs/share/temi_msgs/cmake/export_temi_msgs__rosidl_generator_pyExport-noconfig.cmake
[10.837s] -- Installing: /home/khj/Temi/install/temi_msgs/share/temi_msgs/cmake/rosidl_cmake-extras.cmake
[10.837s] -- Installing: /home/khj/Temi/install/temi_msgs/share/temi_msgs/cmake/ament_cmake_export_include_directories-extras.cmake
[10.837s] -- Installing: /home/khj/Temi/install/temi_msgs/share/temi_msgs/cmake/ament_cmake_export_libraries-extras.cmake
[10.837s] -- Installing: /home/khj/Temi/install/temi_msgs/share/temi_msgs/cmake/ament_cmake_export_targets-extras.cmake
[10.837s] -- Installing: /home/khj/Temi/install/temi_msgs/share/temi_msgs/cmake/rosidl_cmake_export_typesupport_targets-extras.cmake
[10.837s] -- Installing: /home/khj/Temi/install/temi_msgs/share/temi_msgs/cmake/ament_cmake_export_dependencies-extras.cmake
[10.837s] -- Installing: /home/khj/Temi/install/temi_msgs/share/temi_msgs/cmake/rosidl_cmake_export_typesupport_libraries-extras.cmake
[10.838s] -- Installing: /home/khj/Temi/install/temi_msgs/share/temi_msgs/cmake/temi_msgsConfig.cmake
[10.838s] -- Installing: /home/khj/Temi/install/temi_msgs/share/temi_msgs/cmake/temi_msgsConfig-version.cmake
[10.838s] -- Installing: /home/khj/Temi/install/temi_msgs/share/temi_msgs/package.xml
[10.841s] Invoked command in '/home/khj/Temi/build/temi_msgs' returned '0': CMAKE_PREFIX_PATH=${CMAKE_PREFIX_PATH}:/home/khj/ros2_humble/install/rqt_bag_plugins:/home/khj/ros2_humble/install/rqt_bag:/home/khj/ros2_humble/install/ros2bag:/home/khj/ros2_humble/install/tracetools_test:/home/khj/ros2_humble/install/tracetools_launch:/home/khj/ros2_humble/install/topic_monitor:/home/khj/ros2_humble/install/tf2_tools:/home/khj/ros2_humble/install/examples_tf2_py:/home/khj/ros2_humble/install/tf2_ros_py:/home/khj/ros2_humble/install/sros2:/home/khj/ros2_humble/install/rqt_topic:/home/khj/ros2_humble/install/rqt_srv:/home/khj/ros2_humble/install/rqt_shell:/home/khj/ros2_humble/install/rqt_service_caller:/home/khj/ros2_humble/install/rqt_reconfigure:/home/khj/ros2_humble/install/rqt_py_console:/home/khj/ros2_humble/install/rqt_publisher:/home/khj/ros2_humble/install/rqt_plot:/home/khj/ros2_humble/install/rqt_action:/home/khj/ros2_humble/install/rqt_msg:/home/khj/ros2_humble/install/rqt_console:/home/khj/ros2_humble/install/rqt:/home/khj/ros2_humble/install/rqt_graph:/home/khj/ros2_humble/install/rqt_gui_py:/home/khj/ros2_humble/install/rqt_gui:/home/khj/ros2_humble/install/ros2trace:/home/khj/ros2_humble/install/ros2topic:/home/khj/ros2_humble/install/ros2test:/home/khj/ros2_humble/install/ros2component:/home/khj/ros2_humble/install/ros2param:/home/khj/ros2_humble/install/ros2lifecycle:/home/khj/ros2_humble/install/ros2service:/home/khj/ros2_humble/install/ros2run:/home/khj/ros2_humble/install/ros2launch:/home/khj/ros2_humble/install/ros2pkg:/home/khj/ros2_humble/install/ros2node:/home/khj/ros2_humble/install/ros2multicast:/home/khj/ros2_humble/install/ros2interface:/home/khj/ros2_humble/install/ros2doctor:/home/khj/ros2_humble/install/ros2action:/home/khj/ros2_humble/install/ros2cli:/home/khj/ros2_humble/install/quality_of_service_demo_py:/home/khj/ros2_humble/install/lifecycle_py:/home/khj/ros2_humble/install/launch_testing_ros:/home/khj/ros2_humble/install/launch_ros:/home/khj/ros2_humble/install/examples_rclpy_pointcloud_publisher:/home/khj/ros2_humble/install/examples_rclpy_minimal_subscriber:/home/khj/ros2_humble/install/examples_rclpy_minimal_service:/home/khj/ros2_humble/install/examples_rclpy_minimal_publisher:/home/khj/ros2_humble/install/examples_rclpy_minimal_client:/home/khj/ros2_humble/install/examples_rclpy_minimal_action_server:/home/khj/ros2_humble/install/examples_rclpy_minimal_action_client:/home/khj/ros2_humble/install/examples_rclpy_guard_conditions:/home/khj/ros2_humble/install/examples_rclpy_executors:/home/khj/ros2_humble/install/demo_nodes_py:/home/khj/ros2_humble/install/action_tutorials_py:/home/khj/ros2_humble/install/ament_uncrustify:/home/khj/ros2_humble/install/tracetools_trace:/home/khj/ros2_humble/install/tracetools_read:/home/khj/ros2_humble/install/test_tracetools_launch:/home/khj/ros2_humble/install/test_launch_ros:/home/khj/ros2_humble/install/sensor_msgs_py:/home/khj/ros2_humble/install/rpyutils:/home/khj/ros2_humble/install/rosidl_runtime_py:/home/khj/ros2_humble/install/rosidl_cli:/home/khj/ros2_humble/install/launch_pytest:/home/khj/ros2_humble/install/launch_testing:/home/khj/ros2_humble/install/launch_yaml:/home/khj/ros2_humble/install/launch_xml:/home/khj/ros2_humble/install/launch:/home/khj/ros2_humble/install/osrf_pycommon:/home/khj/ros2_humble/install/launch_testing_examples:/home/khj/ros2_humble/install/domain_coordinator:/home/khj/ros2_humble/install/ament_xmllint:/home/khj/ros2_humble/install/ament_pyflakes:/home/khj/ros2_humble/install/ament_pycodestyle:/home/khj/ros2_humble/install/ament_pep257:/home/khj/ros2_humble/install/ament_pclint:/home/khj/ros2_humble/install/ament_package:/home/khj/ros2_humble/install/ament_mypy:/home/khj/ros2_humble/install/ament_lint_cmake:/home/khj/ros2_humble/install/ament_flake8:/home/khj/ros2_humble/install/ament_copyright:/home/khj/ros2_humble/install/ament_lint:/home/khj/ros2_humble/install/ament_index_python:/home/khj/ros2_humble/install/ament_cpplint:/home/khj/ros2_humble/install/ament_cppcheck:/home/khj/ros2_humble/install/ament_clang_tidy:/home/khj/ros2_humble/install/ament_clang_format /usr/bin/cmake --install /home/khj/Temi/build/temi_msgs
