running egg_info
creating build/Temi/Temi.egg-info
writing build/Temi/Temi.egg-info/PKG-INFO
writing dependency_links to build/Temi/Temi.egg-info/dependency_links.txt
writing entry points to build/Temi/Temi.egg-info/entry_points.txt
writing requirements to build/Temi/Temi.egg-info/requires.txt
writing top-level names to build/Temi/Temi.egg-info/top_level.txt
writing manifest file 'build/Temi/Temi.egg-info/SOURCES.txt'
reading manifest file 'build/Temi/Temi.egg-info/SOURCES.txt'
adding license file 'LICENSE'
writing manifest file 'build/Temi/Temi.egg-info/SOURCES.txt'
running build
running build_py
creating /home/khj/Temi/build/Temi/build
creating /home/khj/Temi/build/Temi/build/lib
creating /home/khj/Temi/build/Temi/build/lib/Temi
copying Temi/__init__.py -> /home/khj/Temi/build/Temi/build/lib/Temi
running install
/usr/lib/python3/dist-packages/setuptools/command/install.py:34: SetuptoolsDeprecationWarning: setup.py install is deprecated. Use build and pip and other standards-based tools.
  warnings.warn(
running install_lib
creating /home/khj/Temi/install/Temi/lib/python3.10/site-packages/Temi
copying /home/khj/Temi/build/Temi/build/lib/Temi/__init__.py -> /home/khj/Temi/install/Temi/lib/python3.10/site-packages/Temi
byte-compiling /home/khj/Temi/install/Temi/lib/python3.10/site-packages/Temi/__init__.py to __init__.cpython-310.pyc
running install_data
creating /home/khj/Temi/install/Temi/share/ament_index
creating /home/khj/Temi/install/Temi/share/ament_index/resource_index
creating /home/khj/Temi/install/Temi/share/ament_index/resource_index/packages
copying resource/Temi -> /home/khj/Temi/install/Temi/share/ament_index/resource_index/packages
copying package.xml -> /home/khj/Temi/install/Temi/share/Temi
running install_egg_info
Copying build/Temi/Temi.egg-info to /home/khj/Temi/install/Temi/lib/python3.10/site-packages/Temi-0.0.0-py3.10.egg-info
running install_scripts
writing list of installed files to '/home/khj/Temi/build/Temi/install.log'
