[2.394s] Invoking command in '/home/khj/Temi/src/temi': PYTHONPATH=/home/khj/Temi/build/temi/prefix_override:/home/khj/Temi/install/temi/lib/python3.10/site-packages:${PYTHONPATH} /usr/bin/python3 setup.py egg_info --egg-base ../../build/temi build --build-base /home/khj/Temi/build/temi/build install --record /home/khj/Temi/build/temi/install.log --single-version-externally-managed
[3.117s] running egg_info
[3.118s] creating ../../build/temi/temi.egg-info
[3.118s] writing ../../build/temi/temi.egg-info/PKG-INFO
[3.119s] writing dependency_links to ../../build/temi/temi.egg-info/dependency_links.txt
[3.119s] writing entry points to ../../build/temi/temi.egg-info/entry_points.txt
[3.119s] writing requirements to ../../build/temi/temi.egg-info/requires.txt
[3.119s] writing top-level names to ../../build/temi/temi.egg-info/top_level.txt
[3.119s] writing manifest file '../../build/temi/temi.egg-info/SOURCES.txt'
[3.121s] reading manifest file '../../build/temi/temi.egg-info/SOURCES.txt'
[3.121s] adding license file 'LICENSE'
[3.122s] writing manifest file '../../build/temi/temi.egg-info/SOURCES.txt'
[3.122s] running build
[3.122s] running build_py
[3.122s] creating /home/khj/Temi/build/temi/build
[3.122s] creating /home/khj/Temi/build/temi/build/lib
[3.123s] creating /home/khj/Temi/build/temi/build/lib/temi
[3.123s] copying temi/__init__.py -> /home/khj/Temi/build/temi/build/lib/temi
[3.123s] copying temi/temi.py -> /home/khj/Temi/build/temi/build/lib/temi
[3.123s] running install
[3.123s] /usr/lib/python3/dist-packages/setuptools/command/install.py:34: SetuptoolsDeprecationWarning: setup.py install is deprecated. Use build and pip and other standards-based tools.
[3.123s]   warnings.warn(
[3.123s] running install_lib
[3.124s] creating /home/khj/Temi/install/temi/lib/python3.10/site-packages/temi
[3.124s] copying /home/khj/Temi/build/temi/build/lib/temi/__init__.py -> /home/khj/Temi/install/temi/lib/python3.10/site-packages/temi
[3.124s] copying /home/khj/Temi/build/temi/build/lib/temi/temi.py -> /home/khj/Temi/install/temi/lib/python3.10/site-packages/temi
[3.127s] byte-compiling /home/khj/Temi/install/temi/lib/python3.10/site-packages/temi/__init__.py to __init__.cpython-310.pyc
[3.127s] byte-compiling /home/khj/Temi/install/temi/lib/python3.10/site-packages/temi/temi.py to temi.cpython-310.pyc
[3.130s] running install_data
[3.130s] creating /home/khj/Temi/install/temi/share
[3.130s] creating /home/khj/Temi/install/temi/share/ament_index
[3.130s] creating /home/khj/Temi/install/temi/share/ament_index/resource_index
[3.130s] creating /home/khj/Temi/install/temi/share/ament_index/resource_index/packages
[3.130s] copying resource/temi -> /home/khj/Temi/install/temi/share/ament_index/resource_index/packages
[3.130s] creating /home/khj/Temi/install/temi/share/temi
[3.130s] copying package.xml -> /home/khj/Temi/install/temi/share/temi
[3.131s] running install_egg_info
[3.137s] Copying ../../build/temi/temi.egg-info to /home/khj/Temi/install/temi/lib/python3.10/site-packages/temi-0.0.1-py3.10.egg-info
[3.138s] running install_scripts
[3.194s] Installing temi.py script to /home/khj/Temi/install/temi/lib/temi
[3.194s] writing list of installed files to '/home/khj/Temi/build/temi/install.log'
[3.340s] Invoked command in '/home/khj/Temi/src/temi' returned '0': PYTHONPATH=/home/khj/Temi/build/temi/prefix_override:/home/khj/Temi/install/temi/lib/python3.10/site-packages:${PYTHONPATH} /usr/bin/python3 setup.py egg_info --egg-base ../../build/temi build --build-base /home/khj/Temi/build/temi/build install --record /home/khj/Temi/build/temi/install.log --single-version-externally-managed
