[0.307s] Invoking command in '/home/khj/Temi/build/temi_msgs': CMAKE_PREFIX_PATH=${CMAKE_PREFIX_PATH}:/home/khj/ros2_study/install/my_first_package:/opt/ros/humble:/home/khj/ros2_humble/install/rqt_bag_plugins:/home/khj/ros2_humble/install/rqt_bag:/home/khj/ros2_humble/install/ros2bag:/home/khj/ros2_humble/install/tracetools_test:/home/khj/ros2_humble/install/tracetools_launch:/home/khj/ros2_humble/install/topic_monitor:/home/khj/ros2_humble/install/tf2_tools:/home/khj/ros2_humble/install/examples_tf2_py:/home/khj/ros2_humble/install/tf2_ros_py:/home/khj/ros2_humble/install/sros2:/home/khj/ros2_humble/install/rqt_topic:/home/khj/ros2_humble/install/rqt_srv:/home/khj/ros2_humble/install/rqt_shell:/home/khj/ros2_humble/install/rqt_service_caller:/home/khj/ros2_humble/install/rqt_reconfigure:/home/khj/ros2_humble/install/rqt_py_console:/home/khj/ros2_humble/install/rqt_publisher:/home/khj/ros2_humble/install/rqt_plot:/home/khj/ros2_humble/install/rqt_action:/home/khj/ros2_humble/install/rqt_msg:/home/khj/ros2_humble/install/rqt_console:/home/khj/ros2_humble/install/rqt:/home/khj/ros2_humble/install/rqt_graph:/home/khj/ros2_humble/install/rqt_gui_py:/home/khj/ros2_humble/install/rqt_gui:/home/khj/ros2_humble/install/ros2trace:/home/khj/ros2_humble/install/ros2topic:/home/khj/ros2_humble/install/ros2test:/home/khj/ros2_humble/install/ros2component:/home/khj/ros2_humble/install/ros2param:/home/khj/ros2_humble/install/ros2lifecycle:/home/khj/ros2_humble/install/ros2service:/home/khj/ros2_humble/install/ros2run:/home/khj/ros2_humble/install/ros2launch:/home/khj/ros2_humble/install/ros2pkg:/home/khj/ros2_humble/install/ros2node:/home/khj/ros2_humble/install/ros2multicast:/home/khj/ros2_humble/install/ros2interface:/home/khj/ros2_humble/install/ros2doctor:/home/khj/ros2_humble/install/ros2action:/home/khj/ros2_humble/install/ros2cli:/home/khj/ros2_humble/install/quality_of_service_demo_py:/home/khj/ros2_humble/install/lifecycle_py:/home/khj/ros2_humble/install/launch_testing_ros:/home/khj/ros2_humble/install/launch_ros:/home/khj/ros2_humble/install/examples_rclpy_pointcloud_publisher:/home/khj/ros2_humble/install/examples_rclpy_minimal_subscriber:/home/khj/ros2_humble/install/examples_rclpy_minimal_service:/home/khj/ros2_humble/install/examples_rclpy_minimal_publisher:/home/khj/ros2_humble/install/examples_rclpy_minimal_client:/home/khj/ros2_humble/install/examples_rclpy_minimal_action_server:/home/khj/ros2_humble/install/examples_rclpy_minimal_action_client:/home/khj/ros2_humble/install/examples_rclpy_guard_conditions:/home/khj/ros2_humble/install/examples_rclpy_executors:/home/khj/ros2_humble/install/demo_nodes_py:/home/khj/ros2_humble/install/action_tutorials_py:/home/khj/ros2_humble/install/ament_uncrustify:/home/khj/ros2_humble/install/tracetools_trace:/home/khj/ros2_humble/install/tracetools_read:/home/khj/ros2_humble/install/test_tracetools_launch:/home/khj/ros2_humble/install/test_launch_ros:/home/khj/ros2_humble/install/sensor_msgs_py:/home/khj/ros2_humble/install/rpyutils:/home/khj/ros2_humble/install/rosidl_runtime_py:/home/khj/ros2_humble/install/rosidl_cli:/home/khj/ros2_humble/install/launch_pytest:/home/khj/ros2_humble/install/launch_testing:/home/khj/ros2_humble/install/launch_yaml:/home/khj/ros2_humble/install/launch_xml:/home/khj/ros2_humble/install/launch:/home/khj/ros2_humble/install/osrf_pycommon:/home/khj/ros2_humble/install/launch_testing_examples:/home/khj/ros2_humble/install/domain_coordinator:/home/khj/ros2_humble/install/ament_xmllint:/home/khj/ros2_humble/install/ament_pyflakes:/home/khj/ros2_humble/install/ament_pycodestyle:/home/khj/ros2_humble/install/ament_pep257:/home/khj/ros2_humble/install/ament_pclint:/home/khj/ros2_humble/install/ament_package:/home/khj/ros2_humble/install/ament_mypy:/home/khj/ros2_humble/install/ament_lint_cmake:/home/khj/ros2_humble/install/ament_flake8:/home/khj/ros2_humble/install/ament_copyright:/home/khj/ros2_humble/install/ament_lint:/home/khj/ros2_humble/install/ament_index_python:/home/khj/ros2_humble/install/ament_cpplint:/home/khj/ros2_humble/install/ament_cppcheck:/home/khj/ros2_humble/install/ament_clang_tidy:/home/khj/ros2_humble/install/ament_clang_format /usr/bin/cmake --build /home/khj/Temi/build/temi_msgs -- -j4 -l4
[0.441s] [35m[1mConsolidate compiler generated dependencies of target temi_msgs__rosidl_generator_c[0m
[0.477s] [ 12%] Built target temi_msgs__cpp
[0.477s] [ 12%] Built target temi_msgs__rosidl_generator_c
[0.507s] [ 12%] Built target ament_cmake_python_copy_temi_msgs
[0.517s] [35m[1mConsolidate compiler generated dependencies of target temi_msgs__rosidl_typesupport_introspection_c[0m
[0.517s] [35m[1mConsolidate compiler generated dependencies of target temi_msgs__rosidl_typesupport_fastrtps_c[0m
[0.521s] [35m[1mConsolidate compiler generated dependencies of target temi_msgs__rosidl_typesupport_introspection_cpp[0m
[0.552s] [35m[1mConsolidate compiler generated dependencies of target temi_msgs__rosidl_typesupport_c[0m
[0.557s] [ 22%] Built target temi_msgs__rosidl_typesupport_introspection_c
[0.558s] [ 32%] Built target temi_msgs__rosidl_typesupport_fastrtps_c
[0.559s] [ 41%] Built target temi_msgs__rosidl_typesupport_introspection_cpp
[0.591s] [ 51%] Built target temi_msgs__rosidl_typesupport_c
[0.596s] [35m[1mConsolidate compiler generated dependencies of target temi_msgs__rosidl_typesupport_fastrtps_cpp[0m
[0.598s] [35m[1mConsolidate compiler generated dependencies of target temi_msgs__rosidl_typesupport_cpp[0m
[0.641s] [ 61%] Built target temi_msgs__rosidl_typesupport_cpp
[0.643s] [ 70%] Built target temi_msgs__rosidl_typesupport_fastrtps_cpp
[0.716s] [ 70%] Built target temi_msgs
[0.789s] [ 74%] Built target temi_msgs__py
[0.823s] [35m[1mConsolidate compiler generated dependencies of target temi_msgs__rosidl_generator_py[0m
[0.867s] [ 80%] Built target temi_msgs__rosidl_generator_py
[0.905s] [35m[1mConsolidate compiler generated dependencies of target temi_msgs__rosidl_typesupport_fastrtps_c__pyext[0m
[0.908s] [35m[1mConsolidate compiler generated dependencies of target temi_msgs__rosidl_typesupport_c__pyext[0m
[0.909s] [35m[1mConsolidate compiler generated dependencies of target temi_msgs__rosidl_typesupport_introspection_c__pyext[0m
[0.946s] [ 87%] Built target temi_msgs__rosidl_typesupport_fastrtps_c__pyext
[0.953s] [100%] Built target temi_msgs__rosidl_typesupport_c__pyext
[0.953s] [100%] Built target temi_msgs__rosidl_typesupport_introspection_c__pyext
[1.322s] running egg_info
[1.323s] writing temi_msgs.egg-info/PKG-INFO
[1.324s] writing dependency_links to temi_msgs.egg-info/dependency_links.txt
[1.324s] writing top-level names to temi_msgs.egg-info/top_level.txt
[1.326s] reading manifest file 'temi_msgs.egg-info/SOURCES.txt'
[1.327s] writing manifest file 'temi_msgs.egg-info/SOURCES.txt'
[1.384s] [100%] Built target ament_cmake_python_build_temi_msgs_egg
[1.410s] Invoked command in '/home/khj/Temi/build/temi_msgs' returned '0': CMAKE_PREFIX_PATH=${CMAKE_PREFIX_PATH}:/home/khj/ros2_study/install/my_first_package:/opt/ros/humble:/home/khj/ros2_humble/install/rqt_bag_plugins:/home/khj/ros2_humble/install/rqt_bag:/home/khj/ros2_humble/install/ros2bag:/home/khj/ros2_humble/install/tracetools_test:/home/khj/ros2_humble/install/tracetools_launch:/home/khj/ros2_humble/install/topic_monitor:/home/khj/ros2_humble/install/tf2_tools:/home/khj/ros2_humble/install/examples_tf2_py:/home/khj/ros2_humble/install/tf2_ros_py:/home/khj/ros2_humble/install/sros2:/home/khj/ros2_humble/install/rqt_topic:/home/khj/ros2_humble/install/rqt_srv:/home/khj/ros2_humble/install/rqt_shell:/home/khj/ros2_humble/install/rqt_service_caller:/home/khj/ros2_humble/install/rqt_reconfigure:/home/khj/ros2_humble/install/rqt_py_console:/home/khj/ros2_humble/install/rqt_publisher:/home/khj/ros2_humble/install/rqt_plot:/home/khj/ros2_humble/install/rqt_action:/home/khj/ros2_humble/install/rqt_msg:/home/khj/ros2_humble/install/rqt_console:/home/khj/ros2_humble/install/rqt:/home/khj/ros2_humble/install/rqt_graph:/home/khj/ros2_humble/install/rqt_gui_py:/home/khj/ros2_humble/install/rqt_gui:/home/khj/ros2_humble/install/ros2trace:/home/khj/ros2_humble/install/ros2topic:/home/khj/ros2_humble/install/ros2test:/home/khj/ros2_humble/install/ros2component:/home/khj/ros2_humble/install/ros2param:/home/khj/ros2_humble/install/ros2lifecycle:/home/khj/ros2_humble/install/ros2service:/home/khj/ros2_humble/install/ros2run:/home/khj/ros2_humble/install/ros2launch:/home/khj/ros2_humble/install/ros2pkg:/home/khj/ros2_humble/install/ros2node:/home/khj/ros2_humble/install/ros2multicast:/home/khj/ros2_humble/install/ros2interface:/home/khj/ros2_humble/install/ros2doctor:/home/khj/ros2_humble/install/ros2action:/home/khj/ros2_humble/install/ros2cli:/home/khj/ros2_humble/install/quality_of_service_demo_py:/home/khj/ros2_humble/install/lifecycle_py:/home/khj/ros2_humble/install/launch_testing_ros:/home/khj/ros2_humble/install/launch_ros:/home/khj/ros2_humble/install/examples_rclpy_pointcloud_publisher:/home/khj/ros2_humble/install/examples_rclpy_minimal_subscriber:/home/khj/ros2_humble/install/examples_rclpy_minimal_service:/home/khj/ros2_humble/install/examples_rclpy_minimal_publisher:/home/khj/ros2_humble/install/examples_rclpy_minimal_client:/home/khj/ros2_humble/install/examples_rclpy_minimal_action_server:/home/khj/ros2_humble/install/examples_rclpy_minimal_action_client:/home/khj/ros2_humble/install/examples_rclpy_guard_conditions:/home/khj/ros2_humble/install/examples_rclpy_executors:/home/khj/ros2_humble/install/demo_nodes_py:/home/khj/ros2_humble/install/action_tutorials_py:/home/khj/ros2_humble/install/ament_uncrustify:/home/khj/ros2_humble/install/tracetools_trace:/home/khj/ros2_humble/install/tracetools_read:/home/khj/ros2_humble/install/test_tracetools_launch:/home/khj/ros2_humble/install/test_launch_ros:/home/khj/ros2_humble/install/sensor_msgs_py:/home/khj/ros2_humble/install/rpyutils:/home/khj/ros2_humble/install/rosidl_runtime_py:/home/khj/ros2_humble/install/rosidl_cli:/home/khj/ros2_humble/install/launch_pytest:/home/khj/ros2_humble/install/launch_testing:/home/khj/ros2_humble/install/launch_yaml:/home/khj/ros2_humble/install/launch_xml:/home/khj/ros2_humble/install/launch:/home/khj/ros2_humble/install/osrf_pycommon:/home/khj/ros2_humble/install/launch_testing_examples:/home/khj/ros2_humble/install/domain_coordinator:/home/khj/ros2_humble/install/ament_xmllint:/home/khj/ros2_humble/install/ament_pyflakes:/home/khj/ros2_humble/install/ament_pycodestyle:/home/khj/ros2_humble/install/ament_pep257:/home/khj/ros2_humble/install/ament_pclint:/home/khj/ros2_humble/install/ament_package:/home/khj/ros2_humble/install/ament_mypy:/home/khj/ros2_humble/install/ament_lint_cmake:/home/khj/ros2_humble/install/ament_flake8:/home/khj/ros2_humble/install/ament_copyright:/home/khj/ros2_humble/install/ament_lint:/home/khj/ros2_humble/install/ament_index_python:/home/khj/ros2_humble/install/ament_cpplint:/home/khj/ros2_humble/install/ament_cppcheck:/home/khj/ros2_humble/install/ament_clang_tidy:/home/khj/ros2_humble/install/ament_clang_format /usr/bin/cmake --build /home/khj/Temi/build/temi_msgs -- -j4 -l4
[1.793s] Invoking command in '/home/khj/Temi/build/temi_msgs': CMAKE_PREFIX_PATH=${CMAKE_PREFIX_PATH}:/home/khj/ros2_study/install/my_first_package:/opt/ros/humble:/home/khj/ros2_humble/install/rqt_bag_plugins:/home/khj/ros2_humble/install/rqt_bag:/home/khj/ros2_humble/install/ros2bag:/home/khj/ros2_humble/install/tracetools_test:/home/khj/ros2_humble/install/tracetools_launch:/home/khj/ros2_humble/install/topic_monitor:/home/khj/ros2_humble/install/tf2_tools:/home/khj/ros2_humble/install/examples_tf2_py:/home/khj/ros2_humble/install/tf2_ros_py:/home/khj/ros2_humble/install/sros2:/home/khj/ros2_humble/install/rqt_topic:/home/khj/ros2_humble/install/rqt_srv:/home/khj/ros2_humble/install/rqt_shell:/home/khj/ros2_humble/install/rqt_service_caller:/home/khj/ros2_humble/install/rqt_reconfigure:/home/khj/ros2_humble/install/rqt_py_console:/home/khj/ros2_humble/install/rqt_publisher:/home/khj/ros2_humble/install/rqt_plot:/home/khj/ros2_humble/install/rqt_action:/home/khj/ros2_humble/install/rqt_msg:/home/khj/ros2_humble/install/rqt_console:/home/khj/ros2_humble/install/rqt:/home/khj/ros2_humble/install/rqt_graph:/home/khj/ros2_humble/install/rqt_gui_py:/home/khj/ros2_humble/install/rqt_gui:/home/khj/ros2_humble/install/ros2trace:/home/khj/ros2_humble/install/ros2topic:/home/khj/ros2_humble/install/ros2test:/home/khj/ros2_humble/install/ros2component:/home/khj/ros2_humble/install/ros2param:/home/khj/ros2_humble/install/ros2lifecycle:/home/khj/ros2_humble/install/ros2service:/home/khj/ros2_humble/install/ros2run:/home/khj/ros2_humble/install/ros2launch:/home/khj/ros2_humble/install/ros2pkg:/home/khj/ros2_humble/install/ros2node:/home/khj/ros2_humble/install/ros2multicast:/home/khj/ros2_humble/install/ros2interface:/home/khj/ros2_humble/install/ros2doctor:/home/khj/ros2_humble/install/ros2action:/home/khj/ros2_humble/install/ros2cli:/home/khj/ros2_humble/install/quality_of_service_demo_py:/home/khj/ros2_humble/install/lifecycle_py:/home/khj/ros2_humble/install/launch_testing_ros:/home/khj/ros2_humble/install/launch_ros:/home/khj/ros2_humble/install/examples_rclpy_pointcloud_publisher:/home/khj/ros2_humble/install/examples_rclpy_minimal_subscriber:/home/khj/ros2_humble/install/examples_rclpy_minimal_service:/home/khj/ros2_humble/install/examples_rclpy_minimal_publisher:/home/khj/ros2_humble/install/examples_rclpy_minimal_client:/home/khj/ros2_humble/install/examples_rclpy_minimal_action_server:/home/khj/ros2_humble/install/examples_rclpy_minimal_action_client:/home/khj/ros2_humble/install/examples_rclpy_guard_conditions:/home/khj/ros2_humble/install/examples_rclpy_executors:/home/khj/ros2_humble/install/demo_nodes_py:/home/khj/ros2_humble/install/action_tutorials_py:/home/khj/ros2_humble/install/ament_uncrustify:/home/khj/ros2_humble/install/tracetools_trace:/home/khj/ros2_humble/install/tracetools_read:/home/khj/ros2_humble/install/test_tracetools_launch:/home/khj/ros2_humble/install/test_launch_ros:/home/khj/ros2_humble/install/sensor_msgs_py:/home/khj/ros2_humble/install/rpyutils:/home/khj/ros2_humble/install/rosidl_runtime_py:/home/khj/ros2_humble/install/rosidl_cli:/home/khj/ros2_humble/install/launch_pytest:/home/khj/ros2_humble/install/launch_testing:/home/khj/ros2_humble/install/launch_yaml:/home/khj/ros2_humble/install/launch_xml:/home/khj/ros2_humble/install/launch:/home/khj/ros2_humble/install/osrf_pycommon:/home/khj/ros2_humble/install/launch_testing_examples:/home/khj/ros2_humble/install/domain_coordinator:/home/khj/ros2_humble/install/ament_xmllint:/home/khj/ros2_humble/install/ament_pyflakes:/home/khj/ros2_humble/install/ament_pycodestyle:/home/khj/ros2_humble/install/ament_pep257:/home/khj/ros2_humble/install/ament_pclint:/home/khj/ros2_humble/install/ament_package:/home/khj/ros2_humble/install/ament_mypy:/home/khj/ros2_humble/install/ament_lint_cmake:/home/khj/ros2_humble/install/ament_flake8:/home/khj/ros2_humble/install/ament_copyright:/home/khj/ros2_humble/install/ament_lint:/home/khj/ros2_humble/install/ament_index_python:/home/khj/ros2_humble/install/ament_cpplint:/home/khj/ros2_humble/install/ament_cppcheck:/home/khj/ros2_humble/install/ament_clang_tidy:/home/khj/ros2_humble/install/ament_clang_format /usr/bin/cmake --install /home/khj/Temi/build/temi_msgs
[1.816s] -- Install configuration: ""
[1.817s] -- Up-to-date: /home/khj/Temi/install/temi_msgs/share/ament_index/resource_index/rosidl_interfaces/temi_msgs
[1.817s] -- Up-to-date: /home/khj/Temi/install/temi_msgs/include/temi_msgs/temi_msgs
[1.817s] -- Up-to-date: /home/khj/Temi/install/temi_msgs/include/temi_msgs/temi_msgs/msg
[1.817s] -- Up-to-date: /home/khj/Temi/install/temi_msgs/include/temi_msgs/temi_msgs/msg/detail
[1.817s] -- Up-to-date: /home/khj/Temi/install/temi_msgs/include/temi_msgs/temi_msgs/msg/detail/motor_control__type_support.h
[1.818s] -- Up-to-date: /home/khj/Temi/install/temi_msgs/include/temi_msgs/temi_msgs/msg/detail/motor_control__functions.h
[1.818s] -- Up-to-date: /home/khj/Temi/install/temi_msgs/include/temi_msgs/temi_msgs/msg/detail/motor_control__functions.c
[1.818s] -- Up-to-date: /home/khj/Temi/install/temi_msgs/include/temi_msgs/temi_msgs/msg/detail/motor_control__struct.h
[1.818s] -- Up-to-date: /home/khj/Temi/install/temi_msgs/include/temi_msgs/temi_msgs/msg/motor_control.h
[1.818s] -- Up-to-date: /home/khj/Temi/install/temi_msgs/include/temi_msgs/temi_msgs/msg/rosidl_generator_c__visibility_control.h
[1.818s] -- Up-to-date: /home/khj/Temi/install/temi_msgs/share/temi_msgs/environment/library_path.sh
[1.818s] -- Up-to-date: /home/khj/Temi/install/temi_msgs/share/temi_msgs/environment/library_path.dsv
[1.818s] -- Up-to-date: /home/khj/Temi/install/temi_msgs/lib/libtemi_msgs__rosidl_generator_c.so
[1.818s] -- Up-to-date: /home/khj/Temi/install/temi_msgs/include/temi_msgs/temi_msgs
[1.818s] -- Up-to-date: /home/khj/Temi/install/temi_msgs/include/temi_msgs/temi_msgs/msg
[1.819s] -- Up-to-date: /home/khj/Temi/install/temi_msgs/include/temi_msgs/temi_msgs/msg/rosidl_typesupport_introspection_c__visibility_control.h
[1.819s] -- Up-to-date: /home/khj/Temi/install/temi_msgs/include/temi_msgs/temi_msgs/msg/detail
[1.819s] -- Up-to-date: /home/khj/Temi/install/temi_msgs/include/temi_msgs/temi_msgs/msg/detail/motor_control__type_support.c
[1.819s] -- Up-to-date: /home/khj/Temi/install/temi_msgs/include/temi_msgs/temi_msgs/msg/detail/motor_control__rosidl_typesupport_introspection_c.h
[1.819s] -- Up-to-date: /home/khj/Temi/install/temi_msgs/lib/libtemi_msgs__rosidl_typesupport_introspection_c.so
[1.820s] -- Up-to-date: /home/khj/Temi/install/temi_msgs/include/temi_msgs/temi_msgs
[1.820s] -- Up-to-date: /home/khj/Temi/install/temi_msgs/include/temi_msgs/temi_msgs/msg
[1.820s] -- Up-to-date: /home/khj/Temi/install/temi_msgs/include/temi_msgs/temi_msgs/msg/detail
[1.820s] -- Up-to-date: /home/khj/Temi/install/temi_msgs/include/temi_msgs/temi_msgs/msg/detail/motor_control__rosidl_typesupport_fastrtps_c.h
[1.820s] -- Up-to-date: /home/khj/Temi/install/temi_msgs/include/temi_msgs/temi_msgs/msg/rosidl_typesupport_fastrtps_c__visibility_control.h
[1.820s] -- Up-to-date: /home/khj/Temi/install/temi_msgs/lib/libtemi_msgs__rosidl_typesupport_fastrtps_c.so
[1.820s] -- Up-to-date: /home/khj/Temi/install/temi_msgs/lib/libtemi_msgs__rosidl_typesupport_c.so
[1.820s] -- Up-to-date: /home/khj/Temi/install/temi_msgs/include/temi_msgs/temi_msgs
[1.821s] -- Up-to-date: /home/khj/Temi/install/temi_msgs/include/temi_msgs/temi_msgs/msg
[1.821s] -- Up-to-date: /home/khj/Temi/install/temi_msgs/include/temi_msgs/temi_msgs/msg/motor_control.hpp
[1.821s] -- Up-to-date: /home/khj/Temi/install/temi_msgs/include/temi_msgs/temi_msgs/msg/detail
[1.821s] -- Up-to-date: /home/khj/Temi/install/temi_msgs/include/temi_msgs/temi_msgs/msg/detail/motor_control__struct.hpp
[1.821s] -- Up-to-date: /home/khj/Temi/install/temi_msgs/include/temi_msgs/temi_msgs/msg/detail/motor_control__builder.hpp
[1.821s] -- Up-to-date: /home/khj/Temi/install/temi_msgs/include/temi_msgs/temi_msgs/msg/detail/motor_control__traits.hpp
[1.821s] -- Up-to-date: /home/khj/Temi/install/temi_msgs/include/temi_msgs/temi_msgs
[1.821s] -- Up-to-date: /home/khj/Temi/install/temi_msgs/include/temi_msgs/temi_msgs/msg
[1.821s] -- Up-to-date: /home/khj/Temi/install/temi_msgs/include/temi_msgs/temi_msgs/msg/detail
[1.821s] -- Up-to-date: /home/khj/Temi/install/temi_msgs/include/temi_msgs/temi_msgs/msg/detail/motor_control__rosidl_typesupport_introspection_cpp.hpp
[1.821s] -- Up-to-date: /home/khj/Temi/install/temi_msgs/include/temi_msgs/temi_msgs/msg/detail/motor_control__type_support.cpp
[1.821s] -- Up-to-date: /home/khj/Temi/install/temi_msgs/lib/libtemi_msgs__rosidl_typesupport_introspection_cpp.so
[1.822s] -- Up-to-date: /home/khj/Temi/install/temi_msgs/include/temi_msgs/temi_msgs
[1.822s] -- Up-to-date: /home/khj/Temi/install/temi_msgs/include/temi_msgs/temi_msgs/msg
[1.822s] -- Up-to-date: /home/khj/Temi/install/temi_msgs/include/temi_msgs/temi_msgs/msg/rosidl_typesupport_fastrtps_cpp__visibility_control.h
[1.822s] -- Up-to-date: /home/khj/Temi/install/temi_msgs/include/temi_msgs/temi_msgs/msg/detail
[1.822s] -- Up-to-date: /home/khj/Temi/install/temi_msgs/include/temi_msgs/temi_msgs/msg/detail/dds_fastrtps
[1.822s] -- Up-to-date: /home/khj/Temi/install/temi_msgs/include/temi_msgs/temi_msgs/msg/detail/motor_control__rosidl_typesupport_fastrtps_cpp.hpp
[1.822s] -- Up-to-date: /home/khj/Temi/install/temi_msgs/lib/libtemi_msgs__rosidl_typesupport_fastrtps_cpp.so
[1.822s] -- Up-to-date: /home/khj/Temi/install/temi_msgs/lib/libtemi_msgs__rosidl_typesupport_cpp.so
[1.822s] -- Up-to-date: /home/khj/Temi/install/temi_msgs/share/temi_msgs/environment/pythonpath.sh
[1.822s] -- Up-to-date: /home/khj/Temi/install/temi_msgs/share/temi_msgs/environment/pythonpath.dsv
[1.822s] -- Up-to-date: /home/khj/Temi/install/temi_msgs/local/lib/python3.10/dist-packages/temi_msgs-0.0.1-py3.10.egg-info
[1.822s] -- Installing: /home/khj/Temi/install/temi_msgs/local/lib/python3.10/dist-packages/temi_msgs-0.0.1-py3.10.egg-info/PKG-INFO
[1.823s] -- Installing: /home/khj/Temi/install/temi_msgs/local/lib/python3.10/dist-packages/temi_msgs-0.0.1-py3.10.egg-info/dependency_links.txt
[1.823s] -- Installing: /home/khj/Temi/install/temi_msgs/local/lib/python3.10/dist-packages/temi_msgs-0.0.1-py3.10.egg-info/SOURCES.txt
[1.823s] -- Installing: /home/khj/Temi/install/temi_msgs/local/lib/python3.10/dist-packages/temi_msgs-0.0.1-py3.10.egg-info/top_level.txt
[1.823s] -- Up-to-date: /home/khj/Temi/install/temi_msgs/local/lib/python3.10/dist-packages/temi_msgs
[1.823s] -- Up-to-date: /home/khj/Temi/install/temi_msgs/local/lib/python3.10/dist-packages/temi_msgs/temi_msgs_s__rosidl_typesupport_fastrtps_c.cpython-310-x86_64-linux-gnu.so
[1.823s] -- Up-to-date: /home/khj/Temi/install/temi_msgs/local/lib/python3.10/dist-packages/temi_msgs/msg
[1.823s] -- Up-to-date: /home/khj/Temi/install/temi_msgs/local/lib/python3.10/dist-packages/temi_msgs/msg/_motor_control.py
[1.823s] -- Up-to-date: /home/khj/Temi/install/temi_msgs/local/lib/python3.10/dist-packages/temi_msgs/msg/_motor_control_s.c
[1.823s] -- Up-to-date: /home/khj/Temi/install/temi_msgs/local/lib/python3.10/dist-packages/temi_msgs/msg/__init__.py
[1.823s] -- Up-to-date: /home/khj/Temi/install/temi_msgs/local/lib/python3.10/dist-packages/temi_msgs/_temi_msgs_s.ep.rosidl_typesupport_introspection_c.c
[1.823s] -- Up-to-date: /home/khj/Temi/install/temi_msgs/local/lib/python3.10/dist-packages/temi_msgs/temi_msgs_s__rosidl_typesupport_c.cpython-310-x86_64-linux-gnu.so
[1.823s] -- Up-to-date: /home/khj/Temi/install/temi_msgs/local/lib/python3.10/dist-packages/temi_msgs/_temi_msgs_s.ep.rosidl_typesupport_fastrtps_c.c
[1.824s] -- Up-to-date: /home/khj/Temi/install/temi_msgs/local/lib/python3.10/dist-packages/temi_msgs/temi_msgs_s__rosidl_typesupport_introspection_c.cpython-310-x86_64-linux-gnu.so
[1.824s] -- Up-to-date: /home/khj/Temi/install/temi_msgs/local/lib/python3.10/dist-packages/temi_msgs/libtemi_msgs__rosidl_generator_py.so
[1.824s] -- Up-to-date: /home/khj/Temi/install/temi_msgs/local/lib/python3.10/dist-packages/temi_msgs/_temi_msgs_s.ep.rosidl_typesupport_c.c
[1.824s] -- Up-to-date: /home/khj/Temi/install/temi_msgs/local/lib/python3.10/dist-packages/temi_msgs/__init__.py
[2.003s] Listing '/home/khj/Temi/install/temi_msgs/local/lib/python3.10/dist-packages/temi_msgs'...
[2.003s] Listing '/home/khj/Temi/install/temi_msgs/local/lib/python3.10/dist-packages/temi_msgs/msg'...
[2.008s] -- Up-to-date: /home/khj/Temi/install/temi_msgs/local/lib/python3.10/dist-packages/temi_msgs/temi_msgs_s__rosidl_typesupport_introspection_c.cpython-310-x86_64-linux-gnu.so
[2.008s] -- Up-to-date: /home/khj/Temi/install/temi_msgs/local/lib/python3.10/dist-packages/temi_msgs/temi_msgs_s__rosidl_typesupport_fastrtps_c.cpython-310-x86_64-linux-gnu.so
[2.009s] -- Up-to-date: /home/khj/Temi/install/temi_msgs/local/lib/python3.10/dist-packages/temi_msgs/temi_msgs_s__rosidl_typesupport_c.cpython-310-x86_64-linux-gnu.so
[2.009s] -- Up-to-date: /home/khj/Temi/install/temi_msgs/lib/libtemi_msgs__rosidl_generator_py.so
[2.010s] -- Up-to-date: /home/khj/Temi/install/temi_msgs/share/temi_msgs/msg/MotorControl.idl
[2.010s] -- Up-to-date: /home/khj/Temi/install/temi_msgs/share/temi_msgs/msg/MotorControl.msg
[2.010s] -- Up-to-date: /home/khj/Temi/install/temi_msgs/share/ament_index/resource_index/package_run_dependencies/temi_msgs
[2.010s] -- Up-to-date: /home/khj/Temi/install/temi_msgs/share/ament_index/resource_index/parent_prefix_path/temi_msgs
[2.010s] -- Up-to-date: /home/khj/Temi/install/temi_msgs/share/temi_msgs/environment/ament_prefix_path.dsv
[2.010s] -- Up-to-date: /home/khj/Temi/install/temi_msgs/share/temi_msgs/environment/path.dsv
[2.010s] -- Up-to-date: /home/khj/Temi/install/temi_msgs/share/temi_msgs/local_setup.bash
[2.010s] -- Up-to-date: /home/khj/Temi/install/temi_msgs/share/temi_msgs/local_setup.sh
[2.011s] -- Up-to-date: /home/khj/Temi/install/temi_msgs/share/temi_msgs/local_setup.zsh
[2.011s] -- Up-to-date: /home/khj/Temi/install/temi_msgs/share/temi_msgs/local_setup.dsv
[2.011s] -- Installing: /home/khj/Temi/install/temi_msgs/share/temi_msgs/package.dsv
[2.011s] -- Up-to-date: /home/khj/Temi/install/temi_msgs/share/ament_index/resource_index/packages/temi_msgs
[2.011s] -- Up-to-date: /home/khj/Temi/install/temi_msgs/share/temi_msgs/cmake/export_temi_msgs__rosidl_generator_cExport.cmake
[2.011s] -- Up-to-date: /home/khj/Temi/install/temi_msgs/share/temi_msgs/cmake/export_temi_msgs__rosidl_generator_cExport-noconfig.cmake
[2.011s] -- Up-to-date: /home/khj/Temi/install/temi_msgs/share/temi_msgs/cmake/temi_msgs__rosidl_typesupport_introspection_cExport.cmake
[2.011s] -- Up-to-date: /home/khj/Temi/install/temi_msgs/share/temi_msgs/cmake/temi_msgs__rosidl_typesupport_introspection_cExport-noconfig.cmake
[2.011s] -- Up-to-date: /home/khj/Temi/install/temi_msgs/share/temi_msgs/cmake/export_temi_msgs__rosidl_typesupport_fastrtps_cExport.cmake
[2.011s] -- Up-to-date: /home/khj/Temi/install/temi_msgs/share/temi_msgs/cmake/export_temi_msgs__rosidl_typesupport_fastrtps_cExport-noconfig.cmake
[2.012s] -- Up-to-date: /home/khj/Temi/install/temi_msgs/share/temi_msgs/cmake/temi_msgs__rosidl_typesupport_cExport.cmake
[2.012s] -- Up-to-date: /home/khj/Temi/install/temi_msgs/share/temi_msgs/cmake/temi_msgs__rosidl_typesupport_cExport-noconfig.cmake
[2.012s] -- Up-to-date: /home/khj/Temi/install/temi_msgs/share/temi_msgs/cmake/export_temi_msgs__rosidl_generator_cppExport.cmake
[2.012s] -- Up-to-date: /home/khj/Temi/install/temi_msgs/share/temi_msgs/cmake/temi_msgs__rosidl_typesupport_introspection_cppExport.cmake
[2.012s] -- Up-to-date: /home/khj/Temi/install/temi_msgs/share/temi_msgs/cmake/temi_msgs__rosidl_typesupport_introspection_cppExport-noconfig.cmake
[2.012s] -- Up-to-date: /home/khj/Temi/install/temi_msgs/share/temi_msgs/cmake/export_temi_msgs__rosidl_typesupport_fastrtps_cppExport.cmake
[2.012s] -- Up-to-date: /home/khj/Temi/install/temi_msgs/share/temi_msgs/cmake/export_temi_msgs__rosidl_typesupport_fastrtps_cppExport-noconfig.cmake
[2.012s] -- Up-to-date: /home/khj/Temi/install/temi_msgs/share/temi_msgs/cmake/temi_msgs__rosidl_typesupport_cppExport.cmake
[2.012s] -- Up-to-date: /home/khj/Temi/install/temi_msgs/share/temi_msgs/cmake/temi_msgs__rosidl_typesupport_cppExport-noconfig.cmake
[2.012s] -- Up-to-date: /home/khj/Temi/install/temi_msgs/share/temi_msgs/cmake/export_temi_msgs__rosidl_generator_pyExport.cmake
[2.012s] -- Up-to-date: /home/khj/Temi/install/temi_msgs/share/temi_msgs/cmake/export_temi_msgs__rosidl_generator_pyExport-noconfig.cmake
[2.013s] -- Up-to-date: /home/khj/Temi/install/temi_msgs/share/temi_msgs/cmake/rosidl_cmake-extras.cmake
[2.013s] -- Up-to-date: /home/khj/Temi/install/temi_msgs/share/temi_msgs/cmake/ament_cmake_export_include_directories-extras.cmake
[2.013s] -- Up-to-date: /home/khj/Temi/install/temi_msgs/share/temi_msgs/cmake/ament_cmake_export_libraries-extras.cmake
[2.013s] -- Up-to-date: /home/khj/Temi/install/temi_msgs/share/temi_msgs/cmake/ament_cmake_export_targets-extras.cmake
[2.013s] -- Up-to-date: /home/khj/Temi/install/temi_msgs/share/temi_msgs/cmake/rosidl_cmake_export_typesupport_targets-extras.cmake
[2.013s] -- Up-to-date: /home/khj/Temi/install/temi_msgs/share/temi_msgs/cmake/ament_cmake_export_dependencies-extras.cmake
[2.013s] -- Up-to-date: /home/khj/Temi/install/temi_msgs/share/temi_msgs/cmake/rosidl_cmake_export_typesupport_libraries-extras.cmake
[2.013s] -- Up-to-date: /home/khj/Temi/install/temi_msgs/share/temi_msgs/cmake/temi_msgsConfig.cmake
[2.013s] -- Up-to-date: /home/khj/Temi/install/temi_msgs/share/temi_msgs/cmake/temi_msgsConfig-version.cmake
[2.013s] -- Up-to-date: /home/khj/Temi/install/temi_msgs/share/temi_msgs/package.xml
[2.018s] Invoked command in '/home/khj/Temi/build/temi_msgs' returned '0': CMAKE_PREFIX_PATH=${CMAKE_PREFIX_PATH}:/home/khj/ros2_study/install/my_first_package:/opt/ros/humble:/home/khj/ros2_humble/install/rqt_bag_plugins:/home/khj/ros2_humble/install/rqt_bag:/home/khj/ros2_humble/install/ros2bag:/home/khj/ros2_humble/install/tracetools_test:/home/khj/ros2_humble/install/tracetools_launch:/home/khj/ros2_humble/install/topic_monitor:/home/khj/ros2_humble/install/tf2_tools:/home/khj/ros2_humble/install/examples_tf2_py:/home/khj/ros2_humble/install/tf2_ros_py:/home/khj/ros2_humble/install/sros2:/home/khj/ros2_humble/install/rqt_topic:/home/khj/ros2_humble/install/rqt_srv:/home/khj/ros2_humble/install/rqt_shell:/home/khj/ros2_humble/install/rqt_service_caller:/home/khj/ros2_humble/install/rqt_reconfigure:/home/khj/ros2_humble/install/rqt_py_console:/home/khj/ros2_humble/install/rqt_publisher:/home/khj/ros2_humble/install/rqt_plot:/home/khj/ros2_humble/install/rqt_action:/home/khj/ros2_humble/install/rqt_msg:/home/khj/ros2_humble/install/rqt_console:/home/khj/ros2_humble/install/rqt:/home/khj/ros2_humble/install/rqt_graph:/home/khj/ros2_humble/install/rqt_gui_py:/home/khj/ros2_humble/install/rqt_gui:/home/khj/ros2_humble/install/ros2trace:/home/khj/ros2_humble/install/ros2topic:/home/khj/ros2_humble/install/ros2test:/home/khj/ros2_humble/install/ros2component:/home/khj/ros2_humble/install/ros2param:/home/khj/ros2_humble/install/ros2lifecycle:/home/khj/ros2_humble/install/ros2service:/home/khj/ros2_humble/install/ros2run:/home/khj/ros2_humble/install/ros2launch:/home/khj/ros2_humble/install/ros2pkg:/home/khj/ros2_humble/install/ros2node:/home/khj/ros2_humble/install/ros2multicast:/home/khj/ros2_humble/install/ros2interface:/home/khj/ros2_humble/install/ros2doctor:/home/khj/ros2_humble/install/ros2action:/home/khj/ros2_humble/install/ros2cli:/home/khj/ros2_humble/install/quality_of_service_demo_py:/home/khj/ros2_humble/install/lifecycle_py:/home/khj/ros2_humble/install/launch_testing_ros:/home/khj/ros2_humble/install/launch_ros:/home/khj/ros2_humble/install/examples_rclpy_pointcloud_publisher:/home/khj/ros2_humble/install/examples_rclpy_minimal_subscriber:/home/khj/ros2_humble/install/examples_rclpy_minimal_service:/home/khj/ros2_humble/install/examples_rclpy_minimal_publisher:/home/khj/ros2_humble/install/examples_rclpy_minimal_client:/home/khj/ros2_humble/install/examples_rclpy_minimal_action_server:/home/khj/ros2_humble/install/examples_rclpy_minimal_action_client:/home/khj/ros2_humble/install/examples_rclpy_guard_conditions:/home/khj/ros2_humble/install/examples_rclpy_executors:/home/khj/ros2_humble/install/demo_nodes_py:/home/khj/ros2_humble/install/action_tutorials_py:/home/khj/ros2_humble/install/ament_uncrustify:/home/khj/ros2_humble/install/tracetools_trace:/home/khj/ros2_humble/install/tracetools_read:/home/khj/ros2_humble/install/test_tracetools_launch:/home/khj/ros2_humble/install/test_launch_ros:/home/khj/ros2_humble/install/sensor_msgs_py:/home/khj/ros2_humble/install/rpyutils:/home/khj/ros2_humble/install/rosidl_runtime_py:/home/khj/ros2_humble/install/rosidl_cli:/home/khj/ros2_humble/install/launch_pytest:/home/khj/ros2_humble/install/launch_testing:/home/khj/ros2_humble/install/launch_yaml:/home/khj/ros2_humble/install/launch_xml:/home/khj/ros2_humble/install/launch:/home/khj/ros2_humble/install/osrf_pycommon:/home/khj/ros2_humble/install/launch_testing_examples:/home/khj/ros2_humble/install/domain_coordinator:/home/khj/ros2_humble/install/ament_xmllint:/home/khj/ros2_humble/install/ament_pyflakes:/home/khj/ros2_humble/install/ament_pycodestyle:/home/khj/ros2_humble/install/ament_pep257:/home/khj/ros2_humble/install/ament_pclint:/home/khj/ros2_humble/install/ament_package:/home/khj/ros2_humble/install/ament_mypy:/home/khj/ros2_humble/install/ament_lint_cmake:/home/khj/ros2_humble/install/ament_flake8:/home/khj/ros2_humble/install/ament_copyright:/home/khj/ros2_humble/install/ament_lint:/home/khj/ros2_humble/install/ament_index_python:/home/khj/ros2_humble/install/ament_cpplint:/home/khj/ros2_humble/install/ament_cppcheck:/home/khj/ros2_humble/install/ament_clang_tidy:/home/khj/ros2_humble/install/ament_clang_format /usr/bin/cmake --install /home/khj/Temi/build/temi_msgs
