[1.069s] DEBUG:colcon:Command line arguments: ['/usr/bin/colcon', 'list', '-p', '--base-paths', '/home/khj/Temi']
[1.069s] DEBUG:colcon:Parsed command line arguments: Namespace(log_base=None, log_level=None, verb_name='list', build_base='build', ignore_user_meta=False, metas=['./colcon.meta'], base_paths=['/home/khj/Temi'], packages_ignore=None, packages_ignore_regex=None, paths=None, packages_up_to=None, packages_up_to_regex=None, packages_above=None, packages_above_and_dependencies=None, packages_above_depth=None, packages_select_by_dep=None, packages_skip_by_dep=None, packages_skip_up_to=None, packages_select_build_failed=False, packages_skip_build_finished=False, packages_select_test_failures=False, packages_skip_test_passed=False, packages_select=None, packages_skip=None, packages_select_regex=None, packages_skip_regex=None, packages_start=None, packages_end=None, allow_overriding=[], topological_order=False, names_only=False, paths_only=True, topological_graph=False, topological_graph_dot=False, topological_graph_density=False, topological_graph_legend=False, topological_graph_dot_cluster=False, topological_graph_dot_include_skipped=False, verb_parser=<colcon_defaults.argument_parser.defaults.DefaultArgumentsDecorator object at 0x7f720edb5840>, verb_extension=<colcon_package_information.verb.list.ListVerb object at 0x7f720e9ad270>, main=<bound method ListVerb.main of <colcon_package_information.verb.list.ListVerb object at 0x7f720e9ad270>>)
[1.159s] Level 1:colcon.colcon_core.package_discovery:discover_packages(colcon_meta) check parameters
[1.159s] Level 1:colcon.colcon_core.package_discovery:discover_packages(recursive) check parameters
[1.159s] Level 1:colcon.colcon_core.package_discovery:discover_packages(ignore) check parameters
[1.159s] Level 1:colcon.colcon_core.package_discovery:discover_packages(path) check parameters
[1.159s] Level 1:colcon.colcon_core.package_discovery:discover_packages(recursive) discover
[1.159s] INFO:colcon.colcon_core.package_discovery:Crawling recursively for packages in '/home/khj/Temi'
[1.159s] Level 1:colcon.colcon_core.package_identification:_identify(/home/khj/Temi) by extensions ['ignore', 'ignore_ament_install']
[1.160s] Level 1:colcon.colcon_core.package_identification:_identify(/home/khj/Temi) by extension 'ignore'
[1.160s] Level 1:colcon.colcon_core.package_identification:_identify(/home/khj/Temi) by extension 'ignore_ament_install'
[1.160s] Level 1:colcon.colcon_core.package_identification:_identify(/home/khj/Temi) by extensions ['colcon_pkg']
[1.160s] Level 1:colcon.colcon_core.package_identification:_identify(/home/khj/Temi) by extension 'colcon_pkg'
[1.160s] Level 1:colcon.colcon_core.package_identification:_identify(/home/khj/Temi) by extensions ['colcon_meta']
[1.160s] Level 1:colcon.colcon_core.package_identification:_identify(/home/khj/Temi) by extension 'colcon_meta'
[1.160s] Level 1:colcon.colcon_core.package_identification:_identify(/home/khj/Temi) by extensions ['ros']
[1.160s] Level 1:colcon.colcon_core.package_identification:_identify(/home/khj/Temi) by extension 'ros'
[1.181s] Level 1:colcon.colcon_core.package_identification:_identify(/home/khj/Temi) by extensions ['cmake', 'python']
[1.181s] Level 1:colcon.colcon_core.package_identification:_identify(/home/khj/Temi) by extension 'cmake'
[1.181s] Level 1:colcon.colcon_core.package_identification:_identify(/home/khj/Temi) by extension 'python'
[1.181s] Level 1:colcon.colcon_core.package_identification:_identify(/home/khj/Temi) by extensions ['python_setup_py']
[1.181s] Level 1:colcon.colcon_core.package_identification:_identify(/home/khj/Temi) by extension 'python_setup_py'
[1.181s] Level 1:colcon.colcon_core.package_identification:_identify(/home/khj/Temi/build) by extensions ['ignore', 'ignore_ament_install']
[1.181s] Level 1:colcon.colcon_core.package_identification:_identify(/home/khj/Temi/build) by extension 'ignore'
[1.181s] Level 1:colcon.colcon_core.package_identification:_identify(/home/khj/Temi/build) ignored
[1.181s] Level 1:colcon.colcon_core.package_identification:_identify(/home/khj/Temi/install) by extensions ['ignore', 'ignore_ament_install']
[1.181s] Level 1:colcon.colcon_core.package_identification:_identify(/home/khj/Temi/install) by extension 'ignore'
[1.181s] Level 1:colcon.colcon_core.package_identification:_identify(/home/khj/Temi/install) ignored
[1.182s] Level 1:colcon.colcon_core.package_identification:_identify(/home/khj/Temi/log) by extensions ['ignore', 'ignore_ament_install']
[1.182s] Level 1:colcon.colcon_core.package_identification:_identify(/home/khj/Temi/log) by extension 'ignore'
[1.182s] Level 1:colcon.colcon_core.package_identification:_identify(/home/khj/Temi/log) ignored
[1.182s] Level 1:colcon.colcon_core.package_identification:_identify(/home/khj/Temi/src) by extensions ['ignore', 'ignore_ament_install']
[1.182s] Level 1:colcon.colcon_core.package_identification:_identify(/home/khj/Temi/src) by extension 'ignore'
[1.182s] Level 1:colcon.colcon_core.package_identification:_identify(/home/khj/Temi/src) by extension 'ignore_ament_install'
[1.182s] Level 1:colcon.colcon_core.package_identification:_identify(/home/khj/Temi/src) by extensions ['colcon_pkg']
[1.182s] Level 1:colcon.colcon_core.package_identification:_identify(/home/khj/Temi/src) by extension 'colcon_pkg'
[1.182s] Level 1:colcon.colcon_core.package_identification:_identify(/home/khj/Temi/src) by extensions ['colcon_meta']
[1.182s] Level 1:colcon.colcon_core.package_identification:_identify(/home/khj/Temi/src) by extension 'colcon_meta'
[1.182s] Level 1:colcon.colcon_core.package_identification:_identify(/home/khj/Temi/src) by extensions ['ros']
[1.182s] Level 1:colcon.colcon_core.package_identification:_identify(/home/khj/Temi/src) by extension 'ros'
[1.184s] DEBUG:colcon.colcon_core.package_identification:Failed to parse potential ROS package manifest in'/home/khj/Temi/src': Error(s) in package '/home/khj/Temi/src/package.xml':
The manifest contains invalid XML:
not well-formed (invalid token): line 16, column 44
[1.184s] Level 1:colcon.colcon_core.package_identification:_identify(/home/khj/Temi/src) by extensions ['cmake', 'python']
[1.184s] Level 1:colcon.colcon_core.package_identification:_identify(/home/khj/Temi/src) by extension 'cmake'
[1.184s] Level 1:colcon.colcon_core.package_identification:_identify(/home/khj/Temi/src) by extension 'python'
[1.184s] DEBUG:colcon.colcon_core.package_identification:Python package in '/home/khj/Temi/src' passes arguments to the setup() function which requires a different identification extension than 'python'
[1.184s] Level 1:colcon.colcon_core.package_identification:_identify(/home/khj/Temi/src) by extensions ['python_setup_py']
[1.184s] Level 1:colcon.colcon_core.package_identification:_identify(/home/khj/Temi/src) by extension 'python_setup_py'
[2.238s] DEBUG:colcon.colcon_core.package_identification:Package '/home/khj/Temi/src' with type 'python' and name 'Temi'
[2.238s] Level 1:colcon.colcon_core.package_discovery:discover_packages(recursive) using defaults
