[2.514s] DEBUG:colcon:Command line arguments: ['/usr/bin/colcon', 'build']
[2.514s] DEBUG:colcon:Parsed command line arguments: Namespace(log_base=None, log_level=None, verb_name='build', build_base='build', install_base='install', merge_install=False, symlink_install=False, test_result_base=None, continue_on_error=False, executor='parallel', parallel_workers=4, event_handlers=None, ignore_user_meta=False, metas=['./colcon.meta'], base_paths=['.'], packages_ignore=None, packages_ignore_regex=None, paths=None, packages_up_to=None, packages_up_to_regex=None, packages_above=None, packages_above_and_dependencies=None, packages_above_depth=None, packages_select_by_dep=None, packages_skip_by_dep=None, packages_skip_up_to=None, packages_select_build_failed=False, packages_skip_build_finished=False, packages_select_test_failures=False, packages_skip_test_passed=False, packages_select=None, packages_skip=None, packages_select_regex=None, packages_skip_regex=None, packages_start=None, packages_end=None, allow_overriding=[], cmake_args=None, cmake_target=None, cmake_target_skip_unavailable=False, cmake_clean_cache=False, cmake_clean_first=False, cmake_force_configure=False, ament_cmake_args=None, catkin_cmake_args=None, catkin_skip_building_tests=False, verb_parser=<colcon_defaults.argument_parser.defaults.DefaultArgumentsDecorator object at 0x7f3393d435b0>, verb_extension=<colcon_core.verb.build.BuildVerb object at 0x7f3393d432b0>, main=<bound method BuildVerb.main of <colcon_core.verb.build.BuildVerb object at 0x7f3393d432b0>>)
[2.626s] Level 1:colcon.colcon_core.package_discovery:discover_packages(colcon_meta) check parameters
[2.626s] Level 1:colcon.colcon_core.package_discovery:discover_packages(recursive) check parameters
[2.626s] Level 1:colcon.colcon_core.package_discovery:discover_packages(ignore) check parameters
[2.626s] Level 1:colcon.colcon_core.package_discovery:discover_packages(path) check parameters
[2.626s] Level 1:colcon.colcon_core.package_discovery:discover_packages(colcon_meta) discover
[2.626s] Level 1:colcon.colcon_core.package_discovery:discover_packages(recursive) discover
[2.626s] INFO:colcon.colcon_core.package_discovery:Crawling recursively for packages in '/home/khj/Temi'
[2.626s] Level 1:colcon.colcon_core.package_identification:_identify(.) by extensions ['ignore', 'ignore_ament_install']
[2.626s] Level 1:colcon.colcon_core.package_identification:_identify(.) by extension 'ignore'
[2.626s] Level 1:colcon.colcon_core.package_identification:_identify(.) by extension 'ignore_ament_install'
[2.626s] Level 1:colcon.colcon_core.package_identification:_identify(.) by extensions ['colcon_pkg']
[2.626s] Level 1:colcon.colcon_core.package_identification:_identify(.) by extension 'colcon_pkg'
[2.626s] Level 1:colcon.colcon_core.package_identification:_identify(.) by extensions ['colcon_meta']
[2.627s] Level 1:colcon.colcon_core.package_identification:_identify(.) by extension 'colcon_meta'
[2.627s] Level 1:colcon.colcon_core.package_identification:_identify(.) by extensions ['ros']
[2.627s] Level 1:colcon.colcon_core.package_identification:_identify(.) by extension 'ros'
[2.644s] Level 1:colcon.colcon_core.package_identification:_identify(.) by extensions ['cmake', 'python']
[2.644s] Level 1:colcon.colcon_core.package_identification:_identify(.) by extension 'cmake'
[2.644s] Level 1:colcon.colcon_core.package_identification:_identify(.) by extension 'python'
[2.644s] Level 1:colcon.colcon_core.package_identification:_identify(.) by extensions ['python_setup_py']
[2.644s] Level 1:colcon.colcon_core.package_identification:_identify(.) by extension 'python_setup_py'
[2.644s] Level 1:colcon.colcon_core.package_identification:_identify(build) by extensions ['ignore', 'ignore_ament_install']
[2.645s] Level 1:colcon.colcon_core.package_identification:_identify(build) by extension 'ignore'
[2.645s] Level 1:colcon.colcon_core.package_identification:_identify(build) ignored
[2.645s] Level 1:colcon.colcon_core.package_identification:_identify(install) by extensions ['ignore', 'ignore_ament_install']
[2.645s] Level 1:colcon.colcon_core.package_identification:_identify(install) by extension 'ignore'
[2.645s] Level 1:colcon.colcon_core.package_identification:_identify(install) ignored
[2.645s] Level 1:colcon.colcon_core.package_identification:_identify(log) by extensions ['ignore', 'ignore_ament_install']
[2.645s] Level 1:colcon.colcon_core.package_identification:_identify(log) by extension 'ignore'
[2.645s] Level 1:colcon.colcon_core.package_identification:_identify(log) ignored
[2.645s] Level 1:colcon.colcon_core.package_identification:_identify(src) by extensions ['ignore', 'ignore_ament_install']
[2.645s] Level 1:colcon.colcon_core.package_identification:_identify(src) by extension 'ignore'
[2.645s] Level 1:colcon.colcon_core.package_identification:_identify(src) by extension 'ignore_ament_install'
[2.645s] Level 1:colcon.colcon_core.package_identification:_identify(src) by extensions ['colcon_pkg']
[2.645s] Level 1:colcon.colcon_core.package_identification:_identify(src) by extension 'colcon_pkg'
[2.645s] Level 1:colcon.colcon_core.package_identification:_identify(src) by extensions ['colcon_meta']
[2.646s] Level 1:colcon.colcon_core.package_identification:_identify(src) by extension 'colcon_meta'
[2.646s] Level 1:colcon.colcon_core.package_identification:_identify(src) by extensions ['ros']
[2.646s] Level 1:colcon.colcon_core.package_identification:_identify(src) by extension 'ros'
[2.646s] Level 1:colcon.colcon_core.package_identification:_identify(src) by extensions ['cmake', 'python']
[2.646s] Level 1:colcon.colcon_core.package_identification:_identify(src) by extension 'cmake'
[2.646s] Level 1:colcon.colcon_core.package_identification:_identify(src) by extension 'python'
[2.646s] Level 1:colcon.colcon_core.package_identification:_identify(src) by extensions ['python_setup_py']
[2.646s] Level 1:colcon.colcon_core.package_identification:_identify(src) by extension 'python_setup_py'
[2.646s] Level 1:colcon.colcon_core.package_identification:_identify(src/temi) by extensions ['ignore', 'ignore_ament_install']
[2.646s] Level 1:colcon.colcon_core.package_identification:_identify(src/temi) by extension 'ignore'
[2.646s] Level 1:colcon.colcon_core.package_identification:_identify(src/temi) by extension 'ignore_ament_install'
[2.646s] Level 1:colcon.colcon_core.package_identification:_identify(src/temi) by extensions ['colcon_pkg']
[2.646s] Level 1:colcon.colcon_core.package_identification:_identify(src/temi) by extension 'colcon_pkg'
[2.646s] Level 1:colcon.colcon_core.package_identification:_identify(src/temi) by extensions ['colcon_meta']
[2.646s] Level 1:colcon.colcon_core.package_identification:_identify(src/temi) by extension 'colcon_meta'
[2.646s] Level 1:colcon.colcon_core.package_identification:_identify(src/temi) by extensions ['ros']
[2.646s] Level 1:colcon.colcon_core.package_identification:_identify(src/temi) by extension 'ros'
[2.648s] DEBUG:colcon.colcon_core.package_identification:Failed to parse potential ROS package manifest in'src/temi': Error(s) in package 'src/temi/package.xml':
The manifest contains invalid XML:
not well-formed (invalid token): line 16, column 44
[2.648s] Level 1:colcon.colcon_core.package_identification:_identify(src/temi) by extensions ['cmake', 'python']
[2.648s] Level 1:colcon.colcon_core.package_identification:_identify(src/temi) by extension 'cmake'
[2.648s] Level 1:colcon.colcon_core.package_identification:_identify(src/temi) by extension 'python'
[2.648s] DEBUG:colcon.colcon_core.package_identification:Python package in 'src/temi' passes arguments to the setup() function which requires a different identification extension than 'python'
[2.648s] Level 1:colcon.colcon_core.package_identification:_identify(src/temi) by extensions ['python_setup_py']
[2.648s] Level 1:colcon.colcon_core.package_identification:_identify(src/temi) by extension 'python_setup_py'
[3.246s] DEBUG:colcon.colcon_core.package_identification:Package 'src/temi' with type 'python' and name 'temi'
[3.246s] Level 1:colcon.colcon_core.package_identification:_identify(src/temi_msgs) by extensions ['ignore', 'ignore_ament_install']
[3.247s] Level 1:colcon.colcon_core.package_identification:_identify(src/temi_msgs) by extension 'ignore'
[3.247s] Level 1:colcon.colcon_core.package_identification:_identify(src/temi_msgs) by extension 'ignore_ament_install'
[3.247s] Level 1:colcon.colcon_core.package_identification:_identify(src/temi_msgs) by extensions ['colcon_pkg']
[3.247s] Level 1:colcon.colcon_core.package_identification:_identify(src/temi_msgs) by extension 'colcon_pkg'
[3.247s] Level 1:colcon.colcon_core.package_identification:_identify(src/temi_msgs) by extensions ['colcon_meta']
[3.247s] Level 1:colcon.colcon_core.package_identification:_identify(src/temi_msgs) by extension 'colcon_meta'
[3.247s] Level 1:colcon.colcon_core.package_identification:_identify(src/temi_msgs) by extensions ['ros']
[3.247s] Level 1:colcon.colcon_core.package_identification:_identify(src/temi_msgs) by extension 'ros'
[3.249s] DEBUG:colcon.colcon_core.package_identification:Package 'src/temi_msgs' with type 'ros.ament_cmake' and name 'temi_msgs'
[3.249s] Level 1:colcon.colcon_core.package_identification:_identify(test) by extensions ['ignore', 'ignore_ament_install']
[3.249s] Level 1:colcon.colcon_core.package_identification:_identify(test) by extension 'ignore'
[3.249s] Level 1:colcon.colcon_core.package_identification:_identify(test) by extension 'ignore_ament_install'
[3.249s] Level 1:colcon.colcon_core.package_identification:_identify(test) by extensions ['colcon_pkg']
[3.249s] Level 1:colcon.colcon_core.package_identification:_identify(test) by extension 'colcon_pkg'
[3.249s] Level 1:colcon.colcon_core.package_identification:_identify(test) by extensions ['colcon_meta']
[3.249s] Level 1:colcon.colcon_core.package_identification:_identify(test) by extension 'colcon_meta'
[3.249s] Level 1:colcon.colcon_core.package_identification:_identify(test) by extensions ['ros']
[3.249s] Level 1:colcon.colcon_core.package_identification:_identify(test) by extension 'ros'
[3.249s] Level 1:colcon.colcon_core.package_identification:_identify(test) by extensions ['cmake', 'python']
[3.249s] Level 1:colcon.colcon_core.package_identification:_identify(test) by extension 'cmake'
[3.249s] Level 1:colcon.colcon_core.package_identification:_identify(test) by extension 'python'
[3.249s] Level 1:colcon.colcon_core.package_identification:_identify(test) by extensions ['python_setup_py']
[3.249s] Level 1:colcon.colcon_core.package_identification:_identify(test) by extension 'python_setup_py'
[3.250s] Level 1:colcon.colcon_core.package_discovery:discover_packages(recursive) using defaults
[3.250s] Level 1:colcon.colcon_core.package_discovery:discover_packages(ignore) discover
[3.250s] Level 1:colcon.colcon_core.package_discovery:discover_packages(ignore) using defaults
[3.250s] Level 1:colcon.colcon_core.package_discovery:discover_packages(path) discover
[3.250s] Level 1:colcon.colcon_core.package_discovery:discover_packages(path) using defaults
[3.507s] Level 1:colcon.colcon_core.package_discovery:discover_packages(prefix_path) check parameters
[3.507s] Level 1:colcon.colcon_core.package_discovery:discover_packages(prefix_path) discover
[3.606s] DEBUG:colcon.colcon_installed_package_information.package_discovery:Found 343 installed packages in /home/khj/ros2_humble/install
[3.608s] Level 1:colcon.colcon_core.package_discovery:discover_packages(prefix_path) using defaults
[3.714s] Level 5:colcon.colcon_core.verb:set package 'temi' build argument 'cmake_args' from command line to 'None'
[3.714s] Level 5:colcon.colcon_core.verb:set package 'temi' build argument 'cmake_target' from command line to 'None'
[3.714s] Level 5:colcon.colcon_core.verb:set package 'temi' build argument 'cmake_target_skip_unavailable' from command line to 'False'
[3.714s] Level 5:colcon.colcon_core.verb:set package 'temi' build argument 'cmake_clean_cache' from command line to 'False'
[3.714s] Level 5:colcon.colcon_core.verb:set package 'temi' build argument 'cmake_clean_first' from command line to 'False'
[3.714s] Level 5:colcon.colcon_core.verb:set package 'temi' build argument 'cmake_force_configure' from command line to 'False'
[3.714s] Level 5:colcon.colcon_core.verb:set package 'temi' build argument 'ament_cmake_args' from command line to 'None'
[3.714s] Level 5:colcon.colcon_core.verb:set package 'temi' build argument 'catkin_cmake_args' from command line to 'None'
[3.714s] Level 5:colcon.colcon_core.verb:set package 'temi' build argument 'catkin_skip_building_tests' from command line to 'False'
[3.714s] DEBUG:colcon.colcon_core.verb:Building package 'temi' with the following arguments: {'ament_cmake_args': None, 'build_base': '/home/khj/Temi/build/temi', 'catkin_cmake_args': None, 'catkin_skip_building_tests': False, 'cmake_args': None, 'cmake_clean_cache': False, 'cmake_clean_first': False, 'cmake_force_configure': False, 'cmake_target': None, 'cmake_target_skip_unavailable': False, 'install_base': '/home/khj/Temi/install/temi', 'merge_install': False, 'path': '/home/khj/Temi/src/temi', 'symlink_install': False, 'test_result_base': None}
[3.752s] Level 5:colcon.colcon_core.verb:set package 'temi_msgs' build argument 'cmake_args' from command line to 'None'
[3.753s] Level 5:colcon.colcon_core.verb:set package 'temi_msgs' build argument 'cmake_target' from command line to 'None'
[3.753s] Level 5:colcon.colcon_core.verb:set package 'temi_msgs' build argument 'cmake_target_skip_unavailable' from command line to 'False'
[3.753s] Level 5:colcon.colcon_core.verb:set package 'temi_msgs' build argument 'cmake_clean_cache' from command line to 'False'
[3.753s] Level 5:colcon.colcon_core.verb:set package 'temi_msgs' build argument 'cmake_clean_first' from command line to 'False'
[3.753s] Level 5:colcon.colcon_core.verb:set package 'temi_msgs' build argument 'cmake_force_configure' from command line to 'False'
[3.753s] Level 5:colcon.colcon_core.verb:set package 'temi_msgs' build argument 'ament_cmake_args' from command line to 'None'
[3.753s] Level 5:colcon.colcon_core.verb:set package 'temi_msgs' build argument 'catkin_cmake_args' from command line to 'None'
[3.753s] Level 5:colcon.colcon_core.verb:set package 'temi_msgs' build argument 'catkin_skip_building_tests' from command line to 'False'
[3.753s] DEBUG:colcon.colcon_core.verb:Building package 'temi_msgs' with the following arguments: {'ament_cmake_args': None, 'build_base': '/home/khj/Temi/build/temi_msgs', 'catkin_cmake_args': None, 'catkin_skip_building_tests': False, 'cmake_args': None, 'cmake_clean_cache': False, 'cmake_clean_first': False, 'cmake_force_configure': False, 'cmake_target': None, 'cmake_target_skip_unavailable': False, 'install_base': '/home/khj/Temi/install/temi_msgs', 'merge_install': False, 'path': '/home/khj/Temi/src/temi_msgs', 'symlink_install': False, 'test_result_base': None}
[3.791s] INFO:colcon.colcon_core.executor:Executing jobs using 'parallel' executor
[3.829s] DEBUG:colcon.colcon_parallel_executor.executor.parallel:run_until_complete
[3.829s] INFO:colcon.colcon_core.task.python.build:Building Python package in '/home/khj/Temi/src/temi'
[3.874s] INFO:colcon.colcon_core.plugin_system:Skipping extension 'colcon_core.shell.bat': Not used on non-Windows systems
[3.875s] INFO:colcon.colcon_core.shell:Skip shell extension 'powershell' for command environment: Not usable outside of PowerShell
[3.875s] DEBUG:colcon.colcon_core.shell:Skip shell extension 'dsv' for command environment
[4.015s] INFO:colcon.colcon_ros.task.ament_cmake.build:Building ROS package in '/home/khj/Temi/src/temi_msgs' with build type 'ament_cmake'
[4.015s] INFO:colcon.colcon_cmake.task.cmake.build:Building CMake package in '/home/khj/Temi/src/temi_msgs'
[4.065s] INFO:colcon.colcon_core.shell:Skip shell extension 'powershell' for command environment: Not usable outside of PowerShell
[4.065s] DEBUG:colcon.colcon_core.shell:Skip shell extension 'dsv' for command environment
[4.886s] DEBUG:colcon.colcon_core.event_handler.log_command:Invoking command in '/home/khj/Temi/build/temi_msgs': CMAKE_PREFIX_PATH=${CMAKE_PREFIX_PATH}:/home/khj/ros2_humble/install/rqt_bag_plugins:/home/khj/ros2_humble/install/rqt_bag:/home/khj/ros2_humble/install/ros2bag:/home/khj/ros2_humble/install/tracetools_test:/home/khj/ros2_humble/install/tracetools_launch:/home/khj/ros2_humble/install/topic_monitor:/home/khj/ros2_humble/install/tf2_tools:/home/khj/ros2_humble/install/examples_tf2_py:/home/khj/ros2_humble/install/tf2_ros_py:/home/khj/ros2_humble/install/sros2:/home/khj/ros2_humble/install/rqt_topic:/home/khj/ros2_humble/install/rqt_srv:/home/khj/ros2_humble/install/rqt_shell:/home/khj/ros2_humble/install/rqt_service_caller:/home/khj/ros2_humble/install/rqt_reconfigure:/home/khj/ros2_humble/install/rqt_py_console:/home/khj/ros2_humble/install/rqt_publisher:/home/khj/ros2_humble/install/rqt_plot:/home/khj/ros2_humble/install/rqt_action:/home/khj/ros2_humble/install/rqt_msg:/home/khj/ros2_humble/install/rqt_console:/home/khj/ros2_humble/install/rqt:/home/khj/ros2_humble/install/rqt_graph:/home/khj/ros2_humble/install/rqt_gui_py:/home/khj/ros2_humble/install/rqt_gui:/home/khj/ros2_humble/install/ros2trace:/home/khj/ros2_humble/install/ros2topic:/home/khj/ros2_humble/install/ros2test:/home/khj/ros2_humble/install/ros2component:/home/khj/ros2_humble/install/ros2param:/home/khj/ros2_humble/install/ros2lifecycle:/home/khj/ros2_humble/install/ros2service:/home/khj/ros2_humble/install/ros2run:/home/khj/ros2_humble/install/ros2launch:/home/khj/ros2_humble/install/ros2pkg:/home/khj/ros2_humble/install/ros2node:/home/khj/ros2_humble/install/ros2multicast:/home/khj/ros2_humble/install/ros2interface:/home/khj/ros2_humble/install/ros2doctor:/home/khj/ros2_humble/install/ros2action:/home/khj/ros2_humble/install/ros2cli:/home/khj/ros2_humble/install/quality_of_service_demo_py:/home/khj/ros2_humble/install/lifecycle_py:/home/khj/ros2_humble/install/launch_testing_ros:/home/khj/ros2_humble/install/launch_ros:/home/khj/ros2_humble/install/examples_rclpy_pointcloud_publisher:/home/khj/ros2_humble/install/examples_rclpy_minimal_subscriber:/home/khj/ros2_humble/install/examples_rclpy_minimal_service:/home/khj/ros2_humble/install/examples_rclpy_minimal_publisher:/home/khj/ros2_humble/install/examples_rclpy_minimal_client:/home/khj/ros2_humble/install/examples_rclpy_minimal_action_server:/home/khj/ros2_humble/install/examples_rclpy_minimal_action_client:/home/khj/ros2_humble/install/examples_rclpy_guard_conditions:/home/khj/ros2_humble/install/examples_rclpy_executors:/home/khj/ros2_humble/install/demo_nodes_py:/home/khj/ros2_humble/install/action_tutorials_py:/home/khj/ros2_humble/install/ament_uncrustify:/home/khj/ros2_humble/install/tracetools_trace:/home/khj/ros2_humble/install/tracetools_read:/home/khj/ros2_humble/install/test_tracetools_launch:/home/khj/ros2_humble/install/test_launch_ros:/home/khj/ros2_humble/install/sensor_msgs_py:/home/khj/ros2_humble/install/rpyutils:/home/khj/ros2_humble/install/rosidl_runtime_py:/home/khj/ros2_humble/install/rosidl_cli:/home/khj/ros2_humble/install/launch_pytest:/home/khj/ros2_humble/install/launch_testing:/home/khj/ros2_humble/install/launch_yaml:/home/khj/ros2_humble/install/launch_xml:/home/khj/ros2_humble/install/launch:/home/khj/ros2_humble/install/osrf_pycommon:/home/khj/ros2_humble/install/launch_testing_examples:/home/khj/ros2_humble/install/domain_coordinator:/home/khj/ros2_humble/install/ament_xmllint:/home/khj/ros2_humble/install/ament_pyflakes:/home/khj/ros2_humble/install/ament_pycodestyle:/home/khj/ros2_humble/install/ament_pep257:/home/khj/ros2_humble/install/ament_pclint:/home/khj/ros2_humble/install/ament_package:/home/khj/ros2_humble/install/ament_mypy:/home/khj/ros2_humble/install/ament_lint_cmake:/home/khj/ros2_humble/install/ament_flake8:/home/khj/ros2_humble/install/ament_copyright:/home/khj/ros2_humble/install/ament_lint:/home/khj/ros2_humble/install/ament_index_python:/home/khj/ros2_humble/install/ament_cpplint:/home/khj/ros2_humble/install/ament_cppcheck:/home/khj/ros2_humble/install/ament_clang_tidy:/home/khj/ros2_humble/install/ament_clang_format /usr/bin/cmake --build /home/khj/Temi/build/temi_msgs -- -j4 -l4
[6.224s] DEBUG:colcon.colcon_core.event_handler.log_command:Invoking command in '/home/khj/Temi/src/temi': PYTHONPATH=/home/khj/Temi/build/temi/prefix_override:/home/khj/Temi/install/temi/lib/python3.10/site-packages:${PYTHONPATH} /usr/bin/python3 setup.py egg_info --egg-base ../../build/temi build --build-base /home/khj/Temi/build/temi/build install --record /home/khj/Temi/build/temi/install.log --single-version-externally-managed
[6.226s] DEBUG:colcon.colcon_core.event_handler.log_command:Invoked command in '/home/khj/Temi/build/temi_msgs' returned '0': CMAKE_PREFIX_PATH=${CMAKE_PREFIX_PATH}:/home/khj/ros2_humble/install/rqt_bag_plugins:/home/khj/ros2_humble/install/rqt_bag:/home/khj/ros2_humble/install/ros2bag:/home/khj/ros2_humble/install/tracetools_test:/home/khj/ros2_humble/install/tracetools_launch:/home/khj/ros2_humble/install/topic_monitor:/home/khj/ros2_humble/install/tf2_tools:/home/khj/ros2_humble/install/examples_tf2_py:/home/khj/ros2_humble/install/tf2_ros_py:/home/khj/ros2_humble/install/sros2:/home/khj/ros2_humble/install/rqt_topic:/home/khj/ros2_humble/install/rqt_srv:/home/khj/ros2_humble/install/rqt_shell:/home/khj/ros2_humble/install/rqt_service_caller:/home/khj/ros2_humble/install/rqt_reconfigure:/home/khj/ros2_humble/install/rqt_py_console:/home/khj/ros2_humble/install/rqt_publisher:/home/khj/ros2_humble/install/rqt_plot:/home/khj/ros2_humble/install/rqt_action:/home/khj/ros2_humble/install/rqt_msg:/home/khj/ros2_humble/install/rqt_console:/home/khj/ros2_humble/install/rqt:/home/khj/ros2_humble/install/rqt_graph:/home/khj/ros2_humble/install/rqt_gui_py:/home/khj/ros2_humble/install/rqt_gui:/home/khj/ros2_humble/install/ros2trace:/home/khj/ros2_humble/install/ros2topic:/home/khj/ros2_humble/install/ros2test:/home/khj/ros2_humble/install/ros2component:/home/khj/ros2_humble/install/ros2param:/home/khj/ros2_humble/install/ros2lifecycle:/home/khj/ros2_humble/install/ros2service:/home/khj/ros2_humble/install/ros2run:/home/khj/ros2_humble/install/ros2launch:/home/khj/ros2_humble/install/ros2pkg:/home/khj/ros2_humble/install/ros2node:/home/khj/ros2_humble/install/ros2multicast:/home/khj/ros2_humble/install/ros2interface:/home/khj/ros2_humble/install/ros2doctor:/home/khj/ros2_humble/install/ros2action:/home/khj/ros2_humble/install/ros2cli:/home/khj/ros2_humble/install/quality_of_service_demo_py:/home/khj/ros2_humble/install/lifecycle_py:/home/khj/ros2_humble/install/launch_testing_ros:/home/khj/ros2_humble/install/launch_ros:/home/khj/ros2_humble/install/examples_rclpy_pointcloud_publisher:/home/khj/ros2_humble/install/examples_rclpy_minimal_subscriber:/home/khj/ros2_humble/install/examples_rclpy_minimal_service:/home/khj/ros2_humble/install/examples_rclpy_minimal_publisher:/home/khj/ros2_humble/install/examples_rclpy_minimal_client:/home/khj/ros2_humble/install/examples_rclpy_minimal_action_server:/home/khj/ros2_humble/install/examples_rclpy_minimal_action_client:/home/khj/ros2_humble/install/examples_rclpy_guard_conditions:/home/khj/ros2_humble/install/examples_rclpy_executors:/home/khj/ros2_humble/install/demo_nodes_py:/home/khj/ros2_humble/install/action_tutorials_py:/home/khj/ros2_humble/install/ament_uncrustify:/home/khj/ros2_humble/install/tracetools_trace:/home/khj/ros2_humble/install/tracetools_read:/home/khj/ros2_humble/install/test_tracetools_launch:/home/khj/ros2_humble/install/test_launch_ros:/home/khj/ros2_humble/install/sensor_msgs_py:/home/khj/ros2_humble/install/rpyutils:/home/khj/ros2_humble/install/rosidl_runtime_py:/home/khj/ros2_humble/install/rosidl_cli:/home/khj/ros2_humble/install/launch_pytest:/home/khj/ros2_humble/install/launch_testing:/home/khj/ros2_humble/install/launch_yaml:/home/khj/ros2_humble/install/launch_xml:/home/khj/ros2_humble/install/launch:/home/khj/ros2_humble/install/osrf_pycommon:/home/khj/ros2_humble/install/launch_testing_examples:/home/khj/ros2_humble/install/domain_coordinator:/home/khj/ros2_humble/install/ament_xmllint:/home/khj/ros2_humble/install/ament_pyflakes:/home/khj/ros2_humble/install/ament_pycodestyle:/home/khj/ros2_humble/install/ament_pep257:/home/khj/ros2_humble/install/ament_pclint:/home/khj/ros2_humble/install/ament_package:/home/khj/ros2_humble/install/ament_mypy:/home/khj/ros2_humble/install/ament_lint_cmake:/home/khj/ros2_humble/install/ament_flake8:/home/khj/ros2_humble/install/ament_copyright:/home/khj/ros2_humble/install/ament_lint:/home/khj/ros2_humble/install/ament_index_python:/home/khj/ros2_humble/install/ament_cpplint:/home/khj/ros2_humble/install/ament_cppcheck:/home/khj/ros2_humble/install/ament_clang_tidy:/home/khj/ros2_humble/install/ament_clang_format /usr/bin/cmake --build /home/khj/Temi/build/temi_msgs -- -j4 -l4
[6.674s] DEBUG:colcon.colcon_core.event_handler.log_command:Invoking command in '/home/khj/Temi/build/temi_msgs': CMAKE_PREFIX_PATH=${CMAKE_PREFIX_PATH}:/home/khj/ros2_humble/install/rqt_bag_plugins:/home/khj/ros2_humble/install/rqt_bag:/home/khj/ros2_humble/install/ros2bag:/home/khj/ros2_humble/install/tracetools_test:/home/khj/ros2_humble/install/tracetools_launch:/home/khj/ros2_humble/install/topic_monitor:/home/khj/ros2_humble/install/tf2_tools:/home/khj/ros2_humble/install/examples_tf2_py:/home/khj/ros2_humble/install/tf2_ros_py:/home/khj/ros2_humble/install/sros2:/home/khj/ros2_humble/install/rqt_topic:/home/khj/ros2_humble/install/rqt_srv:/home/khj/ros2_humble/install/rqt_shell:/home/khj/ros2_humble/install/rqt_service_caller:/home/khj/ros2_humble/install/rqt_reconfigure:/home/khj/ros2_humble/install/rqt_py_console:/home/khj/ros2_humble/install/rqt_publisher:/home/khj/ros2_humble/install/rqt_plot:/home/khj/ros2_humble/install/rqt_action:/home/khj/ros2_humble/install/rqt_msg:/home/khj/ros2_humble/install/rqt_console:/home/khj/ros2_humble/install/rqt:/home/khj/ros2_humble/install/rqt_graph:/home/khj/ros2_humble/install/rqt_gui_py:/home/khj/ros2_humble/install/rqt_gui:/home/khj/ros2_humble/install/ros2trace:/home/khj/ros2_humble/install/ros2topic:/home/khj/ros2_humble/install/ros2test:/home/khj/ros2_humble/install/ros2component:/home/khj/ros2_humble/install/ros2param:/home/khj/ros2_humble/install/ros2lifecycle:/home/khj/ros2_humble/install/ros2service:/home/khj/ros2_humble/install/ros2run:/home/khj/ros2_humble/install/ros2launch:/home/khj/ros2_humble/install/ros2pkg:/home/khj/ros2_humble/install/ros2node:/home/khj/ros2_humble/install/ros2multicast:/home/khj/ros2_humble/install/ros2interface:/home/khj/ros2_humble/install/ros2doctor:/home/khj/ros2_humble/install/ros2action:/home/khj/ros2_humble/install/ros2cli:/home/khj/ros2_humble/install/quality_of_service_demo_py:/home/khj/ros2_humble/install/lifecycle_py:/home/khj/ros2_humble/install/launch_testing_ros:/home/khj/ros2_humble/install/launch_ros:/home/khj/ros2_humble/install/examples_rclpy_pointcloud_publisher:/home/khj/ros2_humble/install/examples_rclpy_minimal_subscriber:/home/khj/ros2_humble/install/examples_rclpy_minimal_service:/home/khj/ros2_humble/install/examples_rclpy_minimal_publisher:/home/khj/ros2_humble/install/examples_rclpy_minimal_client:/home/khj/ros2_humble/install/examples_rclpy_minimal_action_server:/home/khj/ros2_humble/install/examples_rclpy_minimal_action_client:/home/khj/ros2_humble/install/examples_rclpy_guard_conditions:/home/khj/ros2_humble/install/examples_rclpy_executors:/home/khj/ros2_humble/install/demo_nodes_py:/home/khj/ros2_humble/install/action_tutorials_py:/home/khj/ros2_humble/install/ament_uncrustify:/home/khj/ros2_humble/install/tracetools_trace:/home/khj/ros2_humble/install/tracetools_read:/home/khj/ros2_humble/install/test_tracetools_launch:/home/khj/ros2_humble/install/test_launch_ros:/home/khj/ros2_humble/install/sensor_msgs_py:/home/khj/ros2_humble/install/rpyutils:/home/khj/ros2_humble/install/rosidl_runtime_py:/home/khj/ros2_humble/install/rosidl_cli:/home/khj/ros2_humble/install/launch_pytest:/home/khj/ros2_humble/install/launch_testing:/home/khj/ros2_humble/install/launch_yaml:/home/khj/ros2_humble/install/launch_xml:/home/khj/ros2_humble/install/launch:/home/khj/ros2_humble/install/osrf_pycommon:/home/khj/ros2_humble/install/launch_testing_examples:/home/khj/ros2_humble/install/domain_coordinator:/home/khj/ros2_humble/install/ament_xmllint:/home/khj/ros2_humble/install/ament_pyflakes:/home/khj/ros2_humble/install/ament_pycodestyle:/home/khj/ros2_humble/install/ament_pep257:/home/khj/ros2_humble/install/ament_pclint:/home/khj/ros2_humble/install/ament_package:/home/khj/ros2_humble/install/ament_mypy:/home/khj/ros2_humble/install/ament_lint_cmake:/home/khj/ros2_humble/install/ament_flake8:/home/khj/ros2_humble/install/ament_copyright:/home/khj/ros2_humble/install/ament_lint:/home/khj/ros2_humble/install/ament_index_python:/home/khj/ros2_humble/install/ament_cpplint:/home/khj/ros2_humble/install/ament_cppcheck:/home/khj/ros2_humble/install/ament_clang_tidy:/home/khj/ros2_humble/install/ament_clang_format /usr/bin/cmake --install /home/khj/Temi/build/temi_msgs
[6.921s] Level 1:colcon.colcon_core.environment:create_environment_scripts_only(temi_msgs)
[6.936s] DEBUG:colcon.colcon_core.event_handler.log_command:Invoked command in '/home/khj/Temi/build/temi_msgs' returned '0': CMAKE_PREFIX_PATH=${CMAKE_PREFIX_PATH}:/home/khj/ros2_humble/install/rqt_bag_plugins:/home/khj/ros2_humble/install/rqt_bag:/home/khj/ros2_humble/install/ros2bag:/home/khj/ros2_humble/install/tracetools_test:/home/khj/ros2_humble/install/tracetools_launch:/home/khj/ros2_humble/install/topic_monitor:/home/khj/ros2_humble/install/tf2_tools:/home/khj/ros2_humble/install/examples_tf2_py:/home/khj/ros2_humble/install/tf2_ros_py:/home/khj/ros2_humble/install/sros2:/home/khj/ros2_humble/install/rqt_topic:/home/khj/ros2_humble/install/rqt_srv:/home/khj/ros2_humble/install/rqt_shell:/home/khj/ros2_humble/install/rqt_service_caller:/home/khj/ros2_humble/install/rqt_reconfigure:/home/khj/ros2_humble/install/rqt_py_console:/home/khj/ros2_humble/install/rqt_publisher:/home/khj/ros2_humble/install/rqt_plot:/home/khj/ros2_humble/install/rqt_action:/home/khj/ros2_humble/install/rqt_msg:/home/khj/ros2_humble/install/rqt_console:/home/khj/ros2_humble/install/rqt:/home/khj/ros2_humble/install/rqt_graph:/home/khj/ros2_humble/install/rqt_gui_py:/home/khj/ros2_humble/install/rqt_gui:/home/khj/ros2_humble/install/ros2trace:/home/khj/ros2_humble/install/ros2topic:/home/khj/ros2_humble/install/ros2test:/home/khj/ros2_humble/install/ros2component:/home/khj/ros2_humble/install/ros2param:/home/khj/ros2_humble/install/ros2lifecycle:/home/khj/ros2_humble/install/ros2service:/home/khj/ros2_humble/install/ros2run:/home/khj/ros2_humble/install/ros2launch:/home/khj/ros2_humble/install/ros2pkg:/home/khj/ros2_humble/install/ros2node:/home/khj/ros2_humble/install/ros2multicast:/home/khj/ros2_humble/install/ros2interface:/home/khj/ros2_humble/install/ros2doctor:/home/khj/ros2_humble/install/ros2action:/home/khj/ros2_humble/install/ros2cli:/home/khj/ros2_humble/install/quality_of_service_demo_py:/home/khj/ros2_humble/install/lifecycle_py:/home/khj/ros2_humble/install/launch_testing_ros:/home/khj/ros2_humble/install/launch_ros:/home/khj/ros2_humble/install/examples_rclpy_pointcloud_publisher:/home/khj/ros2_humble/install/examples_rclpy_minimal_subscriber:/home/khj/ros2_humble/install/examples_rclpy_minimal_service:/home/khj/ros2_humble/install/examples_rclpy_minimal_publisher:/home/khj/ros2_humble/install/examples_rclpy_minimal_client:/home/khj/ros2_humble/install/examples_rclpy_minimal_action_server:/home/khj/ros2_humble/install/examples_rclpy_minimal_action_client:/home/khj/ros2_humble/install/examples_rclpy_guard_conditions:/home/khj/ros2_humble/install/examples_rclpy_executors:/home/khj/ros2_humble/install/demo_nodes_py:/home/khj/ros2_humble/install/action_tutorials_py:/home/khj/ros2_humble/install/ament_uncrustify:/home/khj/ros2_humble/install/tracetools_trace:/home/khj/ros2_humble/install/tracetools_read:/home/khj/ros2_humble/install/test_tracetools_launch:/home/khj/ros2_humble/install/test_launch_ros:/home/khj/ros2_humble/install/sensor_msgs_py:/home/khj/ros2_humble/install/rpyutils:/home/khj/ros2_humble/install/rosidl_runtime_py:/home/khj/ros2_humble/install/rosidl_cli:/home/khj/ros2_humble/install/launch_pytest:/home/khj/ros2_humble/install/launch_testing:/home/khj/ros2_humble/install/launch_yaml:/home/khj/ros2_humble/install/launch_xml:/home/khj/ros2_humble/install/launch:/home/khj/ros2_humble/install/osrf_pycommon:/home/khj/ros2_humble/install/launch_testing_examples:/home/khj/ros2_humble/install/domain_coordinator:/home/khj/ros2_humble/install/ament_xmllint:/home/khj/ros2_humble/install/ament_pyflakes:/home/khj/ros2_humble/install/ament_pycodestyle:/home/khj/ros2_humble/install/ament_pep257:/home/khj/ros2_humble/install/ament_pclint:/home/khj/ros2_humble/install/ament_package:/home/khj/ros2_humble/install/ament_mypy:/home/khj/ros2_humble/install/ament_lint_cmake:/home/khj/ros2_humble/install/ament_flake8:/home/khj/ros2_humble/install/ament_copyright:/home/khj/ros2_humble/install/ament_lint:/home/khj/ros2_humble/install/ament_index_python:/home/khj/ros2_humble/install/ament_cpplint:/home/khj/ros2_humble/install/ament_cppcheck:/home/khj/ros2_humble/install/ament_clang_tidy:/home/khj/ros2_humble/install/ament_clang_format /usr/bin/cmake --install /home/khj/Temi/build/temi_msgs
[6.990s] Level 1:colcon.colcon_core.environment:checking '/home/khj/Temi/install/temi_msgs' for CMake module files
[6.991s] Level 1:colcon.colcon_core.environment:checking '/home/khj/Temi/install/temi_msgs' for CMake config files
[6.992s] Level 1:colcon.colcon_core.shell:create_environment_hook('temi_msgs', 'cmake_prefix_path')
[7.039s] INFO:colcon.colcon_core.shell:Creating environment hook '/home/khj/Temi/install/temi_msgs/share/temi_msgs/hook/cmake_prefix_path.ps1'
[7.040s] INFO:colcon.colcon_core.shell:Creating environment descriptor '/home/khj/Temi/install/temi_msgs/share/temi_msgs/hook/cmake_prefix_path.dsv'
[7.040s] INFO:colcon.colcon_core.shell:Creating environment hook '/home/khj/Temi/install/temi_msgs/share/temi_msgs/hook/cmake_prefix_path.sh'
[7.041s] Level 1:colcon.colcon_core.environment:checking '/home/khj/Temi/install/temi_msgs/lib'
[7.041s] Level 1:colcon.colcon_core.shell:create_environment_hook('temi_msgs', 'ld_library_path_lib')
[7.099s] INFO:colcon.colcon_core.shell:Creating environment hook '/home/khj/Temi/install/temi_msgs/share/temi_msgs/hook/ld_library_path_lib.ps1'
[7.101s] INFO:colcon.colcon_core.shell:Creating environment descriptor '/home/khj/Temi/install/temi_msgs/share/temi_msgs/hook/ld_library_path_lib.dsv'
[7.102s] INFO:colcon.colcon_core.shell:Creating environment hook '/home/khj/Temi/install/temi_msgs/share/temi_msgs/hook/ld_library_path_lib.sh'
[7.103s] Level 1:colcon.colcon_core.environment:checking '/home/khj/Temi/install/temi_msgs/bin'
[7.104s] Level 1:colcon.colcon_core.environment:checking '/home/khj/Temi/install/temi_msgs/lib/pkgconfig/temi_msgs.pc'
[7.104s] Level 1:colcon.colcon_core.environment:checking '/home/khj/Temi/install/temi_msgs/lib/python3.10/site-packages'
[7.105s] Level 1:colcon.colcon_core.environment:checking '/home/khj/Temi/install/temi_msgs/bin'
[7.161s] INFO:colcon.colcon_core.shell:Creating package script '/home/khj/Temi/install/temi_msgs/share/temi_msgs/package.ps1'
[7.163s] INFO:colcon.colcon_core.shell:Creating package descriptor '/home/khj/Temi/install/temi_msgs/share/temi_msgs/package.dsv'
[7.164s] INFO:colcon.colcon_core.shell:Creating package script '/home/khj/Temi/install/temi_msgs/share/temi_msgs/package.sh'
[7.165s] INFO:colcon.colcon_core.shell:Creating package script '/home/khj/Temi/install/temi_msgs/share/temi_msgs/package.bash'
[7.166s] INFO:colcon.colcon_core.shell:Creating package script '/home/khj/Temi/install/temi_msgs/share/temi_msgs/package.zsh'
[7.167s] Level 1:colcon.colcon_core.environment:create_file_with_runtime_dependencies(/home/khj/Temi/install/temi_msgs/share/colcon-core/packages/temi_msgs)
[7.170s] DEBUG:colcon.colcon_core.event_handler.log_command:Invoked command in '/home/khj/Temi/src/temi' returned '0': PYTHONPATH=/home/khj/Temi/build/temi/prefix_override:/home/khj/Temi/install/temi/lib/python3.10/site-packages:${PYTHONPATH} /usr/bin/python3 setup.py egg_info --egg-base ../../build/temi build --build-base /home/khj/Temi/build/temi/build install --record /home/khj/Temi/build/temi/install.log --single-version-externally-managed
[7.221s] Level 1:colcon.colcon_core.environment:checking '/home/khj/Temi/install/temi' for CMake module files
[7.221s] Level 1:colcon.colcon_core.environment:checking '/home/khj/Temi/install/temi' for CMake config files
[7.222s] Level 1:colcon.colcon_core.environment:checking '/home/khj/Temi/install/temi/lib'
[7.222s] Level 1:colcon.colcon_core.environment:checking '/home/khj/Temi/install/temi/bin'
[7.222s] Level 1:colcon.colcon_core.environment:checking '/home/khj/Temi/install/temi/lib/pkgconfig/temi.pc'
[7.222s] Level 1:colcon.colcon_core.environment:checking '/home/khj/Temi/install/temi/lib/python3.10/site-packages'
[7.222s] Level 1:colcon.colcon_core.shell:create_environment_hook('temi', 'pythonpath')
[7.269s] INFO:colcon.colcon_core.shell:Creating environment hook '/home/khj/Temi/install/temi/share/temi/hook/pythonpath.ps1'
[7.270s] INFO:colcon.colcon_core.shell:Creating environment descriptor '/home/khj/Temi/install/temi/share/temi/hook/pythonpath.dsv'
[7.270s] INFO:colcon.colcon_core.shell:Creating environment hook '/home/khj/Temi/install/temi/share/temi/hook/pythonpath.sh'
[7.271s] Level 1:colcon.colcon_core.environment:checking '/home/khj/Temi/install/temi/bin'
[7.271s] Level 1:colcon.colcon_core.environment:create_environment_scripts_only(temi)
[7.350s] INFO:colcon.colcon_core.shell:Creating package script '/home/khj/Temi/install/temi/share/temi/package.ps1'
[7.350s] INFO:colcon.colcon_core.shell:Creating package descriptor '/home/khj/Temi/install/temi/share/temi/package.dsv'
[7.351s] INFO:colcon.colcon_core.shell:Creating package script '/home/khj/Temi/install/temi/share/temi/package.sh'
[7.351s] INFO:colcon.colcon_core.shell:Creating package script '/home/khj/Temi/install/temi/share/temi/package.bash'
[7.351s] INFO:colcon.colcon_core.shell:Creating package script '/home/khj/Temi/install/temi/share/temi/package.zsh'
[7.352s] Level 1:colcon.colcon_core.environment:create_file_with_runtime_dependencies(/home/khj/Temi/install/temi/share/colcon-core/packages/temi)
[7.606s] Level 1:colcon.colcon_core.environment:create_environment_scripts_only(temi_msgs)
[7.659s] Level 1:colcon.colcon_core.environment:checking '/home/khj/Temi/install/temi_msgs' for CMake module files
[7.660s] Level 1:colcon.colcon_core.environment:checking '/home/khj/Temi/install/temi_msgs' for CMake config files
[7.661s] Level 1:colcon.colcon_core.shell:create_environment_hook('temi_msgs', 'cmake_prefix_path')
[7.710s] INFO:colcon.colcon_core.shell:Creating environment hook '/home/khj/Temi/install/temi_msgs/share/temi_msgs/hook/cmake_prefix_path.ps1'
[7.710s] INFO:colcon.colcon_core.shell:Creating environment descriptor '/home/khj/Temi/install/temi_msgs/share/temi_msgs/hook/cmake_prefix_path.dsv'
[7.711s] INFO:colcon.colcon_core.shell:Creating environment hook '/home/khj/Temi/install/temi_msgs/share/temi_msgs/hook/cmake_prefix_path.sh'
[7.712s] Level 1:colcon.colcon_core.environment:checking '/home/khj/Temi/install/temi_msgs/lib'
[7.712s] Level 1:colcon.colcon_core.shell:create_environment_hook('temi_msgs', 'ld_library_path_lib')
[7.755s] INFO:colcon.colcon_core.shell:Creating environment hook '/home/khj/Temi/install/temi_msgs/share/temi_msgs/hook/ld_library_path_lib.ps1'
[7.755s] INFO:colcon.colcon_core.shell:Creating environment descriptor '/home/khj/Temi/install/temi_msgs/share/temi_msgs/hook/ld_library_path_lib.dsv'
[7.755s] INFO:colcon.colcon_core.shell:Creating environment hook '/home/khj/Temi/install/temi_msgs/share/temi_msgs/hook/ld_library_path_lib.sh'
[7.756s] Level 1:colcon.colcon_core.environment:checking '/home/khj/Temi/install/temi_msgs/bin'
[7.756s] Level 1:colcon.colcon_core.environment:checking '/home/khj/Temi/install/temi_msgs/lib/pkgconfig/temi_msgs.pc'
[7.756s] Level 1:colcon.colcon_core.environment:checking '/home/khj/Temi/install/temi_msgs/lib/python3.10/site-packages'
[7.756s] Level 1:colcon.colcon_core.environment:checking '/home/khj/Temi/install/temi_msgs/bin'
[7.803s] INFO:colcon.colcon_core.shell:Creating package script '/home/khj/Temi/install/temi_msgs/share/temi_msgs/package.ps1'
[7.803s] INFO:colcon.colcon_core.shell:Creating package descriptor '/home/khj/Temi/install/temi_msgs/share/temi_msgs/package.dsv'
[7.804s] INFO:colcon.colcon_core.shell:Creating package script '/home/khj/Temi/install/temi_msgs/share/temi_msgs/package.sh'
[7.804s] INFO:colcon.colcon_core.shell:Creating package script '/home/khj/Temi/install/temi_msgs/share/temi_msgs/package.bash'
[7.805s] INFO:colcon.colcon_core.shell:Creating package script '/home/khj/Temi/install/temi_msgs/share/temi_msgs/package.zsh'
[7.805s] Level 1:colcon.colcon_core.environment:create_file_with_runtime_dependencies(/home/khj/Temi/install/temi_msgs/share/colcon-core/packages/temi_msgs)
[7.805s] DEBUG:colcon.colcon_parallel_executor.executor.parallel:closing loop
[7.806s] DEBUG:colcon.colcon_parallel_executor.executor.parallel:loop closed
[7.806s] DEBUG:colcon.colcon_parallel_executor.executor.parallel:run_until_complete finished with '0'
[7.806s] DEBUG:colcon.colcon_core.event_reactor:joining thread
[7.870s] INFO:colcon.colcon_core.plugin_system:Skipping extension 'colcon_notification.desktop_notification.terminal_notifier': Not used on non-Darwin systems
[7.870s] INFO:colcon.colcon_core.plugin_system:Skipping extension 'colcon_notification.desktop_notification.win32': Not used on non-Windows systems
[7.871s] INFO:colcon.colcon_notification.desktop_notification:Sending desktop notification using 'notify2'
[7.874s] DEBUG:colcon.colcon_core.event_reactor:joined thread
[7.929s] INFO:colcon.colcon_core.shell:Creating prefix script '/home/khj/Temi/install/local_setup.ps1'
[7.930s] INFO:colcon.colcon_core.shell:Creating prefix util module '/home/khj/Temi/install/_local_setup_util_ps1.py'
[7.932s] INFO:colcon.colcon_core.shell:Creating prefix chain script '/home/khj/Temi/install/setup.ps1'
[8.000s] INFO:colcon.colcon_core.shell:Creating prefix script '/home/khj/Temi/install/local_setup.sh'
[8.000s] INFO:colcon.colcon_core.shell:Creating prefix util module '/home/khj/Temi/install/_local_setup_util_sh.py'
[8.001s] INFO:colcon.colcon_core.shell:Creating prefix chain script '/home/khj/Temi/install/setup.sh'
[8.072s] INFO:colcon.colcon_core.shell:Creating prefix script '/home/khj/Temi/install/local_setup.bash'
[8.072s] INFO:colcon.colcon_core.shell:Creating prefix chain script '/home/khj/Temi/install/setup.bash'
[8.144s] INFO:colcon.colcon_core.shell:Creating prefix script '/home/khj/Temi/install/local_setup.zsh'
[8.144s] INFO:colcon.colcon_core.shell:Creating prefix chain script '/home/khj/Temi/install/setup.zsh'
