[2.377s] DEBUG:colcon:Command line arguments: ['/usr/bin/colcon', 'build']
[2.377s] DEBUG:colcon:Parsed command line arguments: Namespace(log_base=None, log_level=None, verb_name='build', build_base='build', install_base='install', merge_install=False, symlink_install=False, test_result_base=None, continue_on_error=False, executor='parallel', parallel_workers=4, event_handlers=None, ignore_user_meta=False, metas=['./colcon.meta'], base_paths=['.'], packages_ignore=None, packages_ignore_regex=None, paths=None, packages_up_to=None, packages_up_to_regex=None, packages_above=None, packages_above_and_dependencies=None, packages_above_depth=None, packages_select_by_dep=None, packages_skip_by_dep=None, packages_skip_up_to=None, packages_select_build_failed=False, packages_skip_build_finished=False, packages_select_test_failures=False, packages_skip_test_passed=False, packages_select=None, packages_skip=None, packages_select_regex=None, packages_skip_regex=None, packages_start=None, packages_end=None, allow_overriding=[], cmake_args=None, cmake_target=None, cmake_target_skip_unavailable=False, cmake_clean_cache=False, cmake_clean_first=False, cmake_force_configure=False, ament_cmake_args=None, catkin_cmake_args=None, catkin_skip_building_tests=False, verb_parser=<colcon_defaults.argument_parser.defaults.DefaultArgumentsDecorator object at 0x7fddf533ee30>, verb_extension=<colcon_core.verb.build.BuildVerb object at 0x7fddf533f8e0>, main=<bound method BuildVerb.main of <colcon_core.verb.build.BuildVerb object at 0x7fddf533f8e0>>)
[2.483s] Level 1:colcon.colcon_core.package_discovery:discover_packages(colcon_meta) check parameters
[2.483s] Level 1:colcon.colcon_core.package_discovery:discover_packages(recursive) check parameters
[2.483s] Level 1:colcon.colcon_core.package_discovery:discover_packages(ignore) check parameters
[2.483s] Level 1:colcon.colcon_core.package_discovery:discover_packages(path) check parameters
[2.483s] Level 1:colcon.colcon_core.package_discovery:discover_packages(colcon_meta) discover
[2.483s] Level 1:colcon.colcon_core.package_discovery:discover_packages(recursive) discover
[2.483s] INFO:colcon.colcon_core.package_discovery:Crawling recursively for packages in '/home/khj/Temi'
[2.483s] Level 1:colcon.colcon_core.package_identification:_identify(.) by extensions ['ignore', 'ignore_ament_install']
[2.484s] Level 1:colcon.colcon_core.package_identification:_identify(.) by extension 'ignore'
[2.484s] Level 1:colcon.colcon_core.package_identification:_identify(.) by extension 'ignore_ament_install'
[2.484s] Level 1:colcon.colcon_core.package_identification:_identify(.) by extensions ['colcon_pkg']
[2.484s] Level 1:colcon.colcon_core.package_identification:_identify(.) by extension 'colcon_pkg'
[2.484s] Level 1:colcon.colcon_core.package_identification:_identify(.) by extensions ['colcon_meta']
[2.484s] Level 1:colcon.colcon_core.package_identification:_identify(.) by extension 'colcon_meta'
[2.484s] Level 1:colcon.colcon_core.package_identification:_identify(.) by extensions ['ros']
[2.484s] Level 1:colcon.colcon_core.package_identification:_identify(.) by extension 'ros'
[2.499s] Level 1:colcon.colcon_core.package_identification:_identify(.) by extensions ['cmake', 'python']
[2.499s] Level 1:colcon.colcon_core.package_identification:_identify(.) by extension 'cmake'
[2.499s] Level 1:colcon.colcon_core.package_identification:_identify(.) by extension 'python'
[2.499s] Level 1:colcon.colcon_core.package_identification:_identify(.) by extensions ['python_setup_py']
[2.499s] Level 1:colcon.colcon_core.package_identification:_identify(.) by extension 'python_setup_py'
[2.499s] Level 1:colcon.colcon_core.package_identification:_identify(build) by extensions ['ignore', 'ignore_ament_install']
[2.499s] Level 1:colcon.colcon_core.package_identification:_identify(build) by extension 'ignore'
[2.499s] Level 1:colcon.colcon_core.package_identification:_identify(build) ignored
[2.499s] Level 1:colcon.colcon_core.package_identification:_identify(install) by extensions ['ignore', 'ignore_ament_install']
[2.499s] Level 1:colcon.colcon_core.package_identification:_identify(install) by extension 'ignore'
[2.499s] Level 1:colcon.colcon_core.package_identification:_identify(install) ignored
[2.500s] Level 1:colcon.colcon_core.package_identification:_identify(log) by extensions ['ignore', 'ignore_ament_install']
[2.500s] Level 1:colcon.colcon_core.package_identification:_identify(log) by extension 'ignore'
[2.500s] Level 1:colcon.colcon_core.package_identification:_identify(log) ignored
[2.500s] Level 1:colcon.colcon_core.package_identification:_identify(src) by extensions ['ignore', 'ignore_ament_install']
[2.500s] Level 1:colcon.colcon_core.package_identification:_identify(src) by extension 'ignore'
[2.500s] Level 1:colcon.colcon_core.package_identification:_identify(src) by extension 'ignore_ament_install'
[2.500s] Level 1:colcon.colcon_core.package_identification:_identify(src) by extensions ['colcon_pkg']
[2.500s] Level 1:colcon.colcon_core.package_identification:_identify(src) by extension 'colcon_pkg'
[2.500s] Level 1:colcon.colcon_core.package_identification:_identify(src) by extensions ['colcon_meta']
[2.500s] Level 1:colcon.colcon_core.package_identification:_identify(src) by extension 'colcon_meta'
[2.500s] Level 1:colcon.colcon_core.package_identification:_identify(src) by extensions ['ros']
[2.500s] Level 1:colcon.colcon_core.package_identification:_identify(src) by extension 'ros'
[2.500s] Level 1:colcon.colcon_core.package_identification:_identify(src) by extensions ['cmake', 'python']
[2.500s] Level 1:colcon.colcon_core.package_identification:_identify(src) by extension 'cmake'
[2.500s] Level 1:colcon.colcon_core.package_identification:_identify(src) by extension 'python'
[2.500s] Level 1:colcon.colcon_core.package_identification:_identify(src) by extensions ['python_setup_py']
[2.500s] Level 1:colcon.colcon_core.package_identification:_identify(src) by extension 'python_setup_py'
[2.500s] Level 1:colcon.colcon_core.package_identification:_identify(src/temi) by extensions ['ignore', 'ignore_ament_install']
[2.501s] Level 1:colcon.colcon_core.package_identification:_identify(src/temi) by extension 'ignore'
[2.501s] Level 1:colcon.colcon_core.package_identification:_identify(src/temi) by extension 'ignore_ament_install'
[2.501s] Level 1:colcon.colcon_core.package_identification:_identify(src/temi) by extensions ['colcon_pkg']
[2.501s] Level 1:colcon.colcon_core.package_identification:_identify(src/temi) by extension 'colcon_pkg'
[2.501s] Level 1:colcon.colcon_core.package_identification:_identify(src/temi) by extensions ['colcon_meta']
[2.501s] Level 1:colcon.colcon_core.package_identification:_identify(src/temi) by extension 'colcon_meta'
[2.501s] Level 1:colcon.colcon_core.package_identification:_identify(src/temi) by extensions ['ros']
[2.501s] Level 1:colcon.colcon_core.package_identification:_identify(src/temi) by extension 'ros'
[2.502s] DEBUG:colcon.colcon_core.package_identification:Failed to parse potential ROS package manifest in'src/temi': Error(s) in package 'src/temi/package.xml':
The manifest contains invalid XML:
not well-formed (invalid token): line 16, column 44
[2.502s] Level 1:colcon.colcon_core.package_identification:_identify(src/temi) by extensions ['cmake', 'python']
[2.502s] Level 1:colcon.colcon_core.package_identification:_identify(src/temi) by extension 'cmake'
[2.502s] Level 1:colcon.colcon_core.package_identification:_identify(src/temi) by extension 'python'
[2.502s] DEBUG:colcon.colcon_core.package_identification:Python package in 'src/temi' passes arguments to the setup() function which requires a different identification extension than 'python'
[2.502s] Level 1:colcon.colcon_core.package_identification:_identify(src/temi) by extensions ['python_setup_py']
[2.502s] Level 1:colcon.colcon_core.package_identification:_identify(src/temi) by extension 'python_setup_py'
[3.074s] ERROR:colcon.colcon_core.package_identification:Exception in package identification extension 'python_setup_py' in 'src/temi': Command '['/usr/bin/python3', '-c', 'import sys;from contextlib import suppress;exec("with suppress(ImportError):    from setuptools.extern.packaging.specifiers    import SpecifierSet");exec("with suppress(ImportError):    from packaging.specifiers import SpecifierSet");from distutils.core import run_setup;dist = run_setup(    \'setup.py\', script_args=(\'--dry-run\',), stop_after=\'config\');skip_keys = (\'cmdclass\', \'distclass\', \'ext_modules\', \'metadata\');data = {    key: value for key, value in dist.__dict__.items()     if (        not key.startswith(\'_\') and         not callable(value) and         key not in skip_keys and         key not in dist.display_option_names    )};data[\'metadata\'] = {    k: v for k, v in dist.metadata.__dict__.items()     if k not in (\'license_files\', \'provides_extras\')};sys.stdout.buffer.write(repr(data).encode(\'utf-8\'))']' returned non-zero exit status 1.
Traceback (most recent call last):
  File "/usr/lib/python3/dist-packages/colcon_core/package_identification/__init__.py", line 142, in _identify
    retval = extension.identify(_reused_descriptor_instance)
  File "/usr/lib/python3/dist-packages/colcon_python_setup_py/package_identification/python_setup_py.py", line 48, in identify
    config = get_setup_information(setup_py)
  File "/usr/lib/python3/dist-packages/colcon_python_setup_py/package_identification/python_setup_py.py", line 241, in get_setup_information
    _setup_information_cache[hashable_env] = _get_setup_information(
  File "/usr/lib/python3/dist-packages/colcon_python_setup_py/package_identification/python_setup_py.py", line 288, in _get_setup_information
    result = subprocess.run(
  File "/usr/lib/python3.10/subprocess.py", line 524, in run
    raise CalledProcessError(retcode, process.args,
subprocess.CalledProcessError: Command '['/usr/bin/python3', '-c', 'import sys;from contextlib import suppress;exec("with suppress(ImportError):    from setuptools.extern.packaging.specifiers    import SpecifierSet");exec("with suppress(ImportError):    from packaging.specifiers import SpecifierSet");from distutils.core import run_setup;dist = run_setup(    \'setup.py\', script_args=(\'--dry-run\',), stop_after=\'config\');skip_keys = (\'cmdclass\', \'distclass\', \'ext_modules\', \'metadata\');data = {    key: value for key, value in dist.__dict__.items()     if (        not key.startswith(\'_\') and         not callable(value) and         key not in skip_keys and         key not in dist.display_option_names    )};data[\'metadata\'] = {    k: v for k, v in dist.metadata.__dict__.items()     if k not in (\'license_files\', \'provides_extras\')};sys.stdout.buffer.write(repr(data).encode(\'utf-8\'))']' returned non-zero exit status 1.

[3.074s] Level 1:colcon.colcon_core.package_identification:_identify(src/temi/resource) by extensions ['ignore', 'ignore_ament_install']
[3.075s] Level 1:colcon.colcon_core.package_identification:_identify(src/temi/resource) by extension 'ignore'
[3.075s] Level 1:colcon.colcon_core.package_identification:_identify(src/temi/resource) by extension 'ignore_ament_install'
[3.075s] Level 1:colcon.colcon_core.package_identification:_identify(src/temi/resource) by extensions ['colcon_pkg']
[3.075s] Level 1:colcon.colcon_core.package_identification:_identify(src/temi/resource) by extension 'colcon_pkg'
[3.075s] Level 1:colcon.colcon_core.package_identification:_identify(src/temi/resource) by extensions ['colcon_meta']
[3.075s] Level 1:colcon.colcon_core.package_identification:_identify(src/temi/resource) by extension 'colcon_meta'
[3.075s] Level 1:colcon.colcon_core.package_identification:_identify(src/temi/resource) by extensions ['ros']
[3.075s] Level 1:colcon.colcon_core.package_identification:_identify(src/temi/resource) by extension 'ros'
[3.075s] Level 1:colcon.colcon_core.package_identification:_identify(src/temi/resource) by extensions ['cmake', 'python']
[3.075s] Level 1:colcon.colcon_core.package_identification:_identify(src/temi/resource) by extension 'cmake'
[3.075s] Level 1:colcon.colcon_core.package_identification:_identify(src/temi/resource) by extension 'python'
[3.075s] Level 1:colcon.colcon_core.package_identification:_identify(src/temi/resource) by extensions ['python_setup_py']
[3.075s] Level 1:colcon.colcon_core.package_identification:_identify(src/temi/resource) by extension 'python_setup_py'
[3.075s] Level 1:colcon.colcon_core.package_identification:_identify(src/temi/temi) by extensions ['ignore', 'ignore_ament_install']
[3.075s] Level 1:colcon.colcon_core.package_identification:_identify(src/temi/temi) by extension 'ignore'
[3.076s] Level 1:colcon.colcon_core.package_identification:_identify(src/temi/temi) by extension 'ignore_ament_install'
[3.076s] Level 1:colcon.colcon_core.package_identification:_identify(src/temi/temi) by extensions ['colcon_pkg']
[3.076s] Level 1:colcon.colcon_core.package_identification:_identify(src/temi/temi) by extension 'colcon_pkg'
[3.076s] Level 1:colcon.colcon_core.package_identification:_identify(src/temi/temi) by extensions ['colcon_meta']
[3.076s] Level 1:colcon.colcon_core.package_identification:_identify(src/temi/temi) by extension 'colcon_meta'
[3.076s] Level 1:colcon.colcon_core.package_identification:_identify(src/temi/temi) by extensions ['ros']
[3.076s] Level 1:colcon.colcon_core.package_identification:_identify(src/temi/temi) by extension 'ros'
[3.076s] Level 1:colcon.colcon_core.package_identification:_identify(src/temi/temi) by extensions ['cmake', 'python']
[3.076s] Level 1:colcon.colcon_core.package_identification:_identify(src/temi/temi) by extension 'cmake'
[3.076s] Level 1:colcon.colcon_core.package_identification:_identify(src/temi/temi) by extension 'python'
[3.076s] Level 1:colcon.colcon_core.package_identification:_identify(src/temi/temi) by extensions ['python_setup_py']
[3.076s] Level 1:colcon.colcon_core.package_identification:_identify(src/temi/temi) by extension 'python_setup_py'
[3.076s] Level 1:colcon.colcon_core.package_identification:_identify(src/temi_msgs) by extensions ['ignore', 'ignore_ament_install']
[3.076s] Level 1:colcon.colcon_core.package_identification:_identify(src/temi_msgs) by extension 'ignore'
[3.076s] Level 1:colcon.colcon_core.package_identification:_identify(src/temi_msgs) by extension 'ignore_ament_install'
[3.076s] Level 1:colcon.colcon_core.package_identification:_identify(src/temi_msgs) by extensions ['colcon_pkg']
[3.077s] Level 1:colcon.colcon_core.package_identification:_identify(src/temi_msgs) by extension 'colcon_pkg'
[3.077s] Level 1:colcon.colcon_core.package_identification:_identify(src/temi_msgs) by extensions ['colcon_meta']
[3.077s] Level 1:colcon.colcon_core.package_identification:_identify(src/temi_msgs) by extension 'colcon_meta'
[3.077s] Level 1:colcon.colcon_core.package_identification:_identify(src/temi_msgs) by extensions ['ros']
[3.077s] Level 1:colcon.colcon_core.package_identification:_identify(src/temi_msgs) by extension 'ros'
[3.079s] DEBUG:colcon.colcon_core.package_identification:Package 'src/temi_msgs' with type 'ros.ament_cmake' and name 'temi_msgs'
[3.079s] Level 1:colcon.colcon_core.package_identification:_identify(test) by extensions ['ignore', 'ignore_ament_install']
[3.079s] Level 1:colcon.colcon_core.package_identification:_identify(test) by extension 'ignore'
[3.079s] Level 1:colcon.colcon_core.package_identification:_identify(test) by extension 'ignore_ament_install'
[3.079s] Level 1:colcon.colcon_core.package_identification:_identify(test) by extensions ['colcon_pkg']
[3.079s] Level 1:colcon.colcon_core.package_identification:_identify(test) by extension 'colcon_pkg'
[3.080s] Level 1:colcon.colcon_core.package_identification:_identify(test) by extensions ['colcon_meta']
[3.080s] Level 1:colcon.colcon_core.package_identification:_identify(test) by extension 'colcon_meta'
[3.080s] Level 1:colcon.colcon_core.package_identification:_identify(test) by extensions ['ros']
[3.080s] Level 1:colcon.colcon_core.package_identification:_identify(test) by extension 'ros'
[3.080s] Level 1:colcon.colcon_core.package_identification:_identify(test) by extensions ['cmake', 'python']
[3.080s] Level 1:colcon.colcon_core.package_identification:_identify(test) by extension 'cmake'
[3.080s] Level 1:colcon.colcon_core.package_identification:_identify(test) by extension 'python'
[3.080s] Level 1:colcon.colcon_core.package_identification:_identify(test) by extensions ['python_setup_py']
[3.080s] Level 1:colcon.colcon_core.package_identification:_identify(test) by extension 'python_setup_py'
[3.080s] Level 1:colcon.colcon_core.package_discovery:discover_packages(recursive) using defaults
[3.080s] Level 1:colcon.colcon_core.package_discovery:discover_packages(ignore) discover
[3.080s] Level 1:colcon.colcon_core.package_discovery:discover_packages(ignore) using defaults
[3.080s] Level 1:colcon.colcon_core.package_discovery:discover_packages(path) discover
[3.080s] Level 1:colcon.colcon_core.package_discovery:discover_packages(path) using defaults
[3.322s] Level 1:colcon.colcon_core.package_discovery:discover_packages(prefix_path) check parameters
[3.322s] Level 1:colcon.colcon_core.package_discovery:discover_packages(prefix_path) discover
[3.417s] DEBUG:colcon.colcon_installed_package_information.package_discovery:Found 343 installed packages in /home/khj/ros2_humble/install
[3.419s] Level 1:colcon.colcon_core.package_discovery:discover_packages(prefix_path) using defaults
[3.517s] Level 5:colcon.colcon_core.verb:set package 'temi_msgs' build argument 'cmake_args' from command line to 'None'
[3.517s] Level 5:colcon.colcon_core.verb:set package 'temi_msgs' build argument 'cmake_target' from command line to 'None'
[3.517s] Level 5:colcon.colcon_core.verb:set package 'temi_msgs' build argument 'cmake_target_skip_unavailable' from command line to 'False'
[3.517s] Level 5:colcon.colcon_core.verb:set package 'temi_msgs' build argument 'cmake_clean_cache' from command line to 'False'
[3.517s] Level 5:colcon.colcon_core.verb:set package 'temi_msgs' build argument 'cmake_clean_first' from command line to 'False'
[3.517s] Level 5:colcon.colcon_core.verb:set package 'temi_msgs' build argument 'cmake_force_configure' from command line to 'False'
[3.517s] Level 5:colcon.colcon_core.verb:set package 'temi_msgs' build argument 'ament_cmake_args' from command line to 'None'
[3.517s] Level 5:colcon.colcon_core.verb:set package 'temi_msgs' build argument 'catkin_cmake_args' from command line to 'None'
[3.517s] Level 5:colcon.colcon_core.verb:set package 'temi_msgs' build argument 'catkin_skip_building_tests' from command line to 'False'
[3.517s] DEBUG:colcon.colcon_core.verb:Building package 'temi_msgs' with the following arguments: {'ament_cmake_args': None, 'build_base': '/home/khj/Temi/build/temi_msgs', 'catkin_cmake_args': None, 'catkin_skip_building_tests': False, 'cmake_args': None, 'cmake_clean_cache': False, 'cmake_clean_first': False, 'cmake_force_configure': False, 'cmake_target': None, 'cmake_target_skip_unavailable': False, 'install_base': '/home/khj/Temi/install/temi_msgs', 'merge_install': False, 'path': '/home/khj/Temi/src/temi_msgs', 'symlink_install': False, 'test_result_base': None}
[3.552s] INFO:colcon.colcon_core.executor:Executing jobs using 'parallel' executor
[3.588s] DEBUG:colcon.colcon_parallel_executor.executor.parallel:run_until_complete
[3.589s] INFO:colcon.colcon_ros.task.ament_cmake.build:Building ROS package in '/home/khj/Temi/src/temi_msgs' with build type 'ament_cmake'
[3.589s] INFO:colcon.colcon_cmake.task.cmake.build:Building CMake package in '/home/khj/Temi/src/temi_msgs'
[3.634s] INFO:colcon.colcon_core.plugin_system:Skipping extension 'colcon_core.shell.bat': Not used on non-Windows systems
[3.634s] INFO:colcon.colcon_core.shell:Skip shell extension 'powershell' for command environment: Not usable outside of PowerShell
[3.634s] DEBUG:colcon.colcon_core.shell:Skip shell extension 'dsv' for command environment
[3.780s] DEBUG:colcon.colcon_core.event_handler.log_command:Invoking command in '/home/khj/Temi/build/temi_msgs': CMAKE_PREFIX_PATH=${CMAKE_PREFIX_PATH}:/home/khj/ros2_humble/install/rqt_bag_plugins:/home/khj/ros2_humble/install/rqt_bag:/home/khj/ros2_humble/install/ros2bag:/home/khj/ros2_humble/install/tracetools_test:/home/khj/ros2_humble/install/tracetools_launch:/home/khj/ros2_humble/install/topic_monitor:/home/khj/ros2_humble/install/tf2_tools:/home/khj/ros2_humble/install/examples_tf2_py:/home/khj/ros2_humble/install/tf2_ros_py:/home/khj/ros2_humble/install/sros2:/home/khj/ros2_humble/install/rqt_topic:/home/khj/ros2_humble/install/rqt_srv:/home/khj/ros2_humble/install/rqt_shell:/home/khj/ros2_humble/install/rqt_service_caller:/home/khj/ros2_humble/install/rqt_reconfigure:/home/khj/ros2_humble/install/rqt_py_console:/home/khj/ros2_humble/install/rqt_publisher:/home/khj/ros2_humble/install/rqt_plot:/home/khj/ros2_humble/install/rqt_action:/home/khj/ros2_humble/install/rqt_msg:/home/khj/ros2_humble/install/rqt_console:/home/khj/ros2_humble/install/rqt:/home/khj/ros2_humble/install/rqt_graph:/home/khj/ros2_humble/install/rqt_gui_py:/home/khj/ros2_humble/install/rqt_gui:/home/khj/ros2_humble/install/ros2trace:/home/khj/ros2_humble/install/ros2topic:/home/khj/ros2_humble/install/ros2test:/home/khj/ros2_humble/install/ros2component:/home/khj/ros2_humble/install/ros2param:/home/khj/ros2_humble/install/ros2lifecycle:/home/khj/ros2_humble/install/ros2service:/home/khj/ros2_humble/install/ros2run:/home/khj/ros2_humble/install/ros2launch:/home/khj/ros2_humble/install/ros2pkg:/home/khj/ros2_humble/install/ros2node:/home/khj/ros2_humble/install/ros2multicast:/home/khj/ros2_humble/install/ros2interface:/home/khj/ros2_humble/install/ros2doctor:/home/khj/ros2_humble/install/ros2action:/home/khj/ros2_humble/install/ros2cli:/home/khj/ros2_humble/install/quality_of_service_demo_py:/home/khj/ros2_humble/install/lifecycle_py:/home/khj/ros2_humble/install/launch_testing_ros:/home/khj/ros2_humble/install/launch_ros:/home/khj/ros2_humble/install/examples_rclpy_pointcloud_publisher:/home/khj/ros2_humble/install/examples_rclpy_minimal_subscriber:/home/khj/ros2_humble/install/examples_rclpy_minimal_service:/home/khj/ros2_humble/install/examples_rclpy_minimal_publisher:/home/khj/ros2_humble/install/examples_rclpy_minimal_client:/home/khj/ros2_humble/install/examples_rclpy_minimal_action_server:/home/khj/ros2_humble/install/examples_rclpy_minimal_action_client:/home/khj/ros2_humble/install/examples_rclpy_guard_conditions:/home/khj/ros2_humble/install/examples_rclpy_executors:/home/khj/ros2_humble/install/demo_nodes_py:/home/khj/ros2_humble/install/action_tutorials_py:/home/khj/ros2_humble/install/ament_uncrustify:/home/khj/ros2_humble/install/tracetools_trace:/home/khj/ros2_humble/install/tracetools_read:/home/khj/ros2_humble/install/test_tracetools_launch:/home/khj/ros2_humble/install/test_launch_ros:/home/khj/ros2_humble/install/sensor_msgs_py:/home/khj/ros2_humble/install/rpyutils:/home/khj/ros2_humble/install/rosidl_runtime_py:/home/khj/ros2_humble/install/rosidl_cli:/home/khj/ros2_humble/install/launch_pytest:/home/khj/ros2_humble/install/launch_testing:/home/khj/ros2_humble/install/launch_yaml:/home/khj/ros2_humble/install/launch_xml:/home/khj/ros2_humble/install/launch:/home/khj/ros2_humble/install/osrf_pycommon:/home/khj/ros2_humble/install/launch_testing_examples:/home/khj/ros2_humble/install/domain_coordinator:/home/khj/ros2_humble/install/ament_xmllint:/home/khj/ros2_humble/install/ament_pyflakes:/home/khj/ros2_humble/install/ament_pycodestyle:/home/khj/ros2_humble/install/ament_pep257:/home/khj/ros2_humble/install/ament_pclint:/home/khj/ros2_humble/install/ament_package:/home/khj/ros2_humble/install/ament_mypy:/home/khj/ros2_humble/install/ament_lint_cmake:/home/khj/ros2_humble/install/ament_flake8:/home/khj/ros2_humble/install/ament_copyright:/home/khj/ros2_humble/install/ament_lint:/home/khj/ros2_humble/install/ament_index_python:/home/khj/ros2_humble/install/ament_cpplint:/home/khj/ros2_humble/install/ament_cppcheck:/home/khj/ros2_humble/install/ament_clang_tidy:/home/khj/ros2_humble/install/ament_clang_format /usr/bin/cmake --build /home/khj/Temi/build/temi_msgs -- -j4 -l4
[4.674s] DEBUG:colcon.colcon_core.event_handler.log_command:Invoked command in '/home/khj/Temi/build/temi_msgs' returned '0': CMAKE_PREFIX_PATH=${CMAKE_PREFIX_PATH}:/home/khj/ros2_humble/install/rqt_bag_plugins:/home/khj/ros2_humble/install/rqt_bag:/home/khj/ros2_humble/install/ros2bag:/home/khj/ros2_humble/install/tracetools_test:/home/khj/ros2_humble/install/tracetools_launch:/home/khj/ros2_humble/install/topic_monitor:/home/khj/ros2_humble/install/tf2_tools:/home/khj/ros2_humble/install/examples_tf2_py:/home/khj/ros2_humble/install/tf2_ros_py:/home/khj/ros2_humble/install/sros2:/home/khj/ros2_humble/install/rqt_topic:/home/khj/ros2_humble/install/rqt_srv:/home/khj/ros2_humble/install/rqt_shell:/home/khj/ros2_humble/install/rqt_service_caller:/home/khj/ros2_humble/install/rqt_reconfigure:/home/khj/ros2_humble/install/rqt_py_console:/home/khj/ros2_humble/install/rqt_publisher:/home/khj/ros2_humble/install/rqt_plot:/home/khj/ros2_humble/install/rqt_action:/home/khj/ros2_humble/install/rqt_msg:/home/khj/ros2_humble/install/rqt_console:/home/khj/ros2_humble/install/rqt:/home/khj/ros2_humble/install/rqt_graph:/home/khj/ros2_humble/install/rqt_gui_py:/home/khj/ros2_humble/install/rqt_gui:/home/khj/ros2_humble/install/ros2trace:/home/khj/ros2_humble/install/ros2topic:/home/khj/ros2_humble/install/ros2test:/home/khj/ros2_humble/install/ros2component:/home/khj/ros2_humble/install/ros2param:/home/khj/ros2_humble/install/ros2lifecycle:/home/khj/ros2_humble/install/ros2service:/home/khj/ros2_humble/install/ros2run:/home/khj/ros2_humble/install/ros2launch:/home/khj/ros2_humble/install/ros2pkg:/home/khj/ros2_humble/install/ros2node:/home/khj/ros2_humble/install/ros2multicast:/home/khj/ros2_humble/install/ros2interface:/home/khj/ros2_humble/install/ros2doctor:/home/khj/ros2_humble/install/ros2action:/home/khj/ros2_humble/install/ros2cli:/home/khj/ros2_humble/install/quality_of_service_demo_py:/home/khj/ros2_humble/install/lifecycle_py:/home/khj/ros2_humble/install/launch_testing_ros:/home/khj/ros2_humble/install/launch_ros:/home/khj/ros2_humble/install/examples_rclpy_pointcloud_publisher:/home/khj/ros2_humble/install/examples_rclpy_minimal_subscriber:/home/khj/ros2_humble/install/examples_rclpy_minimal_service:/home/khj/ros2_humble/install/examples_rclpy_minimal_publisher:/home/khj/ros2_humble/install/examples_rclpy_minimal_client:/home/khj/ros2_humble/install/examples_rclpy_minimal_action_server:/home/khj/ros2_humble/install/examples_rclpy_minimal_action_client:/home/khj/ros2_humble/install/examples_rclpy_guard_conditions:/home/khj/ros2_humble/install/examples_rclpy_executors:/home/khj/ros2_humble/install/demo_nodes_py:/home/khj/ros2_humble/install/action_tutorials_py:/home/khj/ros2_humble/install/ament_uncrustify:/home/khj/ros2_humble/install/tracetools_trace:/home/khj/ros2_humble/install/tracetools_read:/home/khj/ros2_humble/install/test_tracetools_launch:/home/khj/ros2_humble/install/test_launch_ros:/home/khj/ros2_humble/install/sensor_msgs_py:/home/khj/ros2_humble/install/rpyutils:/home/khj/ros2_humble/install/rosidl_runtime_py:/home/khj/ros2_humble/install/rosidl_cli:/home/khj/ros2_humble/install/launch_pytest:/home/khj/ros2_humble/install/launch_testing:/home/khj/ros2_humble/install/launch_yaml:/home/khj/ros2_humble/install/launch_xml:/home/khj/ros2_humble/install/launch:/home/khj/ros2_humble/install/osrf_pycommon:/home/khj/ros2_humble/install/launch_testing_examples:/home/khj/ros2_humble/install/domain_coordinator:/home/khj/ros2_humble/install/ament_xmllint:/home/khj/ros2_humble/install/ament_pyflakes:/home/khj/ros2_humble/install/ament_pycodestyle:/home/khj/ros2_humble/install/ament_pep257:/home/khj/ros2_humble/install/ament_pclint:/home/khj/ros2_humble/install/ament_package:/home/khj/ros2_humble/install/ament_mypy:/home/khj/ros2_humble/install/ament_lint_cmake:/home/khj/ros2_humble/install/ament_flake8:/home/khj/ros2_humble/install/ament_copyright:/home/khj/ros2_humble/install/ament_lint:/home/khj/ros2_humble/install/ament_index_python:/home/khj/ros2_humble/install/ament_cpplint:/home/khj/ros2_humble/install/ament_cppcheck:/home/khj/ros2_humble/install/ament_clang_tidy:/home/khj/ros2_humble/install/ament_clang_format /usr/bin/cmake --build /home/khj/Temi/build/temi_msgs -- -j4 -l4
[5.013s] DEBUG:colcon.colcon_core.event_handler.log_command:Invoking command in '/home/khj/Temi/build/temi_msgs': CMAKE_PREFIX_PATH=${CMAKE_PREFIX_PATH}:/home/khj/ros2_humble/install/rqt_bag_plugins:/home/khj/ros2_humble/install/rqt_bag:/home/khj/ros2_humble/install/ros2bag:/home/khj/ros2_humble/install/tracetools_test:/home/khj/ros2_humble/install/tracetools_launch:/home/khj/ros2_humble/install/topic_monitor:/home/khj/ros2_humble/install/tf2_tools:/home/khj/ros2_humble/install/examples_tf2_py:/home/khj/ros2_humble/install/tf2_ros_py:/home/khj/ros2_humble/install/sros2:/home/khj/ros2_humble/install/rqt_topic:/home/khj/ros2_humble/install/rqt_srv:/home/khj/ros2_humble/install/rqt_shell:/home/khj/ros2_humble/install/rqt_service_caller:/home/khj/ros2_humble/install/rqt_reconfigure:/home/khj/ros2_humble/install/rqt_py_console:/home/khj/ros2_humble/install/rqt_publisher:/home/khj/ros2_humble/install/rqt_plot:/home/khj/ros2_humble/install/rqt_action:/home/khj/ros2_humble/install/rqt_msg:/home/khj/ros2_humble/install/rqt_console:/home/khj/ros2_humble/install/rqt:/home/khj/ros2_humble/install/rqt_graph:/home/khj/ros2_humble/install/rqt_gui_py:/home/khj/ros2_humble/install/rqt_gui:/home/khj/ros2_humble/install/ros2trace:/home/khj/ros2_humble/install/ros2topic:/home/khj/ros2_humble/install/ros2test:/home/khj/ros2_humble/install/ros2component:/home/khj/ros2_humble/install/ros2param:/home/khj/ros2_humble/install/ros2lifecycle:/home/khj/ros2_humble/install/ros2service:/home/khj/ros2_humble/install/ros2run:/home/khj/ros2_humble/install/ros2launch:/home/khj/ros2_humble/install/ros2pkg:/home/khj/ros2_humble/install/ros2node:/home/khj/ros2_humble/install/ros2multicast:/home/khj/ros2_humble/install/ros2interface:/home/khj/ros2_humble/install/ros2doctor:/home/khj/ros2_humble/install/ros2action:/home/khj/ros2_humble/install/ros2cli:/home/khj/ros2_humble/install/quality_of_service_demo_py:/home/khj/ros2_humble/install/lifecycle_py:/home/khj/ros2_humble/install/launch_testing_ros:/home/khj/ros2_humble/install/launch_ros:/home/khj/ros2_humble/install/examples_rclpy_pointcloud_publisher:/home/khj/ros2_humble/install/examples_rclpy_minimal_subscriber:/home/khj/ros2_humble/install/examples_rclpy_minimal_service:/home/khj/ros2_humble/install/examples_rclpy_minimal_publisher:/home/khj/ros2_humble/install/examples_rclpy_minimal_client:/home/khj/ros2_humble/install/examples_rclpy_minimal_action_server:/home/khj/ros2_humble/install/examples_rclpy_minimal_action_client:/home/khj/ros2_humble/install/examples_rclpy_guard_conditions:/home/khj/ros2_humble/install/examples_rclpy_executors:/home/khj/ros2_humble/install/demo_nodes_py:/home/khj/ros2_humble/install/action_tutorials_py:/home/khj/ros2_humble/install/ament_uncrustify:/home/khj/ros2_humble/install/tracetools_trace:/home/khj/ros2_humble/install/tracetools_read:/home/khj/ros2_humble/install/test_tracetools_launch:/home/khj/ros2_humble/install/test_launch_ros:/home/khj/ros2_humble/install/sensor_msgs_py:/home/khj/ros2_humble/install/rpyutils:/home/khj/ros2_humble/install/rosidl_runtime_py:/home/khj/ros2_humble/install/rosidl_cli:/home/khj/ros2_humble/install/launch_pytest:/home/khj/ros2_humble/install/launch_testing:/home/khj/ros2_humble/install/launch_yaml:/home/khj/ros2_humble/install/launch_xml:/home/khj/ros2_humble/install/launch:/home/khj/ros2_humble/install/osrf_pycommon:/home/khj/ros2_humble/install/launch_testing_examples:/home/khj/ros2_humble/install/domain_coordinator:/home/khj/ros2_humble/install/ament_xmllint:/home/khj/ros2_humble/install/ament_pyflakes:/home/khj/ros2_humble/install/ament_pycodestyle:/home/khj/ros2_humble/install/ament_pep257:/home/khj/ros2_humble/install/ament_pclint:/home/khj/ros2_humble/install/ament_package:/home/khj/ros2_humble/install/ament_mypy:/home/khj/ros2_humble/install/ament_lint_cmake:/home/khj/ros2_humble/install/ament_flake8:/home/khj/ros2_humble/install/ament_copyright:/home/khj/ros2_humble/install/ament_lint:/home/khj/ros2_humble/install/ament_index_python:/home/khj/ros2_humble/install/ament_cpplint:/home/khj/ros2_humble/install/ament_cppcheck:/home/khj/ros2_humble/install/ament_clang_tidy:/home/khj/ros2_humble/install/ament_clang_format /usr/bin/cmake --install /home/khj/Temi/build/temi_msgs
[5.201s] Level 1:colcon.colcon_core.environment:create_environment_scripts_only(temi_msgs)
[5.202s] DEBUG:colcon.colcon_core.event_handler.log_command:Invoked command in '/home/khj/Temi/build/temi_msgs' returned '0': CMAKE_PREFIX_PATH=${CMAKE_PREFIX_PATH}:/home/khj/ros2_humble/install/rqt_bag_plugins:/home/khj/ros2_humble/install/rqt_bag:/home/khj/ros2_humble/install/ros2bag:/home/khj/ros2_humble/install/tracetools_test:/home/khj/ros2_humble/install/tracetools_launch:/home/khj/ros2_humble/install/topic_monitor:/home/khj/ros2_humble/install/tf2_tools:/home/khj/ros2_humble/install/examples_tf2_py:/home/khj/ros2_humble/install/tf2_ros_py:/home/khj/ros2_humble/install/sros2:/home/khj/ros2_humble/install/rqt_topic:/home/khj/ros2_humble/install/rqt_srv:/home/khj/ros2_humble/install/rqt_shell:/home/khj/ros2_humble/install/rqt_service_caller:/home/khj/ros2_humble/install/rqt_reconfigure:/home/khj/ros2_humble/install/rqt_py_console:/home/khj/ros2_humble/install/rqt_publisher:/home/khj/ros2_humble/install/rqt_plot:/home/khj/ros2_humble/install/rqt_action:/home/khj/ros2_humble/install/rqt_msg:/home/khj/ros2_humble/install/rqt_console:/home/khj/ros2_humble/install/rqt:/home/khj/ros2_humble/install/rqt_graph:/home/khj/ros2_humble/install/rqt_gui_py:/home/khj/ros2_humble/install/rqt_gui:/home/khj/ros2_humble/install/ros2trace:/home/khj/ros2_humble/install/ros2topic:/home/khj/ros2_humble/install/ros2test:/home/khj/ros2_humble/install/ros2component:/home/khj/ros2_humble/install/ros2param:/home/khj/ros2_humble/install/ros2lifecycle:/home/khj/ros2_humble/install/ros2service:/home/khj/ros2_humble/install/ros2run:/home/khj/ros2_humble/install/ros2launch:/home/khj/ros2_humble/install/ros2pkg:/home/khj/ros2_humble/install/ros2node:/home/khj/ros2_humble/install/ros2multicast:/home/khj/ros2_humble/install/ros2interface:/home/khj/ros2_humble/install/ros2doctor:/home/khj/ros2_humble/install/ros2action:/home/khj/ros2_humble/install/ros2cli:/home/khj/ros2_humble/install/quality_of_service_demo_py:/home/khj/ros2_humble/install/lifecycle_py:/home/khj/ros2_humble/install/launch_testing_ros:/home/khj/ros2_humble/install/launch_ros:/home/khj/ros2_humble/install/examples_rclpy_pointcloud_publisher:/home/khj/ros2_humble/install/examples_rclpy_minimal_subscriber:/home/khj/ros2_humble/install/examples_rclpy_minimal_service:/home/khj/ros2_humble/install/examples_rclpy_minimal_publisher:/home/khj/ros2_humble/install/examples_rclpy_minimal_client:/home/khj/ros2_humble/install/examples_rclpy_minimal_action_server:/home/khj/ros2_humble/install/examples_rclpy_minimal_action_client:/home/khj/ros2_humble/install/examples_rclpy_guard_conditions:/home/khj/ros2_humble/install/examples_rclpy_executors:/home/khj/ros2_humble/install/demo_nodes_py:/home/khj/ros2_humble/install/action_tutorials_py:/home/khj/ros2_humble/install/ament_uncrustify:/home/khj/ros2_humble/install/tracetools_trace:/home/khj/ros2_humble/install/tracetools_read:/home/khj/ros2_humble/install/test_tracetools_launch:/home/khj/ros2_humble/install/test_launch_ros:/home/khj/ros2_humble/install/sensor_msgs_py:/home/khj/ros2_humble/install/rpyutils:/home/khj/ros2_humble/install/rosidl_runtime_py:/home/khj/ros2_humble/install/rosidl_cli:/home/khj/ros2_humble/install/launch_pytest:/home/khj/ros2_humble/install/launch_testing:/home/khj/ros2_humble/install/launch_yaml:/home/khj/ros2_humble/install/launch_xml:/home/khj/ros2_humble/install/launch:/home/khj/ros2_humble/install/osrf_pycommon:/home/khj/ros2_humble/install/launch_testing_examples:/home/khj/ros2_humble/install/domain_coordinator:/home/khj/ros2_humble/install/ament_xmllint:/home/khj/ros2_humble/install/ament_pyflakes:/home/khj/ros2_humble/install/ament_pycodestyle:/home/khj/ros2_humble/install/ament_pep257:/home/khj/ros2_humble/install/ament_pclint:/home/khj/ros2_humble/install/ament_package:/home/khj/ros2_humble/install/ament_mypy:/home/khj/ros2_humble/install/ament_lint_cmake:/home/khj/ros2_humble/install/ament_flake8:/home/khj/ros2_humble/install/ament_copyright:/home/khj/ros2_humble/install/ament_lint:/home/khj/ros2_humble/install/ament_index_python:/home/khj/ros2_humble/install/ament_cpplint:/home/khj/ros2_humble/install/ament_cppcheck:/home/khj/ros2_humble/install/ament_clang_tidy:/home/khj/ros2_humble/install/ament_clang_format /usr/bin/cmake --install /home/khj/Temi/build/temi_msgs
[5.247s] Level 1:colcon.colcon_core.environment:checking '/home/khj/Temi/install/temi_msgs' for CMake module files
[5.248s] Level 1:colcon.colcon_core.environment:checking '/home/khj/Temi/install/temi_msgs' for CMake config files
[5.248s] Level 1:colcon.colcon_core.shell:create_environment_hook('temi_msgs', 'cmake_prefix_path')
[5.283s] INFO:colcon.colcon_core.shell:Creating environment hook '/home/khj/Temi/install/temi_msgs/share/temi_msgs/hook/cmake_prefix_path.ps1'
[5.284s] INFO:colcon.colcon_core.shell:Creating environment descriptor '/home/khj/Temi/install/temi_msgs/share/temi_msgs/hook/cmake_prefix_path.dsv'
[5.284s] INFO:colcon.colcon_core.shell:Creating environment hook '/home/khj/Temi/install/temi_msgs/share/temi_msgs/hook/cmake_prefix_path.sh'
[5.285s] Level 1:colcon.colcon_core.environment:checking '/home/khj/Temi/install/temi_msgs/lib'
[5.285s] Level 1:colcon.colcon_core.shell:create_environment_hook('temi_msgs', 'ld_library_path_lib')
[5.323s] INFO:colcon.colcon_core.shell:Creating environment hook '/home/khj/Temi/install/temi_msgs/share/temi_msgs/hook/ld_library_path_lib.ps1'
[5.323s] INFO:colcon.colcon_core.shell:Creating environment descriptor '/home/khj/Temi/install/temi_msgs/share/temi_msgs/hook/ld_library_path_lib.dsv'
[5.323s] INFO:colcon.colcon_core.shell:Creating environment hook '/home/khj/Temi/install/temi_msgs/share/temi_msgs/hook/ld_library_path_lib.sh'
[5.324s] Level 1:colcon.colcon_core.environment:checking '/home/khj/Temi/install/temi_msgs/bin'
[5.324s] Level 1:colcon.colcon_core.environment:checking '/home/khj/Temi/install/temi_msgs/lib/pkgconfig/temi_msgs.pc'
[5.327s] Level 1:colcon.colcon_core.environment:checking '/home/khj/Temi/install/temi_msgs/lib/python3.10/site-packages'
[5.327s] Level 1:colcon.colcon_core.environment:checking '/home/khj/Temi/install/temi_msgs/bin'
[5.363s] INFO:colcon.colcon_core.shell:Creating package script '/home/khj/Temi/install/temi_msgs/share/temi_msgs/package.ps1'
[5.364s] INFO:colcon.colcon_core.shell:Creating package descriptor '/home/khj/Temi/install/temi_msgs/share/temi_msgs/package.dsv'
[5.365s] INFO:colcon.colcon_core.shell:Creating package script '/home/khj/Temi/install/temi_msgs/share/temi_msgs/package.sh'
[5.365s] INFO:colcon.colcon_core.shell:Creating package script '/home/khj/Temi/install/temi_msgs/share/temi_msgs/package.bash'
[5.366s] INFO:colcon.colcon_core.shell:Creating package script '/home/khj/Temi/install/temi_msgs/share/temi_msgs/package.zsh'
[5.367s] Level 1:colcon.colcon_core.environment:create_file_with_runtime_dependencies(/home/khj/Temi/install/temi_msgs/share/colcon-core/packages/temi_msgs)
[5.781s] Level 1:colcon.colcon_core.environment:create_environment_scripts_only(temi_msgs)
[5.819s] Level 1:colcon.colcon_core.environment:checking '/home/khj/Temi/install/temi_msgs' for CMake module files
[5.819s] Level 1:colcon.colcon_core.environment:checking '/home/khj/Temi/install/temi_msgs' for CMake config files
[5.820s] Level 1:colcon.colcon_core.shell:create_environment_hook('temi_msgs', 'cmake_prefix_path')
[5.859s] INFO:colcon.colcon_core.shell:Creating environment hook '/home/khj/Temi/install/temi_msgs/share/temi_msgs/hook/cmake_prefix_path.ps1'
[5.859s] INFO:colcon.colcon_core.shell:Creating environment descriptor '/home/khj/Temi/install/temi_msgs/share/temi_msgs/hook/cmake_prefix_path.dsv'
[5.859s] INFO:colcon.colcon_core.shell:Creating environment hook '/home/khj/Temi/install/temi_msgs/share/temi_msgs/hook/cmake_prefix_path.sh'
[5.860s] Level 1:colcon.colcon_core.environment:checking '/home/khj/Temi/install/temi_msgs/lib'
[5.860s] Level 1:colcon.colcon_core.shell:create_environment_hook('temi_msgs', 'ld_library_path_lib')
[5.896s] INFO:colcon.colcon_core.shell:Creating environment hook '/home/khj/Temi/install/temi_msgs/share/temi_msgs/hook/ld_library_path_lib.ps1'
[5.897s] INFO:colcon.colcon_core.shell:Creating environment descriptor '/home/khj/Temi/install/temi_msgs/share/temi_msgs/hook/ld_library_path_lib.dsv'
[5.897s] INFO:colcon.colcon_core.shell:Creating environment hook '/home/khj/Temi/install/temi_msgs/share/temi_msgs/hook/ld_library_path_lib.sh'
[5.897s] Level 1:colcon.colcon_core.environment:checking '/home/khj/Temi/install/temi_msgs/bin'
[5.898s] Level 1:colcon.colcon_core.environment:checking '/home/khj/Temi/install/temi_msgs/lib/pkgconfig/temi_msgs.pc'
[5.898s] Level 1:colcon.colcon_core.environment:checking '/home/khj/Temi/install/temi_msgs/lib/python3.10/site-packages'
[5.898s] Level 1:colcon.colcon_core.environment:checking '/home/khj/Temi/install/temi_msgs/bin'
[5.936s] INFO:colcon.colcon_core.shell:Creating package script '/home/khj/Temi/install/temi_msgs/share/temi_msgs/package.ps1'
[5.936s] INFO:colcon.colcon_core.shell:Creating package descriptor '/home/khj/Temi/install/temi_msgs/share/temi_msgs/package.dsv'
[5.937s] INFO:colcon.colcon_core.shell:Creating package script '/home/khj/Temi/install/temi_msgs/share/temi_msgs/package.sh'
[5.937s] INFO:colcon.colcon_core.shell:Creating package script '/home/khj/Temi/install/temi_msgs/share/temi_msgs/package.bash'
[5.938s] INFO:colcon.colcon_core.shell:Creating package script '/home/khj/Temi/install/temi_msgs/share/temi_msgs/package.zsh'
[5.938s] Level 1:colcon.colcon_core.environment:create_file_with_runtime_dependencies(/home/khj/Temi/install/temi_msgs/share/colcon-core/packages/temi_msgs)
[5.938s] DEBUG:colcon.colcon_parallel_executor.executor.parallel:closing loop
[5.939s] DEBUG:colcon.colcon_parallel_executor.executor.parallel:loop closed
[5.939s] DEBUG:colcon.colcon_parallel_executor.executor.parallel:run_until_complete finished with '0'
[5.939s] DEBUG:colcon.colcon_core.event_reactor:joining thread
[5.994s] INFO:colcon.colcon_core.plugin_system:Skipping extension 'colcon_notification.desktop_notification.terminal_notifier': Not used on non-Darwin systems
[5.994s] INFO:colcon.colcon_core.plugin_system:Skipping extension 'colcon_notification.desktop_notification.win32': Not used on non-Windows systems
[5.994s] INFO:colcon.colcon_notification.desktop_notification:Sending desktop notification using 'notify2'
[5.997s] DEBUG:colcon.colcon_core.event_reactor:joined thread
[6.073s] INFO:colcon.colcon_core.shell:Creating prefix script '/home/khj/Temi/install/local_setup.ps1'
[6.074s] INFO:colcon.colcon_core.shell:Creating prefix util module '/home/khj/Temi/install/_local_setup_util_ps1.py'
[6.075s] INFO:colcon.colcon_core.shell:Creating prefix chain script '/home/khj/Temi/install/setup.ps1'
[6.128s] INFO:colcon.colcon_core.shell:Creating prefix script '/home/khj/Temi/install/local_setup.sh'
[6.128s] INFO:colcon.colcon_core.shell:Creating prefix util module '/home/khj/Temi/install/_local_setup_util_sh.py'
[6.129s] INFO:colcon.colcon_core.shell:Creating prefix chain script '/home/khj/Temi/install/setup.sh'
[6.182s] INFO:colcon.colcon_core.shell:Creating prefix script '/home/khj/Temi/install/local_setup.bash'
[6.183s] INFO:colcon.colcon_core.shell:Creating prefix chain script '/home/khj/Temi/install/setup.bash'
[6.235s] INFO:colcon.colcon_core.shell:Creating prefix script '/home/khj/Temi/install/local_setup.zsh'
[6.236s] INFO:colcon.colcon_core.shell:Creating prefix chain script '/home/khj/Temi/install/setup.zsh'
